
===========================================================================
report_checks -unconstrained
===========================================================================
======================= Typical Corner ===================================

Startpoint: op[0] (input port clocked by clk)
Endpoint: _1079_ (rising edge-triggered flip-flop clocked by clk)
Path Group: clk
Path Type: max

Fanout     Cap    Slew   Delay    Time   Description
-----------------------------------------------------------------------------
                          0.00    0.00   clock clk (rise edge)
                          0.00    0.00   clock network delay (propagated)
                          2.00    2.00 ^ input external delay
                  0.02    0.01    2.01 ^ op[0] (in)
     1    0.00                           op[0] (net)
                  0.02    0.00    2.01 ^ input3/A (sky130_fd_sc_hd__buf_4)
                  0.11    0.16    2.17 ^ input3/X (sky130_fd_sc_hd__buf_4)
     8    0.04                           net3 (net)
                  0.11    0.00    2.17 ^ _0587_/A (sky130_fd_sc_hd__inv_4)
                  0.04    0.05    2.22 v _0587_/Y (sky130_fd_sc_hd__inv_4)
     3    0.01                           _0086_ (net)
                  0.04    0.00    2.22 v _0588_/B (sky130_fd_sc_hd__nor2_4)
                  0.18    0.16    2.39 ^ _0588_/Y (sky130_fd_sc_hd__nor2_4)
     8    0.02                           _0087_ (net)
                  0.18    0.00    2.39 ^ _0619_/A (sky130_fd_sc_hd__nand2_4)
                  0.10    0.12    2.51 v _0619_/Y (sky130_fd_sc_hd__nand2_4)
     9    0.03                           _0117_ (net)
                  0.10    0.00    2.51 v _0620_/A2 (sky130_fd_sc_hd__o21ai_1)
                  0.21    0.23    2.74 ^ _0620_/Y (sky130_fd_sc_hd__o21ai_1)
     3    0.01                           _0118_ (net)
                  0.21    0.00    2.74 ^ _0641_/A1 (sky130_fd_sc_hd__o21ai_1)
                  0.10    0.15    2.88 v _0641_/Y (sky130_fd_sc_hd__o21ai_1)
     2    0.01                           _0138_ (net)
                  0.10    0.00    2.88 v _0708_/A (sky130_fd_sc_hd__nand2_1)
                  0.05    0.08    2.97 ^ _0708_/Y (sky130_fd_sc_hd__nand2_1)
     1    0.00                           _0203_ (net)
                  0.05    0.00    2.97 ^ _0710_/A (sky130_fd_sc_hd__nand2_1)
                  0.10    0.10    3.07 v _0710_/Y (sky130_fd_sc_hd__nand2_1)
     4    0.01                           _0205_ (net)
                  0.10    0.00    3.07 v _0806_/A (sky130_fd_sc_hd__nand2_1)
                  0.08    0.11    3.18 ^ _0806_/Y (sky130_fd_sc_hd__nand2_1)
     2    0.01                           _0297_ (net)
                  0.08    0.00    3.18 ^ _0814_/A (sky130_fd_sc_hd__nand2_1)
                  0.07    0.08    3.25 v _0814_/Y (sky130_fd_sc_hd__nand2_1)
     3    0.01                           _0305_ (net)
                  0.07    0.00    3.25 v _0940_/A (sky130_fd_sc_hd__nand2_1)
                  0.05    0.07    3.33 ^ _0940_/Y (sky130_fd_sc_hd__nand2_1)
     1    0.00                           _0427_ (net)
                  0.05    0.00    3.33 ^ _0943_/A (sky130_fd_sc_hd__nand2_1)
                  0.08    0.08    3.41 v _0943_/Y (sky130_fd_sc_hd__nand2_1)
     3    0.01                           _0430_ (net)
                  0.08    0.00    3.41 v _0945_/A (sky130_fd_sc_hd__nand2_1)
                  0.07    0.09    3.51 ^ _0945_/Y (sky130_fd_sc_hd__nand2_1)
     2    0.01                           _0432_ (net)
                  0.07    0.00    3.51 ^ _0968_/A (sky130_fd_sc_hd__nand2_1)
                  0.05    0.07    3.58 v _0968_/Y (sky130_fd_sc_hd__nand2_1)
     2    0.01                           _0454_ (net)
                  0.05    0.00    3.58 v _0969_/B (sky130_fd_sc_hd__or2_1)
                  0.05    0.22    3.79 v _0969_/X (sky130_fd_sc_hd__or2_1)
     1    0.00                           _0455_ (net)
                  0.05    0.00    3.79 v _0971_/A (sky130_fd_sc_hd__nand3_1)
                  0.07    0.08    3.87 ^ _0971_/Y (sky130_fd_sc_hd__nand3_1)
     1    0.00                           _0457_ (net)
                  0.07    0.00    3.87 ^ _0973_/B (sky130_fd_sc_hd__nand3_1)
                  0.07    0.09    3.97 v _0973_/Y (sky130_fd_sc_hd__nand3_1)
     1    0.00                           _0459_ (net)
                  0.07    0.00    3.97 v _0974_/A (sky130_fd_sc_hd__nand2_1)
                  0.04    0.07    4.03 ^ _0974_/Y (sky130_fd_sc_hd__nand2_1)
     1    0.00                           _0460_ (net)
                  0.04    0.00    4.03 ^ _0976_/A (sky130_fd_sc_hd__nand2_1)
                  0.03    0.05    4.08 v _0976_/Y (sky130_fd_sc_hd__nand2_1)
     1    0.00                           _0045_ (net)
                  0.03    0.00    4.08 v _1079_/D (sky130_fd_sc_hd__dfxtp_1)
                                  4.08   data arrival time

                         10.00   10.00   clock clk (rise edge)
                          0.00   10.00   clock source latency
                  0.04    0.03   10.03 ^ clk (in)
     1    0.01                           clk (net)
                  0.04    0.00   10.03 ^ clkbuf_0_clk/A (sky130_fd_sc_hd__clkbuf_16)
                  0.05    0.13   10.15 ^ clkbuf_0_clk/X (sky130_fd_sc_hd__clkbuf_16)
     4    0.03                           clknet_0_clk (net)
                  0.05    0.00   10.15 ^ clkbuf_2_3__f_clk/A (sky130_fd_sc_hd__clkbuf_16)
                  0.06    0.14   10.29 ^ clkbuf_2_3__f_clk/X (sky130_fd_sc_hd__clkbuf_16)
    15    0.04                           clknet_2_3__leaf_clk (net)
                  0.06    0.00   10.30 ^ _1079_/CLK (sky130_fd_sc_hd__dfxtp_1)
                         -0.25   10.05   clock uncertainty
                          0.00   10.05   clock reconvergence pessimism
                         -0.10    9.94   library setup time
                                  9.94   data required time
-----------------------------------------------------------------------------
                                  9.94   data required time
                                 -4.08   data arrival time
-----------------------------------------------------------------------------
                                  5.87   slack (MET)




===========================================================================
report_checks --slack_max -0.01
============================================================================
======================= Typical Corner ===================================

No paths found.


===========================================================================
 report_check_types -max_slew -max_cap -max_fanout -violators
============================================================================
======================= Typical Corner ===================================

max fanout

Pin                                   Limit Fanout  Slack
---------------------------------------------------------
clkbuf_2_3__f_clk/X                      10     15     -5 (VIOLATED)
clkbuf_2_1__f_clk/X                      10     13     -3 (VIOLATED)



===========================================================================
report_parasitic_annotation -report_unannotated
============================================================================
Found 613 unannotated drivers.
 clk
 data_in
 en_in
 op[0]
 op[1]
 op[2]
 _0517_/X
 _0518_/X
 _0519_/X
 _0520_/X
 _0521_/X
 _0522_/X
 _0523_/X
 _0524_/X
 _0525_/X
 _0526_/X
 _0527_/X
 _0528_/X
 _0529_/X
 _0530_/X
 _0531_/X
 _0532_/X
 _0533_/X
 _0534_/X
 _0535_/X
 _0536_/X
 _0537_/X
 _0538_/X
 _0539_/X
 _0540_/X
 _0541_/X
 _0542_/X
 _0543_/X
 _0544_/X
 _0545_/X
 _0546_/X
 _0547_/X
 _0548_/X
 _0549_/X
 _0550_/X
 _0551_/X
 _0552_/X
 _0553_/X
 _0554_/X
 _0555_/X
 _0556_/X
 _0557_/X
 _0558_/X
 _0559_/X
 _0560_/X
 _0561_/X
 _0562_/X
 _0563_/X
 _0564_/X
 _0565_/X
 _0566_/X
 _0567_/X
 _0568_/X
 _0569_/X
 _0570_/X
 _0571_/X
 _0572_/X
 _0573_/X
 _0574_/X
 _0575_/X
 _0576_/X
 _0577_/X
 _0578_/X
 _0579_/X
 _0580_/X
 _0581_/X
 _0582_/X
 _0583_/X
 _0584_/X
 _0585_/X
 _0586_/Y
 _0587_/Y
 _0588_/Y
 _0589_/Y
 _0590_/X
 _0591_/Y
 _0592_/Y
 _0593_/Y
 _0594_/Y
 _0595_/X
 _0596_/Y
 _0597_/X
 _0598_/Y
 _0599_/X
 _0600_/Y
 _0601_/X
 _0602_/X
 _0603_/Y
 _0604_/Y
 _0605_/Y
 _0606_/Y
 _0607_/X
 _0608_/Y
 _0609_/Y
 _0610_/Y
 _0611_/Y
 _0612_/X
 _0613_/X
 _0614_/X
 _0615_/X
 _0616_/Y
 _0617_/Y
 _0618_/X
 _0619_/Y
 _0620_/Y
 _0621_/Y
 _0622_/Y
 _0623_/Y
 _0624_/Y
 _0625_/X
 _0626_/X
 _0627_/Y
 _0628_/Y
 _0629_/X
 _0630_/X
 _0631_/X
 _0632_/X
 _0633_/Y
 _0634_/Y
 _0635_/Y
 _0636_/Y
 _0637_/Y
 _0638_/Y
 _0639_/Y
 _0640_/Y
 _0641_/Y
 _0642_/Y
 _0643_/Y
 _0644_/X
 _0645_/X
 _0646_/Y
 _0647_/Y
 _0648_/Y
 _0649_/X
 _0650_/Y
 _0651_/Y
 _0652_/Y
 _0653_/Y
 _0654_/X
 _0655_/Y
 _0656_/X
 _0657_/X
 _0658_/Y
 _0659_/Y
 _0660_/Y
 _0661_/Y
 _0662_/Y
 _0663_/Y
 _0664_/Y
 _0665_/Y
 _0666_/Y
 _0667_/Y
 _0668_/X
 _0669_/Y
 _0670_/Y
 _0671_/Y
 _0672_/Y
 _0673_/Y
 _0674_/Y
 _0675_/Y
 _0676_/Y
 _0677_/X
 _0678_/Y
 _0679_/X
 _0680_/X
 _0681_/Y
 _0682_/X
 _0683_/X
 _0684_/Y
 _0685_/Y
 _0686_/Y
 _0687_/Y
 _0688_/Y
 _0689_/Y
 _0690_/Y
 _0691_/Y
 _0692_/Y
 _0693_/Y
 _0694_/Y
 _0695_/X
 _0696_/Y
 _0697_/X
 _0698_/X
 _0699_/Y
 _0700_/X
 _0701_/Y
 _0702_/Y
 _0703_/Y
 _0704_/Y
 _0705_/Y
 _0706_/Y
 _0707_/Y
 _0708_/Y
 _0709_/Y
 _0710_/Y
 _0711_/X
 _0712_/X
 _0713_/Y
 _0714_/X
 _0715_/X
 _0716_/Y
 _0717_/X
 _0718_/Y
 _0719_/X
 _0720_/Y
 _0721_/Y
 _0722_/Y
 _0723_/Y
 _0724_/Y
 _0725_/Y
 _0726_/Y
 _0727_/Y
 _0728_/Y
 _0729_/Y
 _0730_/X
 _0731_/Y
 _0732_/Y
 _0733_/Y
 _0734_/Y
 _0735_/Y
 _0736_/Y
 _0737_/Y
 _0738_/X
 _0739_/X
 _0740_/X
 _0741_/Y
 _0742_/Y
 _0743_/Y
 _0744_/Y
 _0745_/Y
 _0746_/Y
 _0747_/Y
 _0748_/Y
 _0749_/Y
 _0750_/Y
 _0751_/Y
 _0752_/X
 _0753_/X
 _0754_/Y
 _0755_/Y
 _0756_/X
 _0757_/Y
 _0758_/Y
 _0759_/Y
 _0760_/Y
 _0761_/Y
 _0762_/Y
 _0763_/Y
 _0764_/Y
 _0765_/Y
 _0766_/Y
 _0767_/Y
 _0768_/Y
 _0769_/Y
 _0770_/Y
 _0771_/Y
 _0772_/X
 _0773_/Y
 _0774_/Y
 _0775_/X
 _0776_/X
 _0777_/Y
 _0778_/Y
 _0779_/Y
 _0780_/Y
 _0781_/Y
 _0782_/Y
 _0783_/Y
 _0784_/Y
 _0785_/X
 _0786_/Y
 _0787_/X
 _0788_/X
 _0789_/Y
 _0790_/Y
 _0791_/Y
 _0792_/Y
 _0793_/Y
 _0794_/Y
 _0795_/Y
 _0796_/Y
 _0797_/X
 _0798_/Y
 _0799_/Y
 _0800_/Y
 _0801_/Y
 _0802_/Y
 _0803_/Y
 _0804_/Y
 _0805_/Y
 _0806_/Y
 _0807_/Y
 _0808_/Y
 _0809_/Y
 _0810_/Y
 _0811_/X
 _0812_/Y
 _0813_/Y
 _0814_/Y
 _0815_/Y
 _0816_/Y
 _0817_/X
 _0818_/Y
 _0819_/Y
 _0820_/Y
 _0821_/X
 _0822_/Y
 _0823_/Y
 _0824_/Y
 _0825_/X
 _0826_/Y
 _0827_/Y
 _0828_/Y
 _0829_/Y
 _0830_/Y
 _0831_/X
 _0832_/Y
 _0833_/X
 _0834_/Y
 _0835_/Y
 _0836_/X
 _0837_/X
 _0838_/Y
 _0839_/Y
 _0840_/Y
 _0841_/Y
 _0842_/X
 _0843_/Y
 _0844_/Y
 _0845_/X
 _0846_/Y
 _0847_/Y
 _0848_/X
 _0849_/Y
 _0850_/Y
 _0851_/Y
 _0852_/Y
 _0853_/Y
 _0854_/Y
 _0855_/X
 _0856_/Y
 _0857_/Y
 _0858_/Y
 _0859_/Y
 _0860_/X
 _0861_/Y
 _0862_/Y
 _0863_/Y
 _0864_/Y
 _0865_/X
 _0866_/Y
 _0867_/Y
 _0868_/X
 _0869_/Y
 _0870_/Y
 _0871_/Y
 _0872_/Y
 _0873_/X
 _0874_/Y
 _0875_/X
 _0876_/Y
 _0877_/Y
 _0878_/Y
 _0879_/Y
 _0880_/Y
 _0881_/Y
 _0882_/Y
 _0883_/Y
 _0884_/X
 _0885_/Y
 _0886_/Y
 _0887_/Y
 _0888_/X
 _0889_/X
 _0890_/Y
 _0891_/Y
 _0892_/Y
 _0893_/Y
 _0894_/X
 _0895_/Y
 _0896_/Y
 _0897_/Y
 _0898_/Y
 _0899_/X
 _0900_/X
 _0901_/X
 _0902_/Y
 _0903_/X
 _0904_/Y
 _0905_/Y
 _0906_/Y
 _0907_/Y
 _0908_/X
 _0909_/Y
 _0910_/Y
 _0911_/Y
 _0912_/Y
 _0913_/Y
 _0914_/Y
 _0915_/Y
 _0916_/X
 _0917_/Y
 _0918_/Y
 _0919_/Y
 _0920_/Y
 _0921_/X
 _0922_/Y
 _0923_/Y
 _0924_/X
 _0925_/Y
 _0926_/Y
 _0927_/X
 _0928_/Y
 _0929_/Y
 _0930_/Y
 _0931_/Y
 _0932_/X
 _0933_/Y
 _0934_/X
 _0935_/Y
 _0936_/Y
 _0937_/Y
 _0938_/Y
 _0939_/X
 _0940_/Y
 _0941_/Y
 _0942_/Y
 _0943_/Y
 _0944_/X
 _0945_/Y
 _0946_/Y
 _0947_/Y
 _0948_/X
 _0949_/X
 _0950_/Y
 _0951_/Y
 _0952_/Y
 _0953_/Y
 _0954_/Y
 _0955_/Y
 _0956_/Y
 _0957_/Y
 _0958_/X
 _0959_/Y
 _0960_/X
 _0961_/X
 _0962_/Y
 _0963_/Y
 _0964_/X
 _0965_/Y
 _0966_/Y
 _0967_/Y
 _0968_/Y
 _0969_/X
 _0970_/Y
 _0971_/Y
 _0972_/Y
 _0973_/Y
 _0974_/Y
 _0975_/Y
 _0976_/Y
 _0977_/Y
 _0978_/Y
 _0979_/Y
 _0980_/Y
 _0981_/Y
 _0982_/Y
 _0983_/Y
 _0984_/Y
 _0985_/Y
 _0986_/Y
 _0987_/Y
 _0988_/X
 _0989_/Y
 _0990_/Y
 _0991_/X
 _0992_/Y
 _0993_/Y
 _0994_/Y
 _0995_/X
 _0996_/Y
 _0997_/X
 _0998_/Y
 _0999_/Y
 _1000_/X
 _1001_/Y
 _1002_/X
 _1003_/Y
 _1004_/Y
 _1005_/Y
 _1006_/Y
 _1007_/Y
 _1008_/Y
 _1009_/Y
 _1010_/Y
 _1011_/Y
 _1012_/Y
 _1013_/X
 _1014_/Y
 _1015_/Y
 _1016_/Y
 _1017_/Y
 _1018_/X
 _1019_/Y
 _1020_/Y
 _1021_/X
 _1022_/Y
 _1023_/X
 _1024_/Y
 _1025_/Y
 _1026_/Y
 _1027_/Y
 _1028_/Y
 _1029_/Y
 _1030_/Y
 _1031_/Y
 _1032_/Y
 _1033_/Y
 _1034_/Q
 _1035_/Q
 _1036_/Q
 _1037_/Q
 _1038_/Q
 _1039_/Q
 _1040_/Q
 _1041_/Q
 _1042_/Q
 _1043_/Q
 _1044_/Q
 _1045_/Q
 _1046_/Q
 _1047_/Q
 _1048_/Q
 _1049_/Q
 _1050_/Q
 _1051_/Q
 _1052_/Q
 _1053_/Q
 _1054_/Q
 _1055_/Q
 _1056_/Q
 _1057_/Q
 _1058_/Q
 _1059_/Q
 _1060_/Q
 _1061_/Q
 _1062_/Q
 _1063_/Q
 _1064_/Q
 _1065_/Q
 _1066_/Q
 _1067_/Q
 _1068_/Q
 _1069_/Q
 _1070_/Q
 _1071_/Q
 _1072_/Q
 _1073_/Q
 _1074_/Q
 _1075_/Q
 _1076_/Q
 _1077_/Q
 _1078_/Q
 _1079_/Q
 _1080_/Q
 _1081_/Q
 clkbuf_0_clk/X
 clkbuf_2_0__f_clk/X
 clkbuf_2_1__f_clk/X
 clkbuf_2_2__f_clk/X
 clkbuf_2_3__f_clk/X
 hold1/X
 hold10/X
 hold11/X
 hold12/X
 hold13/X
 hold14/X
 hold15/X
 hold16/X
 hold2/X
 hold3/X
 hold4/X
 hold5/X
 hold6/X
 hold7/X
 hold8/X
 hold9/X
 input1/X
 input2/X
 input3/X
 input4/X
 input5/X
 output10/X
 output11/X
 output12/X
 output13/X
 output14/X
 output15/X
 output16/X
 output17/X
 output18/X
 output19/X
 output20/X
 output21/X
 output6/X
 output7/X
 output8/X
 output9/X
Found 0 partially unannotated drivers.

===========================================================================
max slew violation count 0
max fanout violation count 2
max cap violation count 0
============================================================================

===========================================================================
check_setup -verbose -unconstrained_endpoints -multiple_clock -no_clock -no_input_delay -loops -generated_clocks
===========================================================================
