Default cvcrc in default.cvcrc
CVC: Circuit Validation Check  Version 1.1.4
CVC: Log output to /ula2_test/ula/runs/RUN_2023.09.22_01.54.40/reports/signoff/ula.rpt
CVC: Error output to /ula2_test/ula/runs/RUN_2023.09.22_01.54.40/reports/signoff/ula.rpt.error.gz
CVC: Debug output to /ula2_test/ula/runs/RUN_2023.09.22_01.54.40/reports/signoff/ula.rpt.debug.gz
CVC: Start: Fri Sep 22 01:57:22 2023

Using the following parameters for CVC (Circuit Validation Check) from /home/bignixon/unic-cass/pdks/sky130A/libs.tech/openlane/cvc/cvcrc
CVC_TOP = 'ula'
CVC_NETLIST = '/ula2_test/ula/runs/RUN_2023.09.22_01.54.40/tmp/signoff/ula.cdl'
CVC_MODE = 'ula'
CVC_MODEL_FILE = '/home/bignixon/unic-cass/pdks/sky130A/libs.tech/openlane/cvc/models'
CVC_POWER_FILE = '/ula2_test/ula/runs/RUN_2023.09.22_01.54.40/tmp/signoff/ula.power'
CVC_FUSE_FILE = ''
CVC_REPORT_FILE = '/ula2_test/ula/runs/RUN_2023.09.22_01.54.40/reports/signoff/ula.rpt'
CVC_REPORT_TITLE = 'CVC $CVC_TOP'
CVC_CIRCUIT_ERROR_LIMIT = '100'
CVC_SEARCH_LIMIT = '100'
CVC_LEAK_LIMIT = '0.0002'
CVC_SOI = 'false'
CVC_SCRC = 'false'
CVC_VTH_GATES = 'false'
CVC_MIN_VTH_GATES = 'false'
CVC_IGNORE_VTH_FLOATING = 'false'
CVC_IGNORE_NO_LEAK_FLOATING = 'false'
CVC_LEAK_OVERVOLTAGE = 'true'
CVC_LOGIC_DIODES = 'false'
CVC_ANALOG_GATES = 'true'
CVC_BACKUP_RESULTS = 'false'
CVC_MOS_DIODE_ERROR_THRESHOLD = '0'
CVC_SHORT_ERROR_THRESHOLD = '0'
CVC_BIAS_ERROR_THRESHOLD = '0'
CVC_FORWARD_ERROR_THRESHOLD = '0'
CVC_FLOATING_ERROR_THRESHOLD = '0'
CVC_GATE_ERROR_THRESHOLD = '0'
CVC_LEAK?_ERROR_THRESHOLD = '0'
CVC_EXPECTED_ERROR_THRESHOLD = '0'
CVC_OVERVOLTAGE_ERROR_THRESHOLD = '0'
CVC_PARALLEL_CIRCUIT_PORT_LIMIT = '0'
CVC_CELL_ERROR_LIMIT_FILE = ''
CVC_CELL_CHECKSUM_FILE = ''
CVC_LARGE_CIRCUIT_SIZE = '10000000'
CVC_NET_CHECK_FILE = ''
CVC_MODEL_CHECK_FILE = ''
End of parameters

CVC: Reading device model settings...
CVC: Reading power settings...
CVC: Parsing netlist /ula2_test/ula/runs/RUN_2023.09.22_01.54.40/tmp/signoff/ula.cdl

Cdl fixed data size 40080
Usage CDL: Time: 0  Memory: 14508  I/O: 4336  Swap: 0
CVC: Counting and linking...
Fatal error:could not find subcircuit: XFILLER_0_3_39(sky130_ef_sc_hd__decap_12) in ula

