Fri Sep 22 01:54:40 UTC 2023 - Executing "openroad -exit -no_init -python /openlane/scripts/odbpy/lefutil.py get_metal_layers -o /ula2_test/ula/runs/RUN_2023.09.22_01.54.40/tmp/layers.list /home/bignixon/unic-cass/pdks/sky130A/libs.ref/sky130_fd_sc_hd/techlef/sky130_fd_sc_hd__nom.tlef"

Fri Sep 22 01:54:41 UTC 2023 - Executing "/openlane/scripts/mergeLef.py -o /ula2_test/ula/runs/RUN_2023.09.22_01.54.40/tmp/merged.nom.lef -i /home/bignixon/unic-cass/pdks/sky130A/libs.ref/sky130_fd_sc_hd/techlef/sky130_fd_sc_hd__nom.tlef {/home/bignixon/unic-cass/pdks/sky130A/libs.ref/sky130_fd_sc_hd/lef/sky130_ef_sc_hd.lef /home/bignixon/unic-cass/pdks/sky130A/libs.ref/sky130_fd_sc_hd/lef/sky130_fd_sc_hd.lef} |& tee /dev/null"

Fri Sep 22 01:54:41 UTC 2023 - Executing "/openlane/scripts/mergeLef.py -o /ula2_test/ula/runs/RUN_2023.09.22_01.54.40/tmp/merged.min.lef -i /home/bignixon/unic-cass/pdks/sky130A/libs.ref/sky130_fd_sc_hd/techlef/sky130_fd_sc_hd__min.tlef {/home/bignixon/unic-cass/pdks/sky130A/libs.ref/sky130_fd_sc_hd/lef/sky130_ef_sc_hd.lef /home/bignixon/unic-cass/pdks/sky130A/libs.ref/sky130_fd_sc_hd/lef/sky130_fd_sc_hd.lef} |& tee /dev/null"

Fri Sep 22 01:54:41 UTC 2023 - Executing "/openlane/scripts/mergeLef.py -o /ula2_test/ula/runs/RUN_2023.09.22_01.54.40/tmp/merged.max.lef -i /home/bignixon/unic-cass/pdks/sky130A/libs.ref/sky130_fd_sc_hd/techlef/sky130_fd_sc_hd__max.tlef {/home/bignixon/unic-cass/pdks/sky130A/libs.ref/sky130_fd_sc_hd/lef/sky130_ef_sc_hd.lef /home/bignixon/unic-cass/pdks/sky130A/libs.ref/sky130_fd_sc_hd/lef/sky130_fd_sc_hd.lef} |& tee /dev/null"

Fri Sep 22 01:54:41 UTC 2023 - Executing "python3 /openlane/scripts/mergeLib.py --output /ula2_test/ula/runs/RUN_2023.09.22_01.54.40/tmp/synthesis/merged.lib --name sky130A_merged /home/bignixon/unic-cass/pdks/sky130A/libs.ref/sky130_fd_sc_hd/lib/sky130_fd_sc_hd__tt_025C_1v80.lib"

Fri Sep 22 01:54:41 UTC 2023 - Executing "python3 /openlane/scripts/libtrim.py --cell-file /ula2_test/ula/runs/RUN_2023.09.22_01.54.40/tmp/synthesis/trimmed.lib.exclude.list --output /ula2_test/ula/runs/RUN_2023.09.22_01.54.40/tmp/synthesis/trimmed.lib /ula2_test/ula/runs/RUN_2023.09.22_01.54.40/tmp/synthesis/merged.lib"

Fri Sep 22 01:54:42 UTC 2023 - Executing "python3 /openlane/scripts/libtrim.py --cell-file /ula2_test/ula/runs/RUN_2023.09.22_01.54.40/tmp/cts/cts.lib.exclude.list --output /ula2_test/ula/runs/RUN_2023.09.22_01.54.40/tmp/cts/cts.lib /home/bignixon/unic-cass/pdks/sky130A/libs.ref/sky130_fd_sc_hd/lib/sky130_fd_sc_hd__tt_025C_1v80.lib"

Fri Sep 22 01:54:42 UTC 2023 - Executing "python3 /openlane/scripts/libtrim.py --cell-file /ula2_test/ula/runs/RUN_2023.09.22_01.54.40/tmp/cts/cts-fastest.lib.exclude.list --output /ula2_test/ula/runs/RUN_2023.09.22_01.54.40/tmp/cts/cts-fastest.lib /home/bignixon/unic-cass/pdks/sky130A/libs.ref/sky130_fd_sc_hd/lib/sky130_fd_sc_hd__ff_n40C_1v95.lib"

Fri Sep 22 01:54:44 UTC 2023 - Executing "python3 /openlane/scripts/libtrim.py --cell-file /ula2_test/ula/runs/RUN_2023.09.22_01.54.40/tmp/cts/cts-slowest.lib.exclude.list --output /ula2_test/ula/runs/RUN_2023.09.22_01.54.40/tmp/cts/cts-slowest.lib /home/bignixon/unic-cass/pdks/sky130A/libs.ref/sky130_fd_sc_hd/lib/sky130_fd_sc_hd__ss_100C_1v60.lib"

Fri Sep 22 01:54:44 UTC 2023 - Executing "python3 /openlane/scripts/new_tracks.py -i /home/bignixon/unic-cass/pdks/sky130A/libs.tech/openlane/sky130_fd_sc_hd/tracks.info -o /ula2_test/ula/runs/RUN_2023.09.22_01.54.40/tmp/routing/config.tracks"

Fri Sep 22 01:54:44 UTC 2023 - Executing "echo {OpenLane c43cd3cbae768e3da1db512591112c7d509dbe2a} > /ula2_test/ula/runs/RUN_2023.09.22_01.54.40/OPENLANE_VERSION"

Fri Sep 22 01:54:44 UTC 2023 - Executing "bash -c {verilator  --lint-only  -Wall  --Wno-DECLFILENAME  --top-module ula  /ula2_test/ula/src/ula.v -Wno-fatal --relative-includes |& tee /ula2_test/ula/runs/RUN_2023.09.22_01.54.40/logs/synthesis/linter.log /dev/null}"

Fri Sep 22 01:54:44 UTC 2023 - Executing "sed -E {s/^([[:space:]]+)pg_pin(.*)/\1pin\2\n\1    direction : "inout";/g} /home/bignixon/unic-cass/pdks/sky130A/libs.ref/sky130_fd_sc_hd/lib/sky130_fd_sc_hd__tt_025C_1v80.lib > /ula2_test/ula/runs/RUN_2023.09.22_01.54.40/tmp/synthesis/1-sky130_fd_sc_hd__tt_025C_1v80.no_pg.lib"

Fri Sep 22 01:54:45 UTC 2023 - Executing "sed -E {s/^([[:space:]]+)pg_pin(.*)/\1pin\2\n\1    direction : "inout";/g} /ula2_test/ula/runs/RUN_2023.09.22_01.54.40/tmp/synthesis/trimmed.lib > /ula2_test/ula/runs/RUN_2023.09.22_01.54.40/tmp/synthesis/1-trimmed.no_pg.lib"

Fri Sep 22 01:54:45 UTC 2023 - Executing "yosys -c /openlane/scripts/yosys/synth.tcl |& tee /dev/null /ula2_test/ula/runs/RUN_2023.09.22_01.54.40/logs/synthesis/1-synthesis.log"

Fri Sep 22 01:54:46 UTC 2023 - Executing "sed -i.bak -e {s/\(set ::env(CURRENT_NETLIST)\).*/\1 \/ula2_test\/ula\/runs\/RUN_2023.09.22_01.54.40\/results\/synthesis\/ula.v/} /ula2_test/ula/runs/RUN_2023.09.22_01.54.40/config.tcl"

Fri Sep 22 01:54:46 UTC 2023 - Executing "sed -i.bak /defparam/d /ula2_test/ula/runs/RUN_2023.09.22_01.54.40/results/synthesis/ula.v"

Fri Sep 22 01:54:46 UTC 2023 - Executing "sta -exit -no_init /openlane/scripts/openroad/sta/multi_corner.tcl |& tee /dev/null /ula2_test/ula/runs/RUN_2023.09.22_01.54.40/logs/synthesis/2-sta.log"

Fri Sep 22 01:54:48 UTC 2023 - Executing "openroad -exit /openlane/scripts/openroad/floorplan.tcl |& tee /dev/null /ula2_test/ula/runs/RUN_2023.09.22_01.54.40/logs/floorplan/3-initial_fp.log"

Fri Sep 22 01:54:48 UTC 2023 - Executing "openroad -exit -no_init -python /openlane/scripts/odbpy/snap_to_grid.py --output /ula2_test/ula/runs/RUN_2023.09.22_01.54.40/tmp/floorplan/3-minimized_pdn.txt --input-lef /ula2_test/ula/runs/RUN_2023.09.22_01.54.40/tmp/merged.nom.lef 12.9375 12.92 25.875 25.84"

Fri Sep 22 01:54:49 UTC 2023 - Executing "openroad -exit -no_init -python /openlane/scripts/odbpy/defutil.py extract_core_dims --output-data /ula2_test/ula/runs/RUN_2023.09.22_01.54.40/tmp/dimensions.txt --input-lef /ula2_test/ula/runs/RUN_2023.09.22_01.54.40/tmp/merged.nom.lef /ula2_test/ula/runs/RUN_2023.09.22_01.54.40/tmp/floorplan/3-initial_fp.def"

Fri Sep 22 01:54:49 UTC 2023 - Executing "openroad -exit -no_init -python /openlane/scripts/odbpy/io_place.py --config /ula2_test/ula/pin_order.cfg --hor-layer met3 --ver-layer met2 --ver-width-mult 2 --hor-width-mult 2 --hor-extension 0 --ver-extension 0 --length 4 --unmatched-error --input-lef /ula2_test/ula/runs/RUN_2023.09.22_01.54.40/tmp/merged.nom.lef --output-def /ula2_test/ula/runs/RUN_2023.09.22_01.54.40/tmp/floorplan/4-io.def --output /ula2_test/ula/runs/RUN_2023.09.22_01.54.40/tmp/floorplan/4-io.odb /ula2_test/ula/runs/RUN_2023.09.22_01.54.40/tmp/floorplan/3-initial_fp.odb |& tee /dev/null /ula2_test/ula/runs/RUN_2023.09.22_01.54.40/logs/floorplan/4-place_io.log"

Fri Sep 22 01:54:49 UTC 2023 - Executing "openroad -exit /openlane/scripts/openroad/tapcell.tcl |& tee /dev/null /ula2_test/ula/runs/RUN_2023.09.22_01.54.40/logs/floorplan/5-tap.log"

Fri Sep 22 01:54:50 UTC 2023 - Executing "openroad -exit /openlane/scripts/openroad/pdn.tcl |& tee /dev/null /ula2_test/ula/runs/RUN_2023.09.22_01.54.40/logs/floorplan/6-pdn.log"

Fri Sep 22 01:54:51 UTC 2023 - Executing "openroad -exit /openlane/scripts/openroad/gpl.tcl |& tee /dev/null /ula2_test/ula/runs/RUN_2023.09.22_01.54.40/logs/placement/7-global.log"

Fri Sep 22 01:54:52 UTC 2023 - Executing "sed -i.bak -e {s/\(set ::env(CURRENT_NETLIST)\).*/\1 \/ula2_test\/ula\/runs\/RUN_2023.09.22_01.54.40\/tmp\/placement\/7-global.nl.v/} /ula2_test/ula/runs/RUN_2023.09.22_01.54.40/config.tcl"

Fri Sep 22 01:54:52 UTC 2023 - Executing "openroad -exit /openlane/scripts/openroad/sta/multi_corner.tcl |& tee /dev/null /ula2_test/ula/runs/RUN_2023.09.22_01.54.40/logs/placement/8-gpl_sta.log"

Fri Sep 22 01:54:53 UTC 2023 - Executing "openroad -exit /openlane/scripts/openroad/resizer.tcl |& tee /dev/null /ula2_test/ula/runs/RUN_2023.09.22_01.54.40/logs/placement/9-resizer.log"

Fri Sep 22 01:54:55 UTC 2023 - Executing "sed -i.bak -e {s/\(set ::env(CURRENT_NETLIST)\).*/\1 \/ula2_test\/ula\/runs\/RUN_2023.09.22_01.54.40\/tmp\/placement\/9-resizer.nl.v/} /ula2_test/ula/runs/RUN_2023.09.22_01.54.40/config.tcl"

Fri Sep 22 01:54:56 UTC 2023 - Executing "openroad -exit /openlane/scripts/openroad/dpl.tcl |& tee /dev/null /ula2_test/ula/runs/RUN_2023.09.22_01.54.40/logs/placement/10-detailed.log"

Fri Sep 22 01:54:56 UTC 2023 - Executing "sed -i.bak -e {s/\(set ::env(CURRENT_NETLIST)\).*/\1 \/ula2_test\/ula\/runs\/RUN_2023.09.22_01.54.40\/results\/placement\/ula.nl.v/} /ula2_test/ula/runs/RUN_2023.09.22_01.54.40/config.tcl"

Fri Sep 22 01:54:56 UTC 2023 - Executing "openroad -exit /openlane/scripts/openroad/sta/multi_corner.tcl |& tee /dev/null /ula2_test/ula/runs/RUN_2023.09.22_01.54.40/logs/placement/11-dpl_sta.log"

Fri Sep 22 01:54:57 UTC 2023 - Executing "openroad -exit /openlane/scripts/openroad/cts.tcl |& tee /dev/null /ula2_test/ula/runs/RUN_2023.09.22_01.54.40/logs/cts/12-cts.log"

Fri Sep 22 01:55:41 UTC 2023 - Executing "openroad -exit /openlane/scripts/openroad/sta/multi_corner.tcl |& tee /dev/null /ula2_test/ula/runs/RUN_2023.09.22_01.54.40/logs/cts/13-cts_sta.log"

Fri Sep 22 01:55:42 UTC 2023 - Executing "openroad -exit /openlane/scripts/openroad/resizer_timing.tcl |& tee /dev/null /ula2_test/ula/runs/RUN_2023.09.22_01.54.40/logs/cts/14-resizer.log"

Fri Sep 22 01:55:44 UTC 2023 - Executing "sed -i.bak -e {s/\(set ::env(CURRENT_NETLIST)\).*/\1 \/ula2_test\/ula\/runs\/RUN_2023.09.22_01.54.40\/tmp\/cts\/14-ula.resized.nl.v/} /ula2_test/ula/runs/RUN_2023.09.22_01.54.40/config.tcl"

Fri Sep 22 01:55:44 UTC 2023 - Executing "openroad -exit /openlane/scripts/openroad/resizer_routing_design.tcl |& tee /dev/null /ula2_test/ula/runs/RUN_2023.09.22_01.54.40/logs/routing/15-resizer_design.log"

Fri Sep 22 01:55:46 UTC 2023 - Executing "sed -i.bak -e {s/\(set ::env(CURRENT_NETLIST)\).*/\1 \/ula2_test\/ula\/runs\/RUN_2023.09.22_01.54.40\/tmp\/15-ula.nl.v/} /ula2_test/ula/runs/RUN_2023.09.22_01.54.40/config.tcl"

Fri Sep 22 01:55:47 UTC 2023 - Executing "openroad -exit /openlane/scripts/openroad/sta/multi_corner.tcl |& tee /dev/null /ula2_test/ula/runs/RUN_2023.09.22_01.54.40/logs/routing/16-rsz_design_sta.log"

Fri Sep 22 01:55:48 UTC 2023 - Executing "openroad -exit /openlane/scripts/openroad/resizer_routing_timing.tcl |& tee /dev/null /ula2_test/ula/runs/RUN_2023.09.22_01.54.40/logs/routing/17-resizer_timing.log"

Fri Sep 22 01:55:50 UTC 2023 - Executing "sed -i.bak -e {s/\(set ::env(CURRENT_NETLIST)\).*/\1 \/ula2_test\/ula\/runs\/RUN_2023.09.22_01.54.40\/tmp\/17-ula.nl.v/} /ula2_test/ula/runs/RUN_2023.09.22_01.54.40/config.tcl"

Fri Sep 22 01:55:50 UTC 2023 - Executing "openroad -exit /openlane/scripts/openroad/sta/multi_corner.tcl |& tee /dev/null /ula2_test/ula/runs/RUN_2023.09.22_01.54.40/logs/routing/18-rsz_timing_sta.log"

Fri Sep 22 01:55:51 UTC 2023 - Executing "openroad -exit /openlane/scripts/openroad/groute.tcl |& tee /dev/null /ula2_test/ula/runs/RUN_2023.09.22_01.54.40/logs/routing/19-global.log"

Fri Sep 22 01:55:52 UTC 2023 - Executing "openroad -exit /openlane/scripts/openroad/write_views.tcl |& tee /dev/null /ula2_test/ula/runs/RUN_2023.09.22_01.54.40/logs/routing/19-global_write_netlist.log"

Fri Sep 22 01:55:52 UTC 2023 - Executing "sed -i.bak -e {s/\(set ::env(CURRENT_NETLIST)\).*/\1 \/ula2_test\/ula\/runs\/RUN_2023.09.22_01.54.40\/tmp\/routing\/global.nl.v/} /ula2_test/ula/runs/RUN_2023.09.22_01.54.40/config.tcl"

Fri Sep 22 01:55:52 UTC 2023 - Executing "openroad -exit /openlane/scripts/openroad/sta/multi_corner.tcl |& tee /dev/null /ula2_test/ula/runs/RUN_2023.09.22_01.54.40/logs/routing/21-grt_sta.log"

Fri Sep 22 01:55:53 UTC 2023 - Executing "openroad -exit /openlane/scripts/openroad/fill.tcl |& tee /dev/null /ula2_test/ula/runs/RUN_2023.09.22_01.54.40/logs/routing/22-fill.log"

Fri Sep 22 01:55:54 UTC 2023 - Executing "sed -i.bak -e {s/\(set ::env(CURRENT_NETLIST)\).*/\1 \/ula2_test\/ula\/runs\/RUN_2023.09.22_01.54.40\/tmp\/routing\/22-fill.nl.v/} /ula2_test/ula/runs/RUN_2023.09.22_01.54.40/config.tcl"

Fri Sep 22 01:55:54 UTC 2023 - Executing "openroad -exit /openlane/scripts/openroad/droute.tcl |& tee /dev/null /ula2_test/ula/runs/RUN_2023.09.22_01.54.40/logs/routing/23-detailed.log"

Fri Sep 22 01:56:55 UTC 2023 - Executing "sed -i.bak -e {s/\(set ::env(CURRENT_NETLIST)\).*/\1 \/ula2_test\/ula\/runs\/RUN_2023.09.22_01.54.40\/results\/routing\/ula.nl.v/} /ula2_test/ula/runs/RUN_2023.09.22_01.54.40/config.tcl"

Fri Sep 22 01:56:55 UTC 2023 - Executing "python3 /openlane/scripts/drc_rosetta.py tr to_klayout -o /ula2_test/ula/runs/RUN_2023.09.22_01.54.40/reports/routing/drt.klayout.xml --design-name ula /ula2_test/ula/runs/RUN_2023.09.22_01.54.40/reports/routing/drt.drc"

Fri Sep 22 01:56:55 UTC 2023 - Executing "openroad -exit -no_init -python /openlane/scripts/odbpy/wire_lengths.py --report-out /ula2_test/ula/runs/RUN_2023.09.22_01.54.40/reports/routing/24-wire_lengths.csv --input-lef /ula2_test/ula/runs/RUN_2023.09.22_01.54.40/tmp/merged.nom.lef --output-def /dev/null --output /ula2_test/ula/runs/RUN_2023.09.22_01.54.40/results/routing/ula.odb /ula2_test/ula/runs/RUN_2023.09.22_01.54.40/results/routing/ula.odb |& tee /dev/null /ula2_test/ula/runs/RUN_2023.09.22_01.54.40/logs/routing/24-wire_lengths.log"

Fri Sep 22 01:56:56 UTC 2023 - Executing "openroad -exit /openlane/scripts/openroad/rcx.tcl |& tee /dev/null /ula2_test/ula/runs/RUN_2023.09.22_01.54.40/logs/signoff/25-parasitics_extraction.min.log"

Fri Sep 22 01:56:57 UTC 2023 - Executing "sta -exit -no_init /openlane/scripts/openroad/sta/multi_corner.tcl |& tee /dev/null /ula2_test/ula/runs/RUN_2023.09.22_01.54.40/logs/signoff/26-rcx_mcsta.min.log"

Fri Sep 22 01:57:00 UTC 2023 - Executing "openroad -exit /openlane/scripts/openroad/rcx.tcl |& tee /dev/null /ula2_test/ula/runs/RUN_2023.09.22_01.54.40/logs/signoff/27-parasitics_extraction.max.log"

Fri Sep 22 01:57:01 UTC 2023 - Executing "sta -exit -no_init /openlane/scripts/openroad/sta/multi_corner.tcl |& tee /dev/null /ula2_test/ula/runs/RUN_2023.09.22_01.54.40/logs/signoff/28-rcx_mcsta.max.log"

Fri Sep 22 01:57:05 UTC 2023 - Executing "openroad -exit /openlane/scripts/openroad/rcx.tcl |& tee /dev/null /ula2_test/ula/runs/RUN_2023.09.22_01.54.40/logs/signoff/29-parasitics_extraction.nom.log"

Fri Sep 22 01:57:05 UTC 2023 - Executing "sta -exit -no_init /openlane/scripts/openroad/sta/multi_corner.tcl |& tee /dev/null /ula2_test/ula/runs/RUN_2023.09.22_01.54.40/logs/signoff/30-rcx_mcsta.nom.log"

Fri Sep 22 01:57:09 UTC 2023 - Executing "sta -exit -no_init /openlane/scripts/openroad/sta/multi_corner.tcl |& tee /dev/null /ula2_test/ula/runs/RUN_2023.09.22_01.54.40/logs/signoff/31-rcx_sta.log"

Fri Sep 22 01:57:10 UTC 2023 - Executing "openroad -exit /openlane/scripts/openroad/irdrop.tcl |& tee /dev/null /ula2_test/ula/runs/RUN_2023.09.22_01.54.40/logs/signoff/32-irdrop.log"

Fri Sep 22 01:57:11 UTC 2023 - Executing "magic -noconsole -dnull -rcfile /home/bignixon/unic-cass/pdks/sky130A/libs.tech/magic/sky130A.magicrc < /openlane/scripts/magic/wrapper.tcl |& tee /dev/null /ula2_test/ula/runs/RUN_2023.09.22_01.54.40/logs/signoff/33-gdsii.log"

Fri Sep 22 01:57:11 UTC 2023 - Executing "magic -noconsole -dnull -rcfile /home/bignixon/unic-cass/pdks/sky130A/libs.tech/magic/sky130A.magicrc < /openlane/scripts/magic/wrapper.tcl |& tee /dev/null /ula2_test/ula/runs/RUN_2023.09.22_01.54.40/logs/signoff/33-gds_ptrs.log"

Fri Sep 22 01:57:12 UTC 2023 - Executing "sed -i.bak -n {/^<< properties >>/,/^<< end >>/p} /ula2_test/ula/runs/RUN_2023.09.22_01.54.40/tmp/signoff/gds_ptrs.mag"

Fri Sep 22 01:57:12 UTC 2023 - Executing "magic -noconsole -dnull -rcfile /home/bignixon/unic-cass/pdks/sky130A/libs.tech/magic/sky130A.magicrc < /openlane/scripts/magic/wrapper.tcl |& tee /dev/null /ula2_test/ula/runs/RUN_2023.09.22_01.54.40/logs/signoff/33-lef.log"

Fri Sep 22 01:57:13 UTC 2023 - Executing "magic -noconsole -dnull -rcfile /home/bignixon/unic-cass/pdks/sky130A/libs.tech/magic/sky130A.magicrc < /openlane/scripts/magic/wrapper.tcl |& tee /dev/null /ula2_test/ula/runs/RUN_2023.09.22_01.54.40/logs/signoff/33-maglef.log"

Fri Sep 22 01:57:14 UTC 2023 - Executing "python3 /openlane/scripts/klayout/stream_out.py --output /ula2_test/ula/runs/RUN_2023.09.22_01.54.40/results/signoff/ula.klayout.gds --lyt /home/bignixon/unic-cass/pdks/sky130A/libs.tech/klayout/tech/sky130A.lyt --lym /home/bignixon/unic-cass/pdks/sky130A/libs.tech/klayout/tech/sky130A.map --lyp /home/bignixon/unic-cass/pdks/sky130A/libs.tech/klayout/tech/sky130A.lyp --top ula --with-gds-file /home/bignixon/unic-cass/pdks/sky130A/libs.ref/sky130_fd_sc_hd/gds/sky130_fd_sc_hd.gds --input-lef /ula2_test/ula/runs/RUN_2023.09.22_01.54.40/tmp/merged.nom.lef /ula2_test/ula/runs/RUN_2023.09.22_01.54.40/results/routing/ula.def |& tee /dev/null /ula2_test/ula/runs/RUN_2023.09.22_01.54.40/logs/signoff/34-gdsii-klayout.log"

Fri Sep 22 01:57:15 UTC 2023 - Executing "klayout -b -r /openlane/scripts/klayout/xor.drc -rd a=/ula2_test/ula/runs/RUN_2023.09.22_01.54.40/results/signoff/ula.gds -rd b=/ula2_test/ula/runs/RUN_2023.09.22_01.54.40/results/signoff/ula.klayout.gds -rd jobs=1 -rd rdb_out=/ula2_test/ula/runs/RUN_2023.09.22_01.54.40/reports/signoff/35-xor.xml -rd ignore=81/14 -rd rpt_out=/ula2_test/ula/runs/RUN_2023.09.22_01.54.40/reports/signoff/35-xor.rpt |& tee /dev/null /ula2_test/ula/runs/RUN_2023.09.22_01.54.40/logs/signoff/35-xor.log"

Fri Sep 22 01:57:16 UTC 2023 - Executing "magic -noconsole -dnull -rcfile /home/bignixon/unic-cass/pdks/sky130A/libs.tech/magic/sky130A.magicrc < /openlane/scripts/magic/wrapper.tcl |& tee /dev/null /ula2_test/ula/runs/RUN_2023.09.22_01.54.40/logs/signoff/36-spice.log"

Fri Sep 22 01:57:18 UTC 2023 - Executing "openroad -exit -no_init -python /openlane/scripts/odbpy/power_utils.py write_powered_def --output /ula2_test/ula/runs/RUN_2023.09.22_01.54.40/tmp/signoff/36-ula.p.def --input-lef /ula2_test/ula/runs/RUN_2023.09.22_01.54.40/tmp/merged.nom.lef --power-port VPWR --ground-port VGND --powered-netlist {} /ula2_test/ula/runs/RUN_2023.09.22_01.54.40/results/routing/ula.def |& tee /dev/null /ula2_test/ula/runs/RUN_2023.09.22_01.54.40/logs/signoff/37-write_powered_def.log"

Fri Sep 22 01:57:18 UTC 2023 - Executing "openroad -exit /openlane/scripts/openroad/write_views.tcl |& tee /dev/null /ula2_test/ula/runs/RUN_2023.09.22_01.54.40/logs/signoff/37-write_powered_verilog.log"

Fri Sep 22 01:57:19 UTC 2023 - Executing "sed -i.bak -e {s/\(set ::env(CURRENT_NETLIST)\).*/\1 \/ula2_test\/ula\/runs\/RUN_2023.09.22_01.54.40\/tmp\/signoff\/36-ula.nl.v/} /ula2_test/ula/runs/RUN_2023.09.22_01.54.40/config.tcl"

Fri Sep 22 01:57:19 UTC 2023 - Executing "netgen -batch source /ula2_test/ula/runs/RUN_2023.09.22_01.54.40/tmp/signoff/39-setup_file.lef.lvs |& tee /dev/null /ula2_test/ula/runs/RUN_2023.09.22_01.54.40/logs/signoff/39-lvs.lef.log"

Fri Sep 22 01:57:20 UTC 2023 - Executing "magic -noconsole -dnull -rcfile /home/bignixon/unic-cass/pdks/sky130A/libs.tech/magic/sky130A.magicrc < /openlane/scripts/magic/wrapper.tcl |& tee /dev/null /ula2_test/ula/runs/RUN_2023.09.22_01.54.40/logs/signoff/40-drc.log"

Fri Sep 22 01:57:21 UTC 2023 - Executing "python3 /openlane/scripts/drc_rosetta.py magic to_tcl -o /ula2_test/ula/runs/RUN_2023.09.22_01.54.40/reports/signoff/drc.tcl /ula2_test/ula/runs/RUN_2023.09.22_01.54.40/reports/signoff/drc.rpt"

Fri Sep 22 01:57:21 UTC 2023 - Executing "python3 /openlane/scripts/drc_rosetta.py magic to_tr -o /ula2_test/ula/runs/RUN_2023.09.22_01.54.40/reports/signoff/drc.tr /ula2_test/ula/runs/RUN_2023.09.22_01.54.40/reports/signoff/drc.rpt"

Fri Sep 22 01:57:21 UTC 2023 - Executing "python3 /openlane/scripts/drc_rosetta.py tr to_klayout -o /ula2_test/ula/runs/RUN_2023.09.22_01.54.40/reports/signoff/drc.klayout.xml --design-name ula /ula2_test/ula/runs/RUN_2023.09.22_01.54.40/reports/signoff/drc.tr"

Fri Sep 22 01:57:21 UTC 2023 - Executing "python3 /openlane/scripts/drc_rosetta.py magic to_rdb -o /ula2_test/ula/runs/RUN_2023.09.22_01.54.40/reports/signoff/drc.rdb /ula2_test/ula/runs/RUN_2023.09.22_01.54.40/reports/signoff/drc.rpt"

Fri Sep 22 01:57:22 UTC 2023 - Executing "openroad -exit /openlane/scripts/openroad/antenna_check.tcl |& tee /dev/null /ula2_test/ula/runs/RUN_2023.09.22_01.54.40/logs/signoff/41-arc.log"

Fri Sep 22 01:57:22 UTC 2023 - Executing "python3 /openlane/scripts/extract_antenna_violators.py --output /ula2_test/ula/runs/RUN_2023.09.22_01.54.40/reports/signoff/41-antenna_violators.rpt --plain-out /ula2_test/ula/runs/RUN_2023.09.22_01.54.40/reports/signoff/41-antenna_violators_pins.txt /ula2_test/ula/runs/RUN_2023.09.22_01.54.40/logs/signoff/41-arc.log"

Fri Sep 22 01:57:22 UTC 2023 - Executing "awk -v vdd=VPWR -v gnd=VGND -f /home/bignixon/unic-cass/pdks/sky130A/libs.tech/openlane/cvc/power.awk /ula2_test/ula/runs/RUN_2023.09.22_01.54.40/tmp/signoff/36-ula.nl.v > /ula2_test/ula/runs/RUN_2023.09.22_01.54.40/tmp/signoff/ula.power"

Fri Sep 22 01:57:22 UTC 2023 - Executing "awk -f /home/bignixon/unic-cass/pdks/sky130A/libs.tech/openlane/cvc/cdl.awk /home/bignixon/unic-cass/pdks/sky130A/libs.ref/sky130_fd_sc_hd/cdl/sky130_fd_sc_hd.cdl /ula2_test/ula/runs/RUN_2023.09.22_01.54.40/results/signoff/ula.lef.spice > /ula2_test/ula/runs/RUN_2023.09.22_01.54.40/tmp/signoff/ula.cdl"

Fri Sep 22 01:57:22 UTC 2023 - Executing "cvc_rv /home/bignixon/unic-cass/pdks/sky130A/libs.tech/openlane/cvc/cvcrc |& tee /dev/null /ula2_test/ula/runs/RUN_2023.09.22_01.54.40/logs/signoff/42-erc_screen.log"

