
61. Printing statistics.

=== ula ===

   Number of wires:                554
   Number of wire bits:            571
   Number of public wires:          37
   Number of public wire bits:      54
   Number of memories:               0
   Number of memory bits:            0
   Number of processes:              0
   Number of cells:                565
     sky130_fd_sc_hd__a2111o_2       2
     sky130_fd_sc_hd__a211o_2        1
     sky130_fd_sc_hd__a211oi_2       1
     sky130_fd_sc_hd__a21boi_2       1
     sky130_fd_sc_hd__a21o_2         6
     sky130_fd_sc_hd__a21oi_2       14
     sky130_fd_sc_hd__a221o_2        6
     sky130_fd_sc_hd__a22o_2         1
     sky130_fd_sc_hd__a2bb2o_2       1
     sky130_fd_sc_hd__a31o_2         6
     sky130_fd_sc_hd__a31oi_2        1
     sky130_fd_sc_hd__and2_2         4
     sky130_fd_sc_hd__and2_4         1
     sky130_fd_sc_hd__and3_2         8
     sky130_fd_sc_hd__and3_4         1
     sky130_fd_sc_hd__buf_1         41
     sky130_fd_sc_hd__buf_2          6
     sky130_fd_sc_hd__buf_6          2
     sky130_fd_sc_hd__bufinv_8       1
     sky130_fd_sc_hd__dfxtp_2       48
     sky130_fd_sc_hd__inv_2         61
     sky130_fd_sc_hd__inv_4          1
     sky130_fd_sc_hd__mux2_2        36
     sky130_fd_sc_hd__nand2_2      150
     sky130_fd_sc_hd__nand2_4       11
     sky130_fd_sc_hd__nand2b_2       1
     sky130_fd_sc_hd__nand3_2       30
     sky130_fd_sc_hd__nand3_4        1
     sky130_fd_sc_hd__nand3b_2       1
     sky130_fd_sc_hd__nor2_2        31
     sky130_fd_sc_hd__nor2_4         1
     sky130_fd_sc_hd__nor2_8         1
     sky130_fd_sc_hd__o2111ai_2      3
     sky130_fd_sc_hd__o211a_2        2
     sky130_fd_sc_hd__o211ai_2       5
     sky130_fd_sc_hd__o21a_2         5
     sky130_fd_sc_hd__o21a_4         1
     sky130_fd_sc_hd__o21ai_2       25
     sky130_fd_sc_hd__o21ba_2        2
     sky130_fd_sc_hd__o221a_2        4
     sky130_fd_sc_hd__o221ai_2       3
     sky130_fd_sc_hd__o22a_2         2
     sky130_fd_sc_hd__o2bb2a_2       4
     sky130_fd_sc_hd__o41a_2         1
     sky130_fd_sc_hd__or2_2         18
     sky130_fd_sc_hd__or2_4          9
     sky130_fd_sc_hd__or3_2          2
     sky130_fd_sc_hd__xor2_2         2

   Chip area for module '\ula': 4840.892800

