
===========================================================================
report_checks -unconstrained
===========================================================================
======================= Typical Corner ===================================

Startpoint: op[0] (input port clocked by clk)
Endpoint: _1079_ (rising edge-triggered flip-flop clocked by clk)
Path Group: clk
Path Type: max

Fanout     Cap    Slew   Delay    Time   Description
-----------------------------------------------------------------------------
                          0.00    0.00   clock clk (rise edge)
                          0.00    0.00   clock network delay (propagated)
                          2.00    2.00 ^ input external delay
                  0.02    0.01    2.01 ^ op[0] (in)
     1    0.00                           op[0] (net)
                  0.02    0.00    2.01 ^ input3/A (sky130_fd_sc_hd__buf_4)
                  0.16    0.20    2.21 ^ input3/X (sky130_fd_sc_hd__buf_4)
     8    0.06                           net3 (net)
                  0.16    0.01    2.21 ^ _0587_/A (sky130_fd_sc_hd__inv_4)
                  0.05    0.06    2.27 v _0587_/Y (sky130_fd_sc_hd__inv_4)
     3    0.01                           _0086_ (net)
                  0.05    0.00    2.27 v _0588_/B (sky130_fd_sc_hd__nor2_4)
                  0.29    0.25    2.53 ^ _0588_/Y (sky130_fd_sc_hd__nor2_4)
     8    0.04                           _0087_ (net)
                  0.29    0.00    2.53 ^ _0619_/A (sky130_fd_sc_hd__nand2_4)
                  0.13    0.16    2.69 v _0619_/Y (sky130_fd_sc_hd__nand2_4)
     9    0.04                           _0117_ (net)
                  0.13    0.00    2.69 v _0620_/A2 (sky130_fd_sc_hd__o21ai_1)
                  0.20    0.23    2.92 ^ _0620_/Y (sky130_fd_sc_hd__o21ai_1)
     3    0.01                           _0118_ (net)
                  0.20    0.00    2.92 ^ _0641_/A1 (sky130_fd_sc_hd__o21ai_1)
                  0.09    0.14    3.07 v _0641_/Y (sky130_fd_sc_hd__o21ai_1)
     2    0.01                           _0138_ (net)
                  0.09    0.00    3.07 v _0708_/A (sky130_fd_sc_hd__nand2_1)
                  0.05    0.08    3.15 ^ _0708_/Y (sky130_fd_sc_hd__nand2_1)
     1    0.00                           _0203_ (net)
                  0.05    0.00    3.15 ^ _0710_/A (sky130_fd_sc_hd__nand2_1)
                  0.09    0.09    3.24 v _0710_/Y (sky130_fd_sc_hd__nand2_1)
     4    0.01                           _0205_ (net)
                  0.09    0.00    3.24 v _0806_/A (sky130_fd_sc_hd__nand2_1)
                  0.08    0.10    3.35 ^ _0806_/Y (sky130_fd_sc_hd__nand2_1)
     2    0.01                           _0297_ (net)
                  0.08    0.00    3.35 ^ _0814_/A (sky130_fd_sc_hd__nand2_1)
                  0.10    0.10    3.45 v _0814_/Y (sky130_fd_sc_hd__nand2_1)
     3    0.01                           _0305_ (net)
                  0.10    0.00    3.45 v _0940_/A (sky130_fd_sc_hd__nand2_1)
                  0.04    0.08    3.53 ^ _0940_/Y (sky130_fd_sc_hd__nand2_1)
     1    0.00                           _0427_ (net)
                  0.04    0.00    3.53 ^ _0943_/A (sky130_fd_sc_hd__nand2_1)
                  0.09    0.10    3.62 v _0943_/Y (sky130_fd_sc_hd__nand2_1)
     3    0.01                           _0430_ (net)
                  0.09    0.00    3.63 v _0945_/A (sky130_fd_sc_hd__nand2_1)
                  0.07    0.10    3.73 ^ _0945_/Y (sky130_fd_sc_hd__nand2_1)
     2    0.01                           _0432_ (net)
                  0.07    0.00    3.73 ^ _0968_/A (sky130_fd_sc_hd__nand2_1)
                  0.05    0.07    3.80 v _0968_/Y (sky130_fd_sc_hd__nand2_1)
     2    0.01                           _0454_ (net)
                  0.05    0.00    3.80 v _0969_/B (sky130_fd_sc_hd__or2_1)
                  0.05    0.21    4.01 v _0969_/X (sky130_fd_sc_hd__or2_1)
     1    0.00                           _0455_ (net)
                  0.05    0.00    4.01 v _0971_/A (sky130_fd_sc_hd__nand3_1)
                  0.07    0.07    4.08 ^ _0971_/Y (sky130_fd_sc_hd__nand3_1)
     1    0.00                           _0457_ (net)
                  0.07    0.00    4.08 ^ _0973_/B (sky130_fd_sc_hd__nand3_1)
                  0.08    0.10    4.18 v _0973_/Y (sky130_fd_sc_hd__nand3_1)
     1    0.01                           _0459_ (net)
                  0.08    0.00    4.18 v _0974_/A (sky130_fd_sc_hd__nand2_1)
                  0.05    0.07    4.25 ^ _0974_/Y (sky130_fd_sc_hd__nand2_1)
     1    0.00                           _0460_ (net)
                  0.05    0.00    4.25 ^ _0976_/A (sky130_fd_sc_hd__nand2_1)
                  0.03    0.05    4.30 v _0976_/Y (sky130_fd_sc_hd__nand2_1)
     1    0.00                           _0045_ (net)
                  0.03    0.00    4.30 v _1079_/D (sky130_fd_sc_hd__dfxtp_1)
                                  4.30   data arrival time

                         10.00   10.00   clock clk (rise edge)
                          0.00   10.00   clock source latency
                  0.07    0.05   10.05 ^ clk (in)
     1    0.02                           clk (net)
                  0.07    0.00   10.05 ^ clkbuf_0_clk/A (sky130_fd_sc_hd__clkbuf_16)
                  0.06    0.14   10.19 ^ clkbuf_0_clk/X (sky130_fd_sc_hd__clkbuf_16)
     4    0.04                           clknet_0_clk (net)
                  0.06    0.00   10.19 ^ clkbuf_2_3__f_clk/A (sky130_fd_sc_hd__clkbuf_16)
                  0.07    0.14   10.34 ^ clkbuf_2_3__f_clk/X (sky130_fd_sc_hd__clkbuf_16)
    15    0.05                           clknet_2_3__leaf_clk (net)
                  0.07    0.00   10.34 ^ _1079_/CLK (sky130_fd_sc_hd__dfxtp_1)
                         -0.25   10.09   clock uncertainty
                          0.00   10.09   clock reconvergence pessimism
                         -0.10    9.99   library setup time
                                  9.99   data required time
-----------------------------------------------------------------------------
                                  9.99   data required time
                                 -4.30   data arrival time
-----------------------------------------------------------------------------
                                  5.69   slack (MET)




===========================================================================
report_checks --slack_max -0.01
============================================================================
======================= Typical Corner ===================================

No paths found.


===========================================================================
 report_check_types -max_slew -max_cap -max_fanout -violators
============================================================================
======================= Typical Corner ===================================

max fanout

Pin                                   Limit Fanout  Slack
---------------------------------------------------------
clkbuf_2_3__f_clk/X                      10     15     -5 (VIOLATED)
clkbuf_2_1__f_clk/X                      10     13     -3 (VIOLATED)



===========================================================================
report_parasitic_annotation -report_unannotated
============================================================================
Found 0 unannotated drivers.
Found 0 partially unannotated drivers.

===========================================================================
max slew violation count 0
max fanout violation count 2
max cap violation count 0
============================================================================

===========================================================================
check_setup -verbose -unconstrained_endpoints -multiple_clock -no_clock -no_input_delay -loops -generated_clocks
===========================================================================
