Instance name,  X location,  Y location,  Voltage 
_1032_, 96.08, 111.52, 1.79977
input1, 96.08, 111.52, 1.79977
output12, 96.08, 111.52, 1.79977
FILLER_0_37_190, 96.08, 111.52, 1.79977
FILLER_0_37_197, 96.08, 111.52, 1.79977
_0572_, 96.08, 106.08, 1.79975
_1009_, 96.08, 106.08, 1.79975
_1031_, 96.08, 106.08, 1.79975
_1033_, 96.08, 106.08, 1.79975
_1080_, 96.08, 106.08, 1.79975
_1081_, 96.08, 106.08, 1.79975
FILLER_0_35_196, 96.08, 106.08, 1.79975
_0974_, 96.08, 100.64, 1.79976
_0976_, 96.08, 100.64, 1.79976
_1007_, 96.08, 100.64, 1.79976
_1079_, 96.08, 100.64, 1.79976
output11, 96.08, 100.64, 1.79976
FILLER_0_32_192, 96.08, 100.64, 1.79976
FILLER_0_34_197, 96.08, 100.64, 1.79976
_0913_, 96.08, 95.2, 1.79979
_0915_, 96.08, 95.2, 1.79979
FILLER_0_30_185, 96.08, 95.2, 1.79979
FILLER_0_30_193, 96.08, 95.2, 1.79979
_0716_, 96.08, 89.76, 1.79975
_0717_, 96.08, 89.76, 1.79975
_0949_, 96.08, 89.76, 1.79975
_1077_, 96.08, 89.76, 1.79975
_1078_, 96.08, 89.76, 1.79975
hold12, 96.08, 89.76, 1.79975
FILLER_0_28_183, 96.08, 89.76, 1.79975
FILLER_0_30_201, 96.08, 89.76, 1.79975
_0719_, 96.08, 84.32, 1.7998
_0888_, 96.08, 84.32, 1.7998
_0948_, 96.08, 84.32, 1.7998
FILLER_0_26_189, 96.08, 84.32, 1.7998
FILLER_0_27_197, 96.08, 84.32, 1.7998
FILLER_0_28_203, 96.08, 84.32, 1.7998
_0517_, 96.08, 78.88, 1.79977
_0518_, 96.08, 78.88, 1.79977
_0889_, 96.08, 78.88, 1.79977
_1076_, 96.08, 78.88, 1.79977
FILLER_0_26_197, 96.08, 78.88, 1.79977
_0519_, 96.08, 73.44, 1.79978
_0551_, 96.08, 73.44, 1.79978
_0553_, 96.08, 73.44, 1.79978
_0857_, 96.08, 73.44, 1.79978
_0859_, 96.08, 73.44, 1.79978
_1034_, 96.08, 73.44, 1.79978
_1075_, 96.08, 73.44, 1.79978
FILLER_0_22_187, 96.08, 73.44, 1.79978
FILLER_0_23_191, 96.08, 73.44, 1.79978
_0599_, 96.08, 68, 1.79977
hold9, 96.08, 68, 1.79977
FILLER_0_21_191, 96.08, 68, 1.79977
FILLER_0_21_199, 96.08, 68, 1.79977
FILLER_0_21_210, 96.08, 68, 1.79977
_0520_, 96.08, 62.56, 1.79974
_0837_, 96.08, 62.56, 1.79974
_1066_, 96.08, 62.56, 1.79974
_1074_, 96.08, 62.56, 1.79974
FILLER_0_19_193, 96.08, 62.56, 1.79974
_0521_, 96.08, 57.12, 1.79974
_0554_, 96.08, 57.12, 1.79974
_1035_, 96.08, 57.12, 1.79974
FILLER_0_16_193, 96.08, 57.12, 1.79974
FILLER_0_17_207, 96.08, 57.12, 1.79974
_0800_, 96.08, 51.68, 1.79971
_0802_, 96.08, 51.68, 1.79971
_1051_, 96.08, 51.68, 1.79971
_1073_, 96.08, 51.68, 1.79971
FILLER_0_15_205, 96.08, 51.68, 1.79971
FILLER_0_16_197, 96.08, 51.68, 1.79971
_0556_, 96.08, 46.24, 1.79972
_0776_, 96.08, 46.24, 1.79972
_1072_, 96.08, 46.24, 1.79972
FILLER_0_13_193, 96.08, 46.24, 1.79972
FILLER_0_14_209, 96.08, 46.24, 1.79972
_0742_, 96.08, 40.8, 1.79968
_0744_, 96.08, 40.8, 1.79968
_0775_, 96.08, 40.8, 1.79968
_1052_, 96.08, 40.8, 1.79968
_1071_, 96.08, 40.8, 1.79968
hold15, 96.08, 40.8, 1.79968
FILLER_0_10_189, 96.08, 40.8, 1.79968
_0718_, 96.08, 35.36, 1.79968
_0743_, 96.08, 35.36, 1.79968
_1070_, 96.08, 35.36, 1.79968
output16, 96.08, 35.36, 1.79968
FILLER_0_8_189, 96.08, 35.36, 1.79968
FILLER_0_9_195, 96.08, 35.36, 1.79968
FILLER_0_10_197, 96.08, 35.36, 1.79968
_0683_, 96.08, 29.92, 1.79969
_0720_, 96.08, 29.92, 1.79969
_0721_, 96.08, 29.92, 1.79969
_1069_, 96.08, 29.92, 1.79969
output15, 96.08, 29.92, 1.79969
hold16, 96.08, 29.92, 1.79969
FILLER_0_8_197, 96.08, 29.92, 1.79969
_0631_, 96.08, 24.48, 1.79968
_0656_, 96.08, 24.48, 1.79968
_0682_, 96.08, 24.48, 1.79968
_1068_, 96.08, 24.48, 1.79968
FILLER_0_4_190, 96.08, 24.48, 1.79968
FILLER_0_5_189, 96.08, 24.48, 1.79968
_0632_, 96.08, 19.04, 1.79968
_0657_, 96.08, 19.04, 1.79968
_1067_, 96.08, 19.04, 1.79968
hold13, 96.08, 19.04, 1.79968
FILLER_0_2_192, 96.08, 19.04, 1.79968
FILLER_0_3_191, 96.08, 19.04, 1.79968
FILLER_0_4_201, 96.08, 19.04, 1.79968
FILLER_0_0_187, 96.08, 13.6, 1.79968
FILLER_0_0_209, 96.08, 13.6, 1.79968
_0580_, 70.205, 111.52, 1.79979
FILLER_0_36_135, 70.205, 111.52, 1.79979
FILLER_0_37_137, 70.205, 111.52, 1.79979
_0967_, 70.205, 106.08, 1.79976
_0969_, 70.205, 106.08, 1.79976
_0971_, 70.205, 106.08, 1.79976
_1003_, 70.205, 106.08, 1.79976
_1063_, 70.205, 106.08, 1.79976
FILLER_0_35_148, 70.205, 106.08, 1.79976
FILLER_0_36_153, 70.205, 106.08, 1.79976
_0963_, 70.205, 100.64, 1.79978
_0964_, 70.205, 100.64, 1.79978
_0965_, 70.205, 100.64, 1.79978
_0966_, 70.205, 100.64, 1.79978
_0970_, 70.205, 100.64, 1.79978
_0972_, 70.205, 100.64, 1.79978
_0973_, 70.205, 100.64, 1.79978
_0962_, 70.205, 95.2, 1.7998
_0985_, 70.205, 95.2, 1.7998
_0994_, 70.205, 95.2, 1.7998
FILLER_0_30_129, 70.205, 95.2, 1.7998
FILLER_0_30_136, 70.205, 95.2, 1.7998
FILLER_0_31_149, 70.205, 95.2, 1.7998
_0983_, 70.205, 89.76, 1.79979
_0984_, 70.205, 89.76, 1.79979
_0986_, 70.205, 89.76, 1.79979
_0987_, 70.205, 89.76, 1.79979
_0988_, 70.205, 89.76, 1.79979
_0989_, 70.205, 89.76, 1.79979
_0991_, 70.205, 89.76, 1.79979
_0993_, 70.205, 89.76, 1.79979
FILLER_0_28_135, 70.205, 89.76, 1.79979
FILLER_0_29_137, 70.205, 89.76, 1.79979
FILLER_0_29_145, 70.205, 89.76, 1.79979
FILLER_0_30_141, 70.205, 89.76, 1.79979
_0582_, 70.205, 84.32, 1.79981
_0954_, 70.205, 84.32, 1.79981
FILLER_0_26_132, 70.205, 84.32, 1.79981
_0548_, 70.205, 78.88, 1.79973
_0581_, 70.205, 78.88, 1.79973
_0961_, 70.205, 78.88, 1.79973
_1064_, 70.205, 78.88, 1.79973
clkbuf_2_3__f_clk, 70.205, 78.88, 1.79973
_0547_, 70.205, 73.44, 1.79981
_0957_, 70.205, 73.44, 1.79981
_1048_, 70.205, 73.44, 1.79981
FILLER_0_22_131, 70.205, 73.44, 1.79981
FILLER_0_23_135, 70.205, 73.44, 1.79981
FILLER_0_23_151, 70.205, 73.44, 1.79981
_0586_, 70.205, 68, 1.7998
_0589_, 70.205, 68, 1.7998
_0591_, 70.205, 68, 1.7998
_0616_, 70.205, 68, 1.7998
FILLER_0_20_129, 70.205, 68, 1.7998
FILLER_0_21_132, 70.205, 68, 1.7998
FILLER_0_21_140, 70.205, 68, 1.7998
FILLER_0_21_147, 70.205, 68, 1.7998
FILLER_0_22_153, 70.205, 68, 1.7998
_0590_, 70.205, 62.56, 1.79974
_0593_, 70.205, 62.56, 1.79974
_0596_, 70.205, 62.56, 1.79974
_0597_, 70.205, 62.56, 1.79974
_0609_, 70.205, 62.56, 1.79974
_0613_, 70.205, 62.56, 1.79974
_0615_, 70.205, 62.56, 1.79974
_0626_, 70.205, 62.56, 1.79974
FILLER_0_18_132, 70.205, 62.56, 1.79974
_0614_, 70.205, 57.12, 1.79977
_0620_, 70.205, 57.12, 1.79977
_0627_, 70.205, 57.12, 1.79977
FILLER_0_16_135, 70.205, 57.12, 1.79977
FILLER_0_18_141, 70.205, 57.12, 1.79977
_0621_, 70.205, 51.68, 1.79974
_0623_, 70.205, 51.68, 1.79974
_0624_, 70.205, 51.68, 1.79974
_0625_, 70.205, 51.68, 1.79974
_0641_, 70.205, 51.68, 1.79974
FILLER_0_14_131, 70.205, 51.68, 1.79974
_0642_, 70.205, 46.24, 1.79973
_0708_, 70.205, 46.24, 1.79973
_0710_, 70.205, 46.24, 1.79973
FILLER_0_12_129, 70.205, 46.24, 1.79973
FILLER_0_12_137, 70.205, 46.24, 1.79973
FILLER_0_13_131, 70.205, 46.24, 1.79973
FILLER_0_13_141, 70.205, 46.24, 1.79973
FILLER_0_13_151, 70.205, 46.24, 1.79973
_0659_, 70.205, 40.8, 1.79968
_0664_, 70.205, 40.8, 1.79968
_0709_, 70.205, 40.8, 1.79968
FILLER_0_10_127, 70.205, 40.8, 1.79968
FILLER_0_11_151, 70.205, 40.8, 1.79968
FILLER_0_12_153, 70.205, 40.8, 1.79968
_0635_, 70.205, 35.36, 1.79966
_0660_, 70.205, 35.36, 1.79966
_0661_, 70.205, 35.36, 1.79966
_0662_, 70.205, 35.36, 1.79966
_0663_, 70.205, 35.36, 1.79966
_0698_, 70.205, 35.36, 1.79966
clkbuf_2_1__f_clk, 70.205, 35.36, 1.79966
FILLER_0_8_135, 70.205, 35.36, 1.79966
_0679_, 70.205, 29.92, 1.79971
_0680_, 70.205, 29.92, 1.79971
_0658_, 70.205, 24.48, 1.79969
_0669_, 70.205, 24.48, 1.79969
_0670_, 70.205, 24.48, 1.79969
_0671_, 70.205, 24.48, 1.79969
_0672_, 70.205, 24.48, 1.79969
_0675_, 70.205, 24.48, 1.79969
_0678_, 70.205, 24.48, 1.79969
_0692_, 70.205, 24.48, 1.79969
FILLER_0_4_136, 70.205, 24.48, 1.79969
FILLER_0_5_140, 70.205, 24.48, 1.79969
FILLER_0_5_146, 70.205, 24.48, 1.79969
_0526_, 70.205, 19.04, 1.79969
_0693_, 70.205, 19.04, 1.79969
_0694_, 70.205, 19.04, 1.79969
FILLER_0_4_141, 70.205, 19.04, 1.79969
_0525_, 70.205, 13.6, 1.79967
_0560_, 70.205, 13.6, 1.79967
_0561_, 70.205, 13.6, 1.79967
_1037_, 70.205, 13.6, 1.79967
FILLER_0_0_137, 70.205, 13.6, 1.79967
FILLER_0_0_141, 70.205, 13.6, 1.79967
FILLER_0_0_149, 70.205, 13.6, 1.79967
FILLER_0_1_139, 70.205, 13.6, 1.79967
_0544_, 44.33, 111.52, 1.79978
input5, 44.33, 111.52, 1.79978
FILLER_0_36_80, 44.33, 111.52, 1.79978
FILLER_0_37_75, 44.33, 111.52, 1.79978
FILLER_0_37_85, 44.33, 111.52, 1.79978
_0545_, 44.33, 106.08, 1.79974
_0546_, 44.33, 106.08, 1.79974
_1046_, 44.33, 106.08, 1.79974
_1047_, 44.33, 106.08, 1.79974
FILLER_0_34_77, 44.33, 106.08, 1.79974
FILLER_0_35_91, 44.33, 106.08, 1.79974
FILLER_0_36_85, 44.33, 106.08, 1.79974
_0543_, 44.33, 100.64, 1.79977
_0909_, 44.33, 100.64, 1.79977
_0911_, 44.33, 100.64, 1.79977
_0912_, 44.33, 100.64, 1.79977
FILLER_0_32_71, 44.33, 100.64, 1.79977
FILLER_0_34_94, 44.33, 100.64, 1.79977
_0902_, 44.33, 95.2, 1.79978
_0903_, 44.33, 95.2, 1.79978
_0904_, 44.33, 95.2, 1.79978
_0905_, 44.33, 95.2, 1.79978
_0906_, 44.33, 95.2, 1.79978
_0908_, 44.33, 95.2, 1.79978
_0910_, 44.33, 95.2, 1.79978
FILLER_0_32_94, 44.33, 95.2, 1.79978
_0874_, 44.33, 89.76, 1.79977
_0875_, 44.33, 89.76, 1.79977
_0876_, 44.33, 89.76, 1.79977
_0907_, 44.33, 89.76, 1.79977
FILLER_0_29_81, 44.33, 89.76, 1.79977
FILLER_0_30_97, 44.33, 89.76, 1.79977
_0877_, 44.33, 84.32, 1.79978
_0878_, 44.33, 84.32, 1.79978
_0884_, 44.33, 84.32, 1.79978
_0885_, 44.33, 84.32, 1.79978
_0886_, 44.33, 84.32, 1.79978
_0941_, 44.33, 84.32, 1.79978
FILLER_0_26_79, 44.33, 84.32, 1.79978
_0882_, 44.33, 78.88, 1.79975
_0883_, 44.33, 78.88, 1.79975
_0938_, 44.33, 78.88, 1.79975
_0939_, 44.33, 78.88, 1.79975
_0940_, 44.33, 78.88, 1.79975
_0942_, 44.33, 78.88, 1.79975
FILLER_0_24_78, 44.33, 78.88, 1.79975
FILLER_0_25_81, 44.33, 78.88, 1.79975
FILLER_0_26_94, 44.33, 78.88, 1.79975
_0840_, 44.33, 73.44, 1.79979
_0850_, 44.33, 73.44, 1.79979
_0852_, 44.33, 73.44, 1.79979
_0856_, 44.33, 73.44, 1.79979
_0880_, 44.33, 73.44, 1.79979
FILLER_0_22_78, 44.33, 73.44, 1.79979
FILLER_0_24_85, 44.33, 73.44, 1.79979
FILLER_0_24_97, 44.33, 73.44, 1.79979
_0849_, 44.33, 68, 1.79978
_0854_, 44.33, 68, 1.79978
_0855_, 44.33, 68, 1.79978
_0879_, 44.33, 68, 1.79978
_0881_, 44.33, 68, 1.79978
FILLER_0_20_73, 44.33, 68, 1.79978
FILLER_0_20_81, 44.33, 68, 1.79978
FILLER_0_21_81, 44.33, 68, 1.79978
_0619_, 44.33, 62.56, 1.79972
_0810_, 44.33, 62.56, 1.79972
_0811_, 44.33, 62.56, 1.79972
_0812_, 44.33, 62.56, 1.79972
_0813_, 44.33, 62.56, 1.79972
_0815_, 44.33, 62.56, 1.79972
_0817_, 44.33, 62.56, 1.79972
FILLER_0_18_81, 44.33, 62.56, 1.79972
FILLER_0_19_92, 44.33, 62.56, 1.79972
FILLER_0_20_85, 44.33, 62.56, 1.79972
_0585_, 44.33, 57.12, 1.79976
_0771_, 44.33, 51.68, 1.79973
_0797_, 44.33, 51.68, 1.79973
_0807_, 44.33, 51.68, 1.79973
_0808_, 44.33, 51.68, 1.79973
FILLER_0_15_85, 44.33, 51.68, 1.79973
FILLER_0_16_97, 44.33, 51.68, 1.79973
_0762_, 44.33, 46.24, 1.79972
_0769_, 44.33, 46.24, 1.79972
_0770_, 44.33, 46.24, 1.79972
_0772_, 44.33, 46.24, 1.79972
_0789_, 44.33, 46.24, 1.79972
_0795_, 44.33, 46.24, 1.79972
_0796_, 44.33, 46.24, 1.79972
_0803_, 44.33, 46.24, 1.79972
FILLER_0_12_79, 44.33, 46.24, 1.79972
FILLER_0_13_71, 44.33, 46.24, 1.79972
FILLER_0_13_80, 44.33, 46.24, 1.79972
FILLER_0_13_98, 44.33, 46.24, 1.79972
_0763_, 44.33, 40.8, 1.79968
_0764_, 44.33, 40.8, 1.79968
_0766_, 44.33, 40.8, 1.79968
_0767_, 44.33, 40.8, 1.79968
_0774_, 44.33, 40.8, 1.79968
FILLER_0_11_80, 44.33, 40.8, 1.79968
_0701_, 44.33, 35.36, 1.7997
_0745_, 44.33, 35.36, 1.7997
_0747_, 44.33, 35.36, 1.7997
_0765_, 44.33, 35.36, 1.7997
_0773_, 44.33, 35.36, 1.7997
FILLER_0_8_77, 44.33, 35.36, 1.7997
FILLER_0_9_71, 44.33, 35.36, 1.7997
FILLER_0_9_96, 44.33, 35.36, 1.7997
FILLER_0_10_92, 44.33, 35.36, 1.7997
_0739_, 44.33, 29.92, 1.79971
_0740_, 44.33, 29.92, 1.79971
_0756_, 44.33, 29.92, 1.79971
FILLER_0_6_73, 44.33, 29.92, 1.79971
FILLER_0_6_81, 44.33, 29.92, 1.79971
FILLER_0_7_80, 44.33, 29.92, 1.79971
_0733_, 44.33, 24.48, 1.79968
_0734_, 44.33, 24.48, 1.79968
_0735_, 44.33, 24.48, 1.79968
_0738_, 44.33, 24.48, 1.79968
_0751_, 44.33, 24.48, 1.79968
_0752_, 44.33, 24.48, 1.79968
_0826_, 44.33, 24.48, 1.79968
FILLER_0_4_75, 44.33, 24.48, 1.79968
FILLER_0_5_81, 44.33, 24.48, 1.79968
FILLER_0_6_85, 44.33, 24.48, 1.79968
_0563_, 44.33, 19.04, 1.7997
_0750_, 44.33, 19.04, 1.7997
_0562_, 44.33, 13.6, 1.79967
_0564_, 44.33, 13.6, 1.79967
_0565_, 44.33, 13.6, 1.79967
_1055_, 44.33, 13.6, 1.79967
FILLER_0_0_81, 44.33, 13.6, 1.79967
_1061_, 18.455, 106.08, 1.79975
_0542_, 18.455, 100.64, 1.79977
FILLER_0_32_15, 18.455, 100.64, 1.79977
FILLER_0_33_39, 18.455, 100.64, 1.79977
FILLER_0_34_41, 18.455, 100.64, 1.79977
_0541_, 18.455, 95.2, 1.79976
_1045_, 18.455, 95.2, 1.79976
FILLER_0_31_38, 18.455, 95.2, 1.79976
_0574_, 18.455, 89.76, 1.79976
_0860_, 18.455, 89.76, 1.79976
_1060_, 18.455, 89.76, 1.79976
FILLER_0_28_15, 18.455, 89.76, 1.79976
FILLER_0_29_15, 18.455, 89.76, 1.79976
FILLER_0_29_36, 18.455, 89.76, 1.79976
_0573_, 18.455, 84.32, 1.79977
_0861_, 18.455, 84.32, 1.79977
_0862_, 18.455, 84.32, 1.79977
FILLER_0_27_38, 18.455, 84.32, 1.79977
FILLER_0_28_29, 18.455, 84.32, 1.79977
_0539_, 18.455, 78.88, 1.79976
_0540_, 18.455, 78.88, 1.79976
_1044_, 18.455, 78.88, 1.79976
FILLER_0_24_15, 18.455, 78.88, 1.79976
FILLER_0_24_24, 18.455, 78.88, 1.79976
FILLER_0_25_42, 18.455, 78.88, 1.79976
FILLER_0_26_41, 18.455, 78.88, 1.79976
_0571_, 18.455, 73.44, 1.79977
_1059_, 18.455, 73.44, 1.79977
FILLER_0_22_15, 18.455, 73.44, 1.79977
FILLER_0_23_15, 18.455, 73.44, 1.79977
FILLER_0_24_41, 18.455, 73.44, 1.79977
_0570_, 18.455, 68, 1.79977
_0847_, 18.455, 68, 1.79977
FILLER_0_21_39, 18.455, 68, 1.79977
FILLER_0_22_38, 18.455, 68, 1.79977
_0537_, 18.455, 62.56, 1.79973
_0538_, 18.455, 62.56, 1.79973
_1043_, 18.455, 62.56, 1.79973
FILLER_0_18_15, 18.455, 62.56, 1.79973
FILLER_0_18_25, 18.455, 62.56, 1.79973
FILLER_0_19_15, 18.455, 62.56, 1.79973
FILLER_0_20_41, 18.455, 62.56, 1.79973
_0831_, 18.455, 57.12, 1.79975
FILLER_0_17_39, 18.455, 57.12, 1.79975
FILLER_0_18_29, 18.455, 57.12, 1.79975
FILLER_0_18_37, 18.455, 57.12, 1.79975
_0536_, 18.455, 51.68, 1.79973
_0569_, 18.455, 51.68, 1.79973
_1058_, 18.455, 51.68, 1.79973
FILLER_0_14_15, 18.455, 51.68, 1.79973
_0535_, 18.455, 46.24, 1.79972
_1042_, 18.455, 46.24, 1.79972
FILLER_0_13_27, 18.455, 46.24, 1.79972
_1057_, 18.455, 40.8, 1.7997
FILLER_0_12_41, 18.455, 40.8, 1.7997
_0567_, 18.455, 35.36, 1.79971
_0781_, 18.455, 35.36, 1.79971
FILLER_0_10_29, 18.455, 35.36, 1.79971
FILLER_0_10_36, 18.455, 35.36, 1.79971
_0533_, 18.455, 29.92, 1.7997
_0534_, 18.455, 29.92, 1.7997
_1041_, 18.455, 29.92, 1.7997
FILLER_0_7_15, 18.455, 29.92, 1.7997
FILLER_0_7_23, 18.455, 29.92, 1.7997
_0532_, 18.455, 24.48, 1.79969
_1040_, 18.455, 24.48, 1.79969
FILLER_0_5_27, 18.455, 24.48, 1.79969
FILLER_0_6_29, 18.455, 24.48, 1.79969
PHY_72, 5.52, 111.52, 1.79977
PHY_74, 5.52, 111.52, 1.79977
input3, 5.52, 111.52, 1.79977
FILLER_0_37_3, 5.52, 111.52, 1.79977
PHY_73, 109.02, 111.52, 1.79976
PHY_75, 109.02, 111.52, 1.79976
hold3, 109.02, 111.52, 1.79976
hold8, 109.02, 111.52, 1.79976
_0576_, 31.392, 111.52, 1.79977
_0578_, 31.392, 111.52, 1.79977
input4, 31.392, 111.52, 1.79977
FILLER_0_36_46, 31.392, 111.52, 1.79977
FILLER_0_37_53, 31.392, 111.52, 1.79977
_1004_, 83.142, 111.52, 1.79978
_1010_, 83.142, 111.52, 1.79978
input2, 83.142, 111.52, 1.79978
FILLER_0_36_164, 83.142, 111.52, 1.79978
FILLER_0_37_165, 83.142, 111.52, 1.79978
FILLER_0_37_169, 83.142, 111.52, 1.79978
PHY_68, 5.52, 106.08, 1.79975
PHY_70, 5.52, 106.08, 1.79975
PHY_69, 109.02, 106.08, 1.79974
PHY_71, 109.02, 106.08, 1.79974
hold4, 109.02, 106.08, 1.79974
_0575_, 31.392, 106.08, 1.79974
_0577_, 31.392, 106.08, 1.79974
_1062_, 31.392, 106.08, 1.79974
FILLER_0_35_67, 31.392, 106.08, 1.79974
_0579_, 57.267, 106.08, 1.79974
_0936_, 57.267, 106.08, 1.79974
_0937_, 57.267, 106.08, 1.79974
_0944_, 57.267, 106.08, 1.79974
_0945_, 57.267, 106.08, 1.79974
_0998_, 57.267, 106.08, 1.79974
_1001_, 57.267, 106.08, 1.79974
FILLER_0_35_106, 57.267, 106.08, 1.79974
FILLER_0_35_123, 57.267, 106.08, 1.79974
FILLER_0_36_120, 57.267, 106.08, 1.79974
_0530_, 83.142, 106.08, 1.79974
_0995_, 83.142, 106.08, 1.79974
_0996_, 83.142, 106.08, 1.79974
_0997_, 83.142, 106.08, 1.79974
_1002_, 83.142, 106.08, 1.79974
_1006_, 83.142, 106.08, 1.79974
_1016_, 83.142, 106.08, 1.79974
_1017_, 83.142, 106.08, 1.79974
PHY_64, 5.52, 100.64, 1.79977
PHY_66, 5.52, 100.64, 1.79977
_0975_, 109.02, 100.64, 1.79974
_1008_, 109.02, 100.64, 1.79974
PHY_65, 109.02, 100.64, 1.79974
PHY_67, 109.02, 100.64, 1.79974
output10, 109.02, 100.64, 1.79974
_0890_, 31.392, 100.64, 1.79977
_0891_, 31.392, 100.64, 1.79977
_0896_, 31.392, 100.64, 1.79977
_0898_, 31.392, 100.64, 1.79977
FILLER_0_32_45, 31.392, 100.64, 1.79977
_0930_, 57.267, 100.64, 1.79977
_0933_, 57.267, 100.64, 1.79977
_0934_, 57.267, 100.64, 1.79977
_0935_, 57.267, 100.64, 1.79977
_0946_, 57.267, 100.64, 1.79977
_0968_, 57.267, 100.64, 1.79977
_0999_, 57.267, 100.64, 1.79977
_1000_, 57.267, 100.64, 1.79977
FILLER_0_33_99, 57.267, 100.64, 1.79977
FILLER_0_33_122, 57.267, 100.64, 1.79977
_1005_, 83.142, 100.64, 1.79976
_1013_, 83.142, 100.64, 1.79976
_1014_, 83.142, 100.64, 1.79976
_1015_, 83.142, 100.64, 1.79976
_1029_, 83.142, 100.64, 1.79976
_1030_, 83.142, 100.64, 1.79976
FILLER_0_33_164, 83.142, 100.64, 1.79976
FILLER_0_33_182, 83.142, 100.64, 1.79976
PHY_60, 5.52, 95.2, 1.79976
PHY_62, 5.52, 95.2, 1.79976
PHY_61, 109.02, 95.2, 1.79979
PHY_63, 109.02, 95.2, 1.79979
hold7, 109.02, 95.2, 1.79979
_0892_, 31.392, 95.2, 1.79976
_0893_, 31.392, 95.2, 1.79976
_0895_, 31.392, 95.2, 1.79976
_0897_, 31.392, 95.2, 1.79976
_0899_, 31.392, 95.2, 1.79976
_0901_, 31.392, 95.2, 1.79976
_0921_, 31.392, 95.2, 1.79976
_0922_, 31.392, 95.2, 1.79976
FILLER_0_31_68, 31.392, 95.2, 1.79976
FILLER_0_32_58, 31.392, 95.2, 1.79976
_0916_, 57.267, 95.2, 1.79979
_0955_, 57.267, 95.2, 1.79979
FILLER_0_31_108, 57.267, 95.2, 1.79979
FILLER_0_32_124, 57.267, 95.2, 1.79979
_0979_, 83.142, 95.2, 1.79979
_0990_, 83.142, 95.2, 1.79979
_1011_, 83.142, 95.2, 1.79979
_1012_, 83.142, 95.2, 1.79979
FILLER_0_30_168, 83.142, 95.2, 1.79979
FILLER_0_31_160, 83.142, 95.2, 1.79979
FILLER_0_31_169, 83.142, 95.2, 1.79979
PHY_56, 5.52, 89.76, 1.79976
PHY_58, 5.52, 89.76, 1.79976
_0914_, 109.02, 89.76, 1.79973
PHY_57, 109.02, 89.76, 1.79973
PHY_59, 109.02, 89.76, 1.79973
output8, 109.02, 89.76, 1.79973
output9, 109.02, 89.76, 1.79973
_0868_, 31.392, 89.76, 1.79976
_0869_, 31.392, 89.76, 1.79976
_0871_, 31.392, 89.76, 1.79976
_0873_, 31.392, 89.76, 1.79976
_0894_, 31.392, 89.76, 1.79976
_0919_, 31.392, 89.76, 1.79976
FILLER_0_29_48, 31.392, 89.76, 1.79976
_0917_, 57.267, 89.76, 1.79977
_0918_, 57.267, 89.76, 1.79977
_0931_, 57.267, 89.76, 1.79977
_0932_, 57.267, 89.76, 1.79977
_0947_, 57.267, 89.76, 1.79977
FILLER_0_28_109, 57.267, 89.76, 1.79977
FILLER_0_29_99, 57.267, 89.76, 1.79977
_0977_, 83.142, 89.76, 1.79976
_0978_, 83.142, 89.76, 1.79976
_0980_, 83.142, 89.76, 1.79976
_0981_, 83.142, 89.76, 1.79976
_0992_, 83.142, 89.76, 1.79976
_1022_, 83.142, 89.76, 1.79976
_1024_, 83.142, 89.76, 1.79976
_1025_, 83.142, 89.76, 1.79976
_1026_, 83.142, 89.76, 1.79976
_1027_, 83.142, 89.76, 1.79976
_1028_, 83.142, 89.76, 1.79976
FILLER_0_28_165, 83.142, 89.76, 1.79976
FILLER_0_29_182, 83.142, 89.76, 1.79976
PHY_52, 5.52, 84.32, 1.79977
PHY_54, 5.52, 84.32, 1.79977
PHY_53, 109.02, 84.32, 1.7998
PHY_55, 109.02, 84.32, 1.7998
hold10, 109.02, 84.32, 1.7998
FILLER_0_27_211, 109.02, 84.32, 1.7998
_0870_, 31.392, 84.32, 1.79976
_0872_, 31.392, 84.32, 1.79976
_0887_, 31.392, 84.32, 1.79976
_0920_, 31.392, 84.32, 1.79976
_0923_, 31.392, 84.32, 1.79976
_0926_, 31.392, 84.32, 1.79976
FILLER_0_27_51, 31.392, 84.32, 1.79976
FILLER_0_27_57, 31.392, 84.32, 1.79976
FILLER_0_28_66, 31.392, 84.32, 1.79976
_0927_, 57.267, 84.32, 1.79978
_0928_, 57.267, 84.32, 1.79978
_0929_, 57.267, 84.32, 1.79978
_0943_, 57.267, 84.32, 1.79978
_0956_, 57.267, 84.32, 1.79978
_0982_, 57.267, 84.32, 1.79978
FILLER_0_27_113, 57.267, 84.32, 1.79978
_0584_, 83.142, 84.32, 1.7998
_1018_, 83.142, 84.32, 1.7998
_1021_, 83.142, 84.32, 1.7998
_1023_, 83.142, 84.32, 1.7998
FILLER_0_27_159, 83.142, 84.32, 1.7998
FILLER_0_27_169, 83.142, 84.32, 1.7998
PHY_48, 5.52, 78.88, 1.79976
PHY_50, 5.52, 78.88, 1.79976
PHY_49, 109.02, 78.88, 1.79975
PHY_51, 109.02, 78.88, 1.79975
output7, 109.02, 78.88, 1.79975
FILLER_0_24_214, 109.02, 78.88, 1.79975
FILLER_0_25_214, 109.02, 78.88, 1.79975
_0863_, 31.392, 78.88, 1.79975
_0866_, 31.392, 78.88, 1.79975
_0867_, 31.392, 78.88, 1.79975
_0924_, 31.392, 78.88, 1.79975
_0925_, 31.392, 78.88, 1.79975
_0950_, 57.267, 78.88, 1.79968
_0951_, 57.267, 78.88, 1.79968
_0952_, 57.267, 78.88, 1.79968
_0953_, 57.267, 78.88, 1.79968
_0960_, 57.267, 78.88, 1.79968
clkbuf_2_2__f_clk, 57.267, 78.88, 1.79968
FILLER_0_25_101, 57.267, 78.88, 1.79968
FILLER_0_25_109, 57.267, 78.88, 1.79968
FILLER_0_26_114, 57.267, 78.88, 1.79968
_0583_, 83.142, 78.88, 1.79974
_1019_, 83.142, 78.88, 1.79974
_1020_, 83.142, 78.88, 1.79974
_1065_, 83.142, 78.88, 1.79974
FILLER_0_25_158, 83.142, 78.88, 1.79974
PHY_44, 5.52, 73.44, 1.79977
PHY_46, 5.52, 73.44, 1.79977
_0858_, 109.02, 73.44, 1.79978
PHY_45, 109.02, 73.44, 1.79978
PHY_47, 109.02, 73.44, 1.79978
hold1, 109.02, 73.44, 1.79978
_0838_, 31.392, 73.44, 1.79977
_0842_, 31.392, 73.44, 1.79977
_0843_, 31.392, 73.44, 1.79977
_0845_, 31.392, 73.44, 1.79977
_0848_, 31.392, 73.44, 1.79977
_0865_, 31.392, 73.44, 1.79977
FILLER_0_23_47, 31.392, 73.44, 1.79977
_0853_, 57.267, 73.44, 1.7998
_0900_, 57.267, 73.44, 1.7998
_0958_, 57.267, 73.44, 1.7998
_0959_, 57.267, 73.44, 1.7998
FILLER_0_23_101, 57.267, 73.44, 1.7998
FILLER_0_23_109, 57.267, 73.44, 1.7998
FILLER_0_23_125, 57.267, 73.44, 1.7998
_0549_, 83.142, 73.44, 1.79979
_0550_, 83.142, 73.44, 1.79979
_1049_, 83.142, 73.44, 1.79979
FILLER_0_23_181, 83.142, 73.44, 1.79979
FILLER_0_24_182, 83.142, 73.44, 1.79979
PHY_40, 5.52, 68, 1.79977
PHY_42, 5.52, 68, 1.79977
PHY_41, 109.02, 68, 1.79975
PHY_43, 109.02, 68, 1.79975
output20, 109.02, 68, 1.79975
output21, 109.02, 68, 1.79975
FILLER_0_20_213, 109.02, 68, 1.79975
_0818_, 31.392, 68, 1.79977
_0839_, 31.392, 68, 1.79977
_0841_, 31.392, 68, 1.79977
_0846_, 31.392, 68, 1.79977
_0851_, 31.392, 68, 1.79977
_0864_, 31.392, 68, 1.79977
FILLER_0_21_49, 31.392, 68, 1.79977
_0587_, 57.267, 68, 1.79978
_0588_, 57.267, 68, 1.79978
_0601_, 57.267, 68, 1.79978
_0602_, 57.267, 68, 1.79978
FILLER_0_20_101, 57.267, 68, 1.79978
FILLER_0_21_108, 57.267, 68, 1.79978
FILLER_0_21_113, 57.267, 68, 1.79978
_0552_, 83.142, 68, 1.79977
_0595_, 83.142, 68, 1.79977
_0645_, 83.142, 68, 1.79977
_0648_, 83.142, 68, 1.79977
_1050_, 83.142, 68, 1.79977
FILLER_0_20_168, 83.142, 68, 1.79977
PHY_36, 5.52, 62.56, 1.79973
PHY_38, 5.52, 62.56, 1.79973
PHY_37, 109.02, 62.56, 1.79974
PHY_39, 109.02, 62.56, 1.79974
hold11, 109.02, 62.56, 1.79974
_0809_, 31.392, 62.56, 1.79972
_0819_, 31.392, 62.56, 1.79972
_0821_, 31.392, 62.56, 1.79972
_0833_, 31.392, 62.56, 1.79972
_0835_, 31.392, 62.56, 1.79972
_0844_, 31.392, 62.56, 1.79972
FILLER_0_19_57, 31.392, 62.56, 1.79972
_0608_, 57.267, 62.56, 1.79968
_0814_, 57.267, 62.56, 1.79968
_0816_, 57.267, 62.56, 1.79968
clkbuf_0_clk, 57.267, 62.56, 1.79968
FILLER_0_19_108, 57.267, 62.56, 1.79968
FILLER_0_20_115, 57.267, 62.56, 1.79968
FILLER_0_20_123, 57.267, 62.56, 1.79968
_0598_, 83.142, 62.56, 1.79974
_0611_, 83.142, 62.56, 1.79974
_0633_, 83.142, 62.56, 1.79974
FILLER_0_19_157, 83.142, 62.56, 1.79974
FILLER_0_19_165, 83.142, 62.56, 1.79974
PHY_32, 5.52, 57.12, 1.79975
PHY_34, 5.52, 57.12, 1.79975
_0836_, 109.02, 57.12, 1.79973
PHY_33, 109.02, 57.12, 1.79973
PHY_35, 109.02, 57.12, 1.79973
output19, 109.02, 57.12, 1.79973
_0594_, 31.392, 57.12, 1.79975
_0820_, 31.392, 57.12, 1.79975
_0822_, 31.392, 57.12, 1.79975
_0832_, 31.392, 57.12, 1.79975
_0834_, 31.392, 57.12, 1.79975
_0592_, 57.267, 57.12, 1.79976
_0723_, 57.267, 57.12, 1.79976
_0805_, 57.267, 57.12, 1.79976
FILLER_0_17_104, 57.267, 57.12, 1.79976
FILLER_0_18_121, 57.267, 57.12, 1.79976
_0607_, 83.142, 57.12, 1.79975
_0610_, 83.142, 57.12, 1.79975
_0612_, 83.142, 57.12, 1.79975
_0617_, 83.142, 57.12, 1.79975
_0618_, 83.142, 57.12, 1.79975
_0628_, 83.142, 57.12, 1.79975
_0629_, 83.142, 57.12, 1.79975
_0677_, 83.142, 57.12, 1.79975
FILLER_0_17_157, 83.142, 57.12, 1.79975
FILLER_0_17_165, 83.142, 57.12, 1.79975
FILLER_0_18_180, 83.142, 57.12, 1.79975
PHY_28, 5.52, 51.68, 1.79973
PHY_30, 5.52, 51.68, 1.79973
_0801_, 109.02, 51.68, 1.79969
PHY_29, 109.02, 51.68, 1.79969
PHY_31, 109.02, 51.68, 1.79969
output18, 109.02, 51.68, 1.79969
hold5, 109.02, 51.68, 1.79969
_0568_, 31.392, 51.68, 1.79973
_0794_, 31.392, 51.68, 1.79973
_0798_, 31.392, 51.68, 1.79973
FILLER_0_15_53, 31.392, 51.68, 1.79973
FILLER_0_15_57, 31.392, 51.68, 1.79973
_0712_, 57.267, 51.68, 1.79973
_0759_, 57.267, 51.68, 1.79973
_0760_, 57.267, 51.68, 1.79973
_0768_, 57.267, 51.68, 1.79973
_0804_, 57.267, 51.68, 1.79973
_0806_, 57.267, 51.68, 1.79973
FILLER_0_14_104, 57.267, 51.68, 1.79973
FILLER_0_14_112, 57.267, 51.68, 1.79973
FILLER_0_15_104, 57.267, 51.68, 1.79973
FILLER_0_16_117, 57.267, 51.68, 1.79973
_0600_, 83.142, 51.68, 1.79971
_0603_, 83.142, 51.68, 1.79971
_0604_, 83.142, 51.68, 1.79971
_0605_, 83.142, 51.68, 1.79971
_0606_, 83.142, 51.68, 1.79971
_0622_, 83.142, 51.68, 1.79971
_0630_, 83.142, 51.68, 1.79971
_0650_, 83.142, 51.68, 1.79971
FILLER_0_14_165, 83.142, 51.68, 1.79971
FILLER_0_15_158, 83.142, 51.68, 1.79971
PHY_24, 5.52, 46.24, 1.79972
PHY_26, 5.52, 46.24, 1.79972
PHY_25, 109.02, 46.24, 1.79971
PHY_27, 109.02, 46.24, 1.79971
output17, 109.02, 46.24, 1.79971
FILLER_0_12_218, 109.02, 46.24, 1.79971
_0778_, 31.392, 46.24, 1.79971
_0779_, 31.392, 46.24, 1.79971
_0780_, 31.392, 46.24, 1.79971
_0790_, 31.392, 46.24, 1.79971
_0791_, 31.392, 46.24, 1.79971
_0792_, 31.392, 46.24, 1.79971
_0793_, 31.392, 46.24, 1.79971
_0799_, 31.392, 46.24, 1.79971
FILLER_0_12_49, 31.392, 46.24, 1.79971
FILLER_0_13_53, 31.392, 46.24, 1.79971
FILLER_0_13_60, 31.392, 46.24, 1.79971
_0711_, 57.267, 46.24, 1.79971
_0713_, 57.267, 46.24, 1.79971
_0714_, 57.267, 46.24, 1.79971
_0724_, 57.267, 46.24, 1.79971
_0725_, 57.267, 46.24, 1.79971
_0726_, 57.267, 46.24, 1.79971
_0727_, 57.267, 46.24, 1.79971
_0758_, 57.267, 46.24, 1.79971
_0761_, 57.267, 46.24, 1.79971
FILLER_0_12_112, 57.267, 46.24, 1.79971
_0555_, 83.142, 46.24, 1.79972
_0640_, 83.142, 46.24, 1.79972
_0707_, 83.142, 46.24, 1.79972
FILLER_0_12_160, 83.142, 46.24, 1.79972
FILLER_0_13_157, 83.142, 46.24, 1.79972
FILLER_0_13_165, 83.142, 46.24, 1.79972
FILLER_0_14_175, 83.142, 46.24, 1.79972
PHY_20, 5.52, 40.8, 1.7997
PHY_22, 5.52, 40.8, 1.7997
PHY_21, 109.02, 40.8, 1.79968
PHY_23, 109.02, 40.8, 1.79968
hold6, 109.02, 40.8, 1.79968
_0566_, 31.392, 40.8, 1.79969
_0782_, 31.392, 40.8, 1.79969
_0786_, 31.392, 40.8, 1.79969
_0787_, 31.392, 40.8, 1.79969
_0788_, 31.392, 40.8, 1.79969
_0827_, 31.392, 40.8, 1.79969
FILLER_0_10_45, 31.392, 40.8, 1.79969
_0706_, 57.267, 40.8, 1.79963
_0728_, 57.267, 40.8, 1.79963
_0729_, 57.267, 40.8, 1.79963
_0730_, 57.267, 40.8, 1.79963
_0741_, 57.267, 40.8, 1.79963
clkbuf_2_0__f_clk, 57.267, 40.8, 1.79963
FILLER_0_11_102, 57.267, 40.8, 1.79963
_0557_, 83.142, 40.8, 1.79968
_0636_, 83.142, 40.8, 1.79968
_0639_, 83.142, 40.8, 1.79968
_0643_, 83.142, 40.8, 1.79968
_0644_, 83.142, 40.8, 1.79968
_0665_, 83.142, 40.8, 1.79968
_0666_, 83.142, 40.8, 1.79968
_0668_, 83.142, 40.8, 1.79968
FILLER_0_10_155, 83.142, 40.8, 1.79968
FILLER_0_10_164, 83.142, 40.8, 1.79968
FILLER_0_12_172, 83.142, 40.8, 1.79968
PHY_16, 5.52, 35.36, 1.79971
PHY_18, 5.52, 35.36, 1.79971
PHY_17, 109.02, 35.36, 1.79967
PHY_19, 109.02, 35.36, 1.79967
hold2, 109.02, 35.36, 1.79967
_0777_, 31.392, 35.36, 1.7997
_0783_, 31.392, 35.36, 1.7997
_0784_, 31.392, 35.36, 1.7997
_0785_, 31.392, 35.36, 1.7997
_0828_, 31.392, 35.36, 1.7997
FILLER_0_8_46, 31.392, 35.36, 1.7997
FILLER_0_10_64, 31.392, 35.36, 1.7997
_0702_, 57.267, 35.36, 1.79967
_0703_, 57.267, 35.36, 1.79967
_0704_, 57.267, 35.36, 1.79967
_0705_, 57.267, 35.36, 1.79967
_0715_, 57.267, 35.36, 1.79967
FILLER_0_8_109, 57.267, 35.36, 1.79967
FILLER_0_9_113, 57.267, 35.36, 1.79967
_0638_, 83.142, 35.36, 1.79966
_0655_, 83.142, 35.36, 1.79966
_0667_, 83.142, 35.36, 1.79966
_0681_, 83.142, 35.36, 1.79966
FILLER_0_9_164, 83.142, 35.36, 1.79966
PHY_12, 5.52, 29.92, 1.7997
PHY_14, 5.52, 29.92, 1.7997
PHY_13, 109.02, 29.92, 1.79968
PHY_15, 109.02, 29.92, 1.79968
hold14, 109.02, 29.92, 1.79968
FILLER_0_6_215, 109.02, 29.92, 1.79968
_0531_, 31.392, 29.92, 1.7997
_0746_, 31.392, 29.92, 1.7997
_0749_, 31.392, 29.92, 1.7997
_0755_, 31.392, 29.92, 1.7997
_0757_, 31.392, 29.92, 1.7997
FILLER_0_7_51, 31.392, 29.92, 1.7997
FILLER_0_7_57, 31.392, 29.92, 1.7997
_0684_, 57.267, 29.92, 1.7997
_0686_, 57.267, 29.92, 1.7997
_0699_, 57.267, 29.92, 1.7997
_0700_, 57.267, 29.92, 1.7997
_0731_, 57.267, 29.92, 1.7997
_0732_, 57.267, 29.92, 1.7997
FILLER_0_7_109, 57.267, 29.92, 1.7997
FILLER_0_7_113, 57.267, 29.92, 1.7997
_0634_, 83.142, 29.92, 1.79969
_0649_, 83.142, 29.92, 1.79969
_0653_, 83.142, 29.92, 1.79969
_0654_, 83.142, 29.92, 1.79969
_0676_, 83.142, 29.92, 1.79969
FILLER_0_6_160, 83.142, 29.92, 1.79969
PHY_8, 5.52, 24.48, 1.79969
PHY_10, 5.52, 24.48, 1.79969
PHY_9, 109.02, 24.48, 1.79967
PHY_11, 109.02, 24.48, 1.79967
output14, 109.02, 24.48, 1.79967
_0748_, 31.392, 24.48, 1.79968
_0753_, 31.392, 24.48, 1.79968
_0754_, 31.392, 24.48, 1.79968
_0823_, 31.392, 24.48, 1.79968
_0824_, 31.392, 24.48, 1.79968
_0825_, 31.392, 24.48, 1.79968
_0829_, 31.392, 24.48, 1.79968
FILLER_0_4_53, 31.392, 24.48, 1.79968
FILLER_0_5_51, 31.392, 24.48, 1.79968
_0685_, 57.267, 24.48, 1.79968
_0687_, 57.267, 24.48, 1.79968
_0688_, 57.267, 24.48, 1.79968
_0695_, 57.267, 24.48, 1.79968
_0696_, 57.267, 24.48, 1.79968
_0697_, 57.267, 24.48, 1.79968
_0722_, 57.267, 24.48, 1.79968
_0736_, 57.267, 24.48, 1.79968
_0737_, 57.267, 24.48, 1.79968
FILLER_0_6_116, 57.267, 24.48, 1.79968
_0637_, 83.142, 24.48, 1.79967
_0646_, 83.142, 24.48, 1.79967
_0647_, 83.142, 24.48, 1.79967
_0651_, 83.142, 24.48, 1.79967
_0652_, 83.142, 24.48, 1.79967
_0673_, 83.142, 24.48, 1.79967
_0674_, 83.142, 24.48, 1.79967
_0689_, 83.142, 24.48, 1.79967
_0690_, 83.142, 24.48, 1.79967
_0691_, 83.142, 24.48, 1.79967
FILLER_0_5_155, 83.142, 24.48, 1.79967
FILLER_0_5_162, 83.142, 24.48, 1.79967
PHY_4, 5.52, 19.04, 1.79971
PHY_6, 5.52, 19.04, 1.79971
PHY_5, 109.02, 19.04, 1.79967
PHY_7, 109.02, 19.04, 1.79967
output13, 109.02, 19.04, 1.79967
FILLER_0_3_214, 109.02, 19.04, 1.79967
_0830_, 31.392, 19.04, 1.7997
FILLER_0_3_51, 31.392, 19.04, 1.7997
_0527_, 57.267, 19.04, 1.79968
_0528_, 57.267, 19.04, 1.79968
_1039_, 57.267, 19.04, 1.79968
FILLER_0_3_109, 57.267, 19.04, 1.79968
_0522_, 83.142, 19.04, 1.79969
_0558_, 83.142, 19.04, 1.79969
FILLER_0_2_162, 83.142, 19.04, 1.79969
FILLER_0_3_161, 83.142, 19.04, 1.79969
FILLER_0_3_169, 83.142, 19.04, 1.79969
PHY_0, 5.52, 13.6, 1.7997
PHY_2, 5.52, 13.6, 1.7997
PHY_1, 109.02, 13.6, 1.79967
PHY_3, 109.02, 13.6, 1.79967
output6, 109.02, 13.6, 1.79967
_1056_, 31.392, 13.6, 1.79967
FILLER_0_0_53, 31.392, 13.6, 1.79967
FILLER_0_1_51, 31.392, 13.6, 1.79967
FILLER_0_1_69, 31.392, 13.6, 1.79967
_0529_, 57.267, 13.6, 1.79965
_1038_, 57.267, 13.6, 1.79965
_1054_, 57.267, 13.6, 1.79965
FILLER_0_0_109, 57.267, 13.6, 1.79965
FILLER_0_1_109, 57.267, 13.6, 1.79965
FILLER_0_1_116, 57.267, 13.6, 1.79965
_0523_, 83.142, 13.6, 1.79965
_0524_, 83.142, 13.6, 1.79965
_0559_, 83.142, 13.6, 1.79965
_1036_, 83.142, 13.6, 1.79965
_1053_, 83.142, 13.6, 1.79965
FILLER_0_0_164, 83.142, 13.6, 1.79965
FILLER_0_0_169, 83.142, 13.6, 1.79965
FILLER_0_1_164, 83.142, 13.6, 1.79965

