Instance name,  X location,  Y location,  Voltage 
_1032_, 99.38, 114.24, 0.00029656
input1, 99.38, 114.24, 0.00029656
FILLER_0_37_190, 99.38, 114.24, 0.00029656
FILLER_0_37_197, 99.38, 114.24, 0.00029656
_1009_, 99.38, 108.8, 0.000329208
_1031_, 99.38, 108.8, 0.000329208
_1033_, 99.38, 108.8, 0.000329208
_1081_, 99.38, 108.8, 0.000329208
output12, 99.38, 108.8, 0.000329208
hold3, 99.38, 108.8, 0.000329208
hold8, 99.38, 108.8, 0.000329208
FILLER_0_35_196, 99.38, 108.8, 0.000329208
_0974_, 99.38, 103.36, 0.000350692
_1007_, 99.38, 103.36, 0.000350692
_1079_, 99.38, 103.36, 0.000350692
_1080_, 99.38, 103.36, 0.000350692
output11, 99.38, 103.36, 0.000350692
hold4, 99.38, 103.36, 0.000350692
FILLER_0_34_197, 99.38, 103.36, 0.000350692
_0975_, 99.38, 97.92, 0.000293882
FILLER_0_32_192, 99.38, 97.92, 0.000293882
_0717_, 99.38, 92.48, 0.000330186
_0913_, 99.38, 92.48, 0.000330186
_0915_, 99.38, 92.48, 0.000330186
_1077_, 99.38, 92.48, 0.000330186
_1078_, 99.38, 92.48, 0.000330186
hold7, 99.38, 92.48, 0.000330186
FILLER_0_30_193, 99.38, 92.48, 0.000330186
FILLER_0_30_201, 99.38, 92.48, 0.000330186
_0716_, 99.38, 87.04, 0.000302579
_0888_, 99.38, 87.04, 0.000302579
_0914_, 99.38, 87.04, 0.000302579
_0948_, 99.38, 87.04, 0.000302579
hold12, 99.38, 87.04, 0.000302579
FILLER_0_27_197, 99.38, 87.04, 0.000302579
FILLER_0_28_203, 99.38, 87.04, 0.000302579
_0518_, 99.38, 81.6, 0.000313864
_0719_, 99.38, 81.6, 0.000313864
_1076_, 99.38, 81.6, 0.000313864
hold10, 99.38, 81.6, 0.000313864
FILLER_0_26_197, 99.38, 81.6, 0.000313864
FILLER_0_27_211, 99.38, 81.6, 0.000313864
_0519_, 99.38, 76.16, 0.000300397
_0857_, 99.38, 76.16, 0.000300397
_0859_, 99.38, 76.16, 0.000300397
_0889_, 99.38, 76.16, 0.000300397
_1034_, 99.38, 76.16, 0.000300397
FILLER_0_23_191, 99.38, 76.16, 0.000300397
FILLER_0_24_214, 99.38, 76.16, 0.000300397
FILLER_0_25_214, 99.38, 76.16, 0.000300397
_0858_, 99.38, 70.72, 0.000299055
_1075_, 99.38, 70.72, 0.000299055
hold1, 99.38, 70.72, 0.000299055
hold9, 99.38, 70.72, 0.000299055
FILLER_0_21_191, 99.38, 70.72, 0.000299055
FILLER_0_21_199, 99.38, 70.72, 0.000299055
_0837_, 99.38, 65.28, 0.000283764
_1066_, 99.38, 65.28, 0.000283764
FILLER_0_19_193, 99.38, 65.28, 0.000283764
FILLER_0_20_213, 99.38, 65.28, 0.000283764
FILLER_0_21_210, 99.38, 65.28, 0.000283764
_0521_, 99.38, 59.84, 0.000276534
_1035_, 99.38, 59.84, 0.000276534
_1074_, 99.38, 59.84, 0.000276534
hold11, 99.38, 59.84, 0.000276534
_0800_, 99.38, 54.4, 0.000245785
_0802_, 99.38, 54.4, 0.000245785
_0836_, 99.38, 54.4, 0.000245785
_1073_, 99.38, 54.4, 0.000245785
FILLER_0_16_193, 99.38, 54.4, 0.000245785
FILLER_0_16_197, 99.38, 54.4, 0.000245785
FILLER_0_17_207, 99.38, 54.4, 0.000245785
_0776_, 99.38, 48.96, 0.000271118
_0801_, 99.38, 48.96, 0.000271118
_1072_, 99.38, 48.96, 0.000271118
hold5, 99.38, 48.96, 0.000271118
FILLER_0_13_193, 99.38, 48.96, 0.000271118
FILLER_0_14_209, 99.38, 48.96, 0.000271118
FILLER_0_15_205, 99.38, 48.96, 0.000271118
_0742_, 99.38, 43.52, 0.000246571
_0744_, 99.38, 43.52, 0.000246571
_0775_, 99.38, 43.52, 0.000246571
hold15, 99.38, 43.52, 0.000246571
_0718_, 99.38, 38.08, 0.000275271
_0743_, 99.38, 38.08, 0.000275271
_1071_, 99.38, 38.08, 0.000275271
output16, 99.38, 38.08, 0.000275271
hold6, 99.38, 38.08, 0.000275271
FILLER_0_9_195, 99.38, 38.08, 0.000275271
FILLER_0_10_197, 99.38, 38.08, 0.000275271
_0720_, 99.38, 32.64, 0.000286477
_0721_, 99.38, 32.64, 0.000286477
_1069_, 99.38, 32.64, 0.000286477
_1070_, 99.38, 32.64, 0.000286477
output15, 99.38, 32.64, 0.000286477
hold2, 99.38, 32.64, 0.000286477
FILLER_0_8_197, 99.38, 32.64, 0.000286477
_0631_, 99.38, 27.2, 0.000261688
_0656_, 99.38, 27.2, 0.000261688
_0682_, 99.38, 27.2, 0.000261688
hold14, 99.38, 27.2, 0.000261688
hold16, 99.38, 27.2, 0.000261688
_0632_, 99.38, 21.76, 0.000286962
_0657_, 99.38, 21.76, 0.000286962
_1067_, 99.38, 21.76, 0.000286962
_1068_, 99.38, 21.76, 0.000286962
hold13, 99.38, 21.76, 0.000286962
FILLER_0_3_191, 99.38, 21.76, 0.000286962
FILLER_0_4_190, 99.38, 21.76, 0.000286962
FILLER_0_4_201, 99.38, 21.76, 0.000286962
FILLER_0_2_192, 99.38, 16.32, 0.00026741
FILLER_0_3_214, 99.38, 16.32, 0.00026741
FILLER_0_0_209, 99.38, 10.88, 0.000259702
FILLER_0_37_137, 73.505, 114.24, 0.000287508
_1004_, 73.505, 108.8, 0.000304209
FILLER_0_36_135, 73.505, 108.8, 0.000304209
FILLER_0_36_153, 73.505, 108.8, 0.000304209
_0965_, 73.505, 103.36, 0.000327547
_0970_, 73.505, 103.36, 0.000327547
_0971_, 73.505, 103.36, 0.000327547
_0972_, 73.505, 103.36, 0.000327547
_0973_, 73.505, 103.36, 0.000327547
_0996_, 73.505, 103.36, 0.000327547
_0997_, 73.505, 103.36, 0.000327547
_1003_, 73.505, 103.36, 0.000327547
_1006_, 73.505, 103.36, 0.000327547
FILLER_0_35_148, 73.505, 103.36, 0.000327547
_0962_, 73.505, 97.92, 0.000288998
_0963_, 73.505, 97.92, 0.000288998
_1005_, 73.505, 97.92, 0.000288998
_0987_, 73.505, 92.48, 0.000299072
_0990_, 73.505, 92.48, 0.000299072
_0991_, 73.505, 92.48, 0.000299072
_0993_, 73.505, 92.48, 0.000299072
_0994_, 73.505, 92.48, 0.000299072
_1012_, 73.505, 92.48, 0.000299072
FILLER_0_29_137, 73.505, 92.48, 0.000299072
FILLER_0_29_145, 73.505, 92.48, 0.000299072
FILLER_0_30_136, 73.505, 92.48, 0.000299072
FILLER_0_30_141, 73.505, 92.48, 0.000299072
FILLER_0_31_149, 73.505, 92.48, 0.000299072
FILLER_0_31_160, 73.505, 92.48, 0.000299072
_0582_, 73.505, 87.04, 0.000293563
_0980_, 73.505, 87.04, 0.000293563
_0981_, 73.505, 87.04, 0.000293563
_0988_, 73.505, 87.04, 0.000293563
_0989_, 73.505, 87.04, 0.000293563
FILLER_0_28_135, 73.505, 87.04, 0.000293563
_0548_, 73.505, 81.6, 0.000296503
_1064_, 73.505, 81.6, 0.000296503
FILLER_0_27_159, 73.505, 81.6, 0.000296503
_0547_, 73.505, 76.16, 0.0003198
_0581_, 73.505, 76.16, 0.0003198
_1048_, 73.505, 76.16, 0.0003198
FILLER_0_23_135, 73.505, 76.16, 0.0003198
FILLER_0_25_158, 73.505, 76.16, 0.0003198
_0549_, 73.505, 70.72, 0.000274555
_0589_, 73.505, 70.72, 0.000274555
_1049_, 73.505, 70.72, 0.000274555
FILLER_0_21_140, 73.505, 70.72, 0.000274555
FILLER_0_21_147, 73.505, 70.72, 0.000274555
FILLER_0_22_153, 73.505, 70.72, 0.000274555
FILLER_0_23_151, 73.505, 70.72, 0.000274555
_0586_, 73.505, 65.28, 0.000277328
_0590_, 73.505, 65.28, 0.000277328
_0595_, 73.505, 65.28, 0.000277328
_0597_, 73.505, 65.28, 0.000277328
_0609_, 73.505, 65.28, 0.000277328
_0615_, 73.505, 65.28, 0.000277328
_0593_, 73.505, 59.84, 0.000231984
_0596_, 73.505, 59.84, 0.000231984
_0620_, 73.505, 59.84, 0.000231984
FILLER_0_18_141, 73.505, 59.84, 0.000231984
FILLER_0_19_157, 73.505, 59.84, 0.000231984
_0621_, 73.505, 54.4, 0.000213193
_0623_, 73.505, 54.4, 0.000213193
_0624_, 73.505, 54.4, 0.000213193
_0625_, 73.505, 54.4, 0.000213193
_0628_, 73.505, 54.4, 0.000213193
_0629_, 73.505, 54.4, 0.000213193
FILLER_0_16_135, 73.505, 54.4, 0.000213193
FILLER_0_17_157, 73.505, 54.4, 0.000213193
_0622_, 73.505, 48.96, 0.000230469
_0641_, 73.505, 48.96, 0.000230469
_0710_, 73.505, 48.96, 0.000230469
FILLER_0_13_141, 73.505, 48.96, 0.000230469
FILLER_0_15_158, 73.505, 48.96, 0.000230469
_0642_, 73.505, 43.52, 0.000225749
_0707_, 73.505, 43.52, 0.000225749
_0708_, 73.505, 43.52, 0.000225749
_0709_, 73.505, 43.52, 0.000225749
FILLER_0_12_137, 73.505, 43.52, 0.000225749
FILLER_0_12_153, 73.505, 43.52, 0.000225749
FILLER_0_12_160, 73.505, 43.52, 0.000225749
FILLER_0_13_151, 73.505, 43.52, 0.000225749
FILLER_0_13_157, 73.505, 43.52, 0.000225749
_0635_, 73.505, 38.08, 0.000250976
_0636_, 73.505, 38.08, 0.000250976
_0659_, 73.505, 38.08, 0.000250976
_0660_, 73.505, 38.08, 0.000250976
_0662_, 73.505, 38.08, 0.000250976
_0663_, 73.505, 38.08, 0.000250976
_0664_, 73.505, 38.08, 0.000250976
_0665_, 73.505, 38.08, 0.000250976
FILLER_0_10_155, 73.505, 38.08, 0.000250976
FILLER_0_11_151, 73.505, 38.08, 0.000250976
_0661_, 73.505, 32.64, 0.000273898
_0679_, 73.505, 32.64, 0.000273898
_0680_, 73.505, 32.64, 0.000273898
FILLER_0_8_135, 73.505, 32.64, 0.000273898
_0658_, 73.505, 27.2, 0.000250048
_0669_, 73.505, 27.2, 0.000250048
_0670_, 73.505, 27.2, 0.000250048
_0671_, 73.505, 27.2, 0.000250048
_0675_, 73.505, 27.2, 0.000250048
_0676_, 73.505, 27.2, 0.000250048
_0678_, 73.505, 27.2, 0.000250048
FILLER_0_5_140, 73.505, 27.2, 0.000250048
FILLER_0_5_146, 73.505, 27.2, 0.000250048
FILLER_0_6_160, 73.505, 27.2, 0.000250048
_0672_, 73.505, 21.76, 0.000254794
_0674_, 73.505, 21.76, 0.000254794
_0689_, 73.505, 21.76, 0.000254794
_0691_, 73.505, 21.76, 0.000254794
_0692_, 73.505, 21.76, 0.000254794
_0693_, 73.505, 21.76, 0.000254794
_0694_, 73.505, 21.76, 0.000254794
FILLER_0_4_136, 73.505, 21.76, 0.000254794
FILLER_0_4_141, 73.505, 21.76, 0.000254794
FILLER_0_5_155, 73.505, 21.76, 0.000254794
_0560_, 73.505, 16.32, 0.000261714
_0561_, 73.505, 16.32, 0.000261714
FILLER_0_1_139, 73.505, 16.32, 0.000261714
FILLER_0_3_161, 73.505, 16.32, 0.000261714
_0524_, 73.505, 10.88, 0.0002559
_0525_, 73.505, 10.88, 0.0002559
_1037_, 73.505, 10.88, 0.0002559
FILLER_0_0_137, 73.505, 10.88, 0.0002559
FILLER_0_0_141, 73.505, 10.88, 0.0002559
FILLER_0_0_149, 73.505, 10.88, 0.0002559
FILLER_0_37_85, 47.63, 114.24, 0.000279783
_0546_, 47.63, 108.8, 0.000302451
_1047_, 47.63, 108.8, 0.000302451
input5, 47.63, 108.8, 0.000302451
FILLER_0_35_91, 47.63, 108.8, 0.000302451
FILLER_0_36_80, 47.63, 108.8, 0.000302451
FILLER_0_36_85, 47.63, 108.8, 0.000302451
_0543_, 47.63, 103.36, 0.00031175
_0545_, 47.63, 103.36, 0.00031175
_0909_, 47.63, 103.36, 0.00031175
_0936_, 47.63, 103.36, 0.00031175
_0937_, 47.63, 103.36, 0.00031175
FILLER_0_34_94, 47.63, 103.36, 0.00031175
_0902_, 47.63, 97.92, 0.000287331
_0903_, 47.63, 97.92, 0.000287331
_0904_, 47.63, 97.92, 0.000287331
_0905_, 47.63, 97.92, 0.000287331
_0908_, 47.63, 97.92, 0.000287331
_0910_, 47.63, 97.92, 0.000287331
_0912_, 47.63, 97.92, 0.000287331
_0933_, 47.63, 97.92, 0.000287331
FILLER_0_32_94, 47.63, 97.92, 0.000287331
FILLER_0_33_99, 47.63, 97.92, 0.000287331
_0906_, 47.63, 92.48, 0.000281216
_0907_, 47.63, 92.48, 0.000281216
_0916_, 47.63, 92.48, 0.000281216
FILLER_0_29_81, 47.63, 92.48, 0.000281216
FILLER_0_30_97, 47.63, 92.48, 0.000281216
_0876_, 47.63, 87.04, 0.000283034
_0877_, 47.63, 87.04, 0.000283034
_0884_, 47.63, 87.04, 0.000283034
_0886_, 47.63, 87.04, 0.000283034
_0932_, 47.63, 87.04, 0.000283034
_0941_, 47.63, 87.04, 0.000283034
FILLER_0_29_99, 47.63, 87.04, 0.000283034
_0878_, 47.63, 81.6, 0.000277612
_0882_, 47.63, 81.6, 0.000277612
_0883_, 47.63, 81.6, 0.000277612
_0885_, 47.63, 81.6, 0.000277612
_0938_, 47.63, 81.6, 0.000277612
_0942_, 47.63, 81.6, 0.000277612
_0943_, 47.63, 81.6, 0.000277612
FILLER_0_25_81, 47.63, 81.6, 0.000277612
FILLER_0_26_79, 47.63, 81.6, 0.000277612
FILLER_0_26_94, 47.63, 81.6, 0.000277612
_0850_, 47.63, 76.16, 0.000332825
_0880_, 47.63, 76.16, 0.000332825
_0939_, 47.63, 76.16, 0.000332825
_0940_, 47.63, 76.16, 0.000332825
clkbuf_2_2__f_clk, 47.63, 76.16, 0.000332825
FILLER_0_24_78, 47.63, 76.16, 0.000332825
FILLER_0_24_85, 47.63, 76.16, 0.000332825
FILLER_0_24_97, 47.63, 76.16, 0.000332825
FILLER_0_25_101, 47.63, 76.16, 0.000332825
_0852_, 47.63, 70.72, 0.000244395
_0853_, 47.63, 70.72, 0.000244395
_0854_, 47.63, 70.72, 0.000244395
_0855_, 47.63, 70.72, 0.000244395
_0879_, 47.63, 70.72, 0.000244395
_0881_, 47.63, 70.72, 0.000244395
_0900_, 47.63, 70.72, 0.000244395
FILLER_0_21_81, 47.63, 70.72, 0.000244395
FILLER_0_22_78, 47.63, 70.72, 0.000244395
FILLER_0_23_101, 47.63, 70.72, 0.000244395
_0811_, 47.63, 65.28, 0.00024544
_0812_, 47.63, 65.28, 0.00024544
_0813_, 47.63, 65.28, 0.00024544
_0815_, 47.63, 65.28, 0.00024544
_0849_, 47.63, 65.28, 0.00024544
FILLER_0_20_81, 47.63, 65.28, 0.00024544
FILLER_0_20_85, 47.63, 65.28, 0.00024544
FILLER_0_20_101, 47.63, 65.28, 0.00024544
_0814_, 47.63, 59.84, 0.000199539
_0816_, 47.63, 59.84, 0.000199539
_0817_, 47.63, 59.84, 0.000199539
FILLER_0_18_81, 47.63, 59.84, 0.000199539
FILLER_0_19_92, 47.63, 59.84, 0.000199539
_0723_, 47.63, 54.4, 0.000166445
FILLER_0_15_85, 47.63, 54.4, 0.000166445
FILLER_0_16_97, 47.63, 54.4, 0.000166445
FILLER_0_17_104, 47.63, 54.4, 0.000166445
_0762_, 47.63, 48.96, 0.0001906
_0768_, 47.63, 48.96, 0.0001906
_0771_, 47.63, 48.96, 0.0001906
_0772_, 47.63, 48.96, 0.0001906
_0789_, 47.63, 48.96, 0.0001906
_0796_, 47.63, 48.96, 0.0001906
_0803_, 47.63, 48.96, 0.0001906
_0804_, 47.63, 48.96, 0.0001906
_0807_, 47.63, 48.96, 0.0001906
_0808_, 47.63, 48.96, 0.0001906
FILLER_0_13_80, 47.63, 48.96, 0.0001906
FILLER_0_14_104, 47.63, 48.96, 0.0001906
FILLER_0_15_104, 47.63, 48.96, 0.0001906
_0724_, 47.63, 43.52, 0.000194902
_0761_, 47.63, 43.52, 0.000194902
_0767_, 47.63, 43.52, 0.000194902
_0769_, 47.63, 43.52, 0.000194902
_0770_, 47.63, 43.52, 0.000194902
_0774_, 47.63, 43.52, 0.000194902
FILLER_0_11_80, 47.63, 43.52, 0.000194902
FILLER_0_12_79, 47.63, 43.52, 0.000194902
FILLER_0_13_98, 47.63, 43.52, 0.000194902
_0701_, 47.63, 38.08, 0.000252125
_0745_, 47.63, 38.08, 0.000252125
_0765_, 47.63, 38.08, 0.000252125
_0766_, 47.63, 38.08, 0.000252125
_0773_, 47.63, 38.08, 0.000252125
clkbuf_2_0__f_clk, 47.63, 38.08, 0.000252125
FILLER_0_10_92, 47.63, 38.08, 0.000252125
FILLER_0_11_102, 47.63, 38.08, 0.000252125
_0704_, 47.63, 32.64, 0.000246659
_0739_, 47.63, 32.64, 0.000246659
FILLER_0_7_80, 47.63, 32.64, 0.000246659
FILLER_0_9_96, 47.63, 32.64, 0.000246659
_0731_, 47.63, 27.2, 0.000235282
_0733_, 47.63, 27.2, 0.000235282
_0734_, 47.63, 27.2, 0.000235282
_0735_, 47.63, 27.2, 0.000235282
_0738_, 47.63, 27.2, 0.000235282
_0740_, 47.63, 27.2, 0.000235282
_0826_, 47.63, 27.2, 0.000235282
FILLER_0_5_81, 47.63, 27.2, 0.000235282
FILLER_0_6_81, 47.63, 27.2, 0.000235282
FILLER_0_6_85, 47.63, 27.2, 0.000235282
_0722_, 47.63, 21.76, 0.000229509
_0736_, 47.63, 21.76, 0.000229509
_0750_, 47.63, 21.76, 0.000229509
_0751_, 47.63, 21.76, 0.000229509
_0562_, 47.63, 16.32, 0.000245599
_0563_, 47.63, 16.32, 0.000245599
_0564_, 47.63, 16.32, 0.000245599
_1039_, 47.63, 16.32, 0.000245599
_1055_, 47.63, 10.88, 0.000236976
FILLER_0_0_81, 47.63, 10.88, 0.000236976
_0576_, 21.755, 108.8, 0.000287509
FILLER_0_36_46, 21.755, 108.8, 0.000287509
_0575_, 21.755, 103.36, 0.000300174
_1061_, 21.755, 103.36, 0.000300174
FILLER_0_34_41, 21.755, 103.36, 0.000300174
_0541_, 21.755, 97.92, 0.000286324
_0891_, 21.755, 97.92, 0.000286324
_1045_, 21.755, 97.92, 0.000286324
FILLER_0_32_45, 21.755, 97.92, 0.000286324
FILLER_0_33_39, 21.755, 97.92, 0.000286324
_0892_, 21.755, 92.48, 0.000270925
_0893_, 21.755, 92.48, 0.000270925
FILLER_0_31_38, 21.755, 92.48, 0.000270925
_0573_, 21.755, 87.04, 0.000288356
_0860_, 21.755, 87.04, 0.000288356
_0861_, 21.755, 87.04, 0.000288356
_0862_, 21.755, 87.04, 0.000288356
_0868_, 21.755, 87.04, 0.000288356
_0869_, 21.755, 87.04, 0.000288356
_0919_, 21.755, 87.04, 0.000288356
FILLER_0_28_29, 21.755, 87.04, 0.000288356
FILLER_0_29_36, 21.755, 87.04, 0.000288356
FILLER_0_29_48, 21.755, 87.04, 0.000288356
_0539_, 21.755, 81.6, 0.000272056
_0872_, 21.755, 81.6, 0.000272056
_0920_, 21.755, 81.6, 0.000272056
_0923_, 21.755, 81.6, 0.000272056
FILLER_0_26_41, 21.755, 81.6, 0.000272056
FILLER_0_27_38, 21.755, 81.6, 0.000272056
_0866_, 21.755, 76.16, 0.000266194
_0924_, 21.755, 76.16, 0.000266194
_0925_, 21.755, 76.16, 0.000266194
FILLER_0_24_41, 21.755, 76.16, 0.000266194
FILLER_0_25_42, 21.755, 76.16, 0.000266194
_0570_, 21.755, 70.72, 0.000246761
_0847_, 21.755, 70.72, 0.000246761
_0865_, 21.755, 70.72, 0.000246761
FILLER_0_22_38, 21.755, 70.72, 0.000246761
FILLER_0_23_47, 21.755, 70.72, 0.000246761
_0537_, 21.755, 65.28, 0.000218148
_0818_, 21.755, 65.28, 0.000218148
_0846_, 21.755, 65.28, 0.000218148
FILLER_0_20_41, 21.755, 65.28, 0.000218148
FILLER_0_21_39, 21.755, 65.28, 0.000218148
FILLER_0_21_49, 21.755, 65.28, 0.000218148
_0819_, 21.755, 59.84, 0.00021267
_0831_, 21.755, 59.84, 0.00021267
_0833_, 21.755, 59.84, 0.00021267
_0844_, 21.755, 59.84, 0.00021267
FILLER_0_18_29, 21.755, 59.84, 0.00021267
FILLER_0_18_37, 21.755, 59.84, 0.00021267
_0569_, 21.755, 54.4, 0.000182251
_0820_, 21.755, 54.4, 0.000182251
_0832_, 21.755, 54.4, 0.000182251
_1058_, 21.755, 54.4, 0.000182251
FILLER_0_17_39, 21.755, 54.4, 0.000182251
_0535_, 21.755, 48.96, 0.000194162
_0568_, 21.755, 48.96, 0.000194162
_1042_, 21.755, 48.96, 0.000194162
FILLER_0_13_27, 21.755, 48.96, 0.000194162
_0779_, 21.755, 43.52, 0.000198557
_1057_, 21.755, 43.52, 0.000198557
FILLER_0_12_41, 21.755, 43.52, 0.000198557
FILLER_0_12_49, 21.755, 43.52, 0.000198557
_0566_, 21.755, 38.08, 0.000213698
_0567_, 21.755, 38.08, 0.000213698
_0781_, 21.755, 38.08, 0.000213698
_0782_, 21.755, 38.08, 0.000213698
FILLER_0_10_29, 21.755, 38.08, 0.000213698
FILLER_0_10_36, 21.755, 38.08, 0.000213698
FILLER_0_10_45, 21.755, 38.08, 0.000213698
_0534_, 21.755, 32.64, 0.000214705
FILLER_0_8_46, 21.755, 32.64, 0.000214705
_0531_, 21.755, 27.2, 0.000239019
_0533_, 21.755, 27.2, 0.000239019
_1040_, 21.755, 27.2, 0.000239019
FILLER_0_5_27, 21.755, 27.2, 0.000239019
FILLER_0_6_29, 21.755, 27.2, 0.000239019
_0532_, 21.755, 21.76, 0.000218158
PHY_74, 5.52, 114.24, 0.000279749
PHY_75, 109.02, 114.24, 0.00029656
input3, 13.637, 114.24, 0.000279749
input4, 34.692, 114.24, 0.000280536
FILLER_0_37_53, 34.692, 114.24, 0.000280536
input2, 86.442, 114.24, 0.00029286
FILLER_0_37_165, 86.442, 114.24, 0.00029286
FILLER_0_37_169, 86.442, 114.24, 0.00029286
PHY_70, 5.52, 108.8, 0.000287509
PHY_72, 5.52, 108.8, 0.000287509
FILLER_0_37_3, 5.52, 108.8, 0.000287509
PHY_71, 109.02, 108.8, 0.000329208
PHY_73, 109.02, 108.8, 0.000329208
_0544_, 34.692, 108.8, 0.00030737
_0577_, 34.692, 108.8, 0.00030737
_0578_, 34.692, 108.8, 0.00030737
_1062_, 34.692, 108.8, 0.00030737
FILLER_0_37_75, 34.692, 108.8, 0.00030737
_0579_, 60.567, 108.8, 0.000307396
_0580_, 60.567, 108.8, 0.000307396
_0945_, 60.567, 108.8, 0.000307396
_0998_, 60.567, 108.8, 0.000307396
FILLER_0_35_106, 60.567, 108.8, 0.000307396
FILLER_0_36_120, 60.567, 108.8, 0.000307396
_0530_, 86.442, 108.8, 0.000322392
_1002_, 86.442, 108.8, 0.000322392
_1010_, 86.442, 108.8, 0.000322392
_1016_, 86.442, 108.8, 0.000322392
FILLER_0_36_164, 86.442, 108.8, 0.000322392
PHY_66, 5.52, 103.36, 0.000300174
PHY_68, 5.52, 103.36, 0.000300174
_1008_, 109.02, 103.36, 0.000360991
PHY_67, 109.02, 103.36, 0.000360991
PHY_69, 109.02, 103.36, 0.000360991
output10, 109.02, 103.36, 0.000360991
_0890_, 34.692, 103.36, 0.00031967
_0898_, 34.692, 103.36, 0.00031967
_1046_, 34.692, 103.36, 0.00031967
FILLER_0_34_77, 34.692, 103.36, 0.00031967
FILLER_0_35_67, 34.692, 103.36, 0.00031967
_0934_, 60.567, 103.36, 0.000342762
_0935_, 60.567, 103.36, 0.000342762
_0944_, 60.567, 103.36, 0.000342762
_0946_, 60.567, 103.36, 0.000342762
_0967_, 60.567, 103.36, 0.000342762
_0968_, 60.567, 103.36, 0.000342762
_0969_, 60.567, 103.36, 0.000342762
_0999_, 60.567, 103.36, 0.000342762
_1000_, 60.567, 103.36, 0.000342762
_1001_, 60.567, 103.36, 0.000342762
_1063_, 60.567, 103.36, 0.000342762
FILLER_0_35_123, 60.567, 103.36, 0.000342762
_0572_, 86.442, 103.36, 0.000347369
_0995_, 86.442, 103.36, 0.000347369
_1013_, 86.442, 103.36, 0.000347369
_1014_, 86.442, 103.36, 0.000347369
_1015_, 86.442, 103.36, 0.000347369
_1017_, 86.442, 103.36, 0.000347369
_1030_, 86.442, 103.36, 0.000347369
FILLER_0_33_164, 86.442, 103.36, 0.000347369
PHY_62, 5.52, 97.92, 0.000287064
PHY_64, 5.52, 97.92, 0.000287064
PHY_63, 109.02, 97.92, 0.000293882
PHY_65, 109.02, 97.92, 0.000293882
_0542_, 13.637, 97.92, 0.000287064
FILLER_0_32_15, 13.637, 97.92, 0.000287064
_0896_, 34.692, 97.92, 0.000290833
_0897_, 34.692, 97.92, 0.000290833
_0901_, 34.692, 97.92, 0.000290833
_0911_, 34.692, 97.92, 0.000290833
_0921_, 34.692, 97.92, 0.000290833
_0922_, 34.692, 97.92, 0.000290833
FILLER_0_32_58, 34.692, 97.92, 0.000290833
FILLER_0_32_71, 34.692, 97.92, 0.000290833
_0930_, 60.567, 97.92, 0.00029182
_0964_, 60.567, 97.92, 0.00029182
_0966_, 60.567, 97.92, 0.00029182
FILLER_0_31_108, 60.567, 97.92, 0.00029182
FILLER_0_32_124, 60.567, 97.92, 0.00029182
FILLER_0_33_122, 60.567, 97.92, 0.00029182
_0976_, 86.442, 97.92, 0.000292269
_1029_, 86.442, 97.92, 0.000292269
FILLER_0_31_169, 86.442, 97.92, 0.000292269
FILLER_0_33_182, 86.442, 97.92, 0.000292269
PHY_58, 5.52, 92.48, 0.000270925
PHY_60, 5.52, 92.48, 0.000270925
PHY_59, 109.02, 92.48, 0.000339103
PHY_61, 109.02, 92.48, 0.000339103
output9, 109.02, 92.48, 0.000339103
FILLER_0_29_15, 13.637, 92.48, 0.000270925
_0871_, 34.692, 92.48, 0.000282093
_0894_, 34.692, 92.48, 0.000282093
_0895_, 34.692, 92.48, 0.000282093
_0899_, 34.692, 92.48, 0.000282093
FILLER_0_31_68, 34.692, 92.48, 0.000282093
_0917_, 60.567, 92.48, 0.000296542
_0918_, 60.567, 92.48, 0.000296542
_0947_, 60.567, 92.48, 0.000296542
_0955_, 60.567, 92.48, 0.000296542
_0985_, 60.567, 92.48, 0.000296542
FILLER_0_30_129, 60.567, 92.48, 0.000296542
_0977_, 86.442, 92.48, 0.000321536
_0978_, 86.442, 92.48, 0.000321536
_0979_, 86.442, 92.48, 0.000321536
_0992_, 86.442, 92.48, 0.000321536
_1011_, 86.442, 92.48, 0.000321536
_1024_, 86.442, 92.48, 0.000321536
_1026_, 86.442, 92.48, 0.000321536
_1027_, 86.442, 92.48, 0.000321536
_1028_, 86.442, 92.48, 0.000321536
FILLER_0_30_168, 86.442, 92.48, 0.000321536
FILLER_0_30_185, 86.442, 92.48, 0.000321536
PHY_54, 5.52, 87.04, 0.000302392
PHY_56, 5.52, 87.04, 0.000302392
PHY_55, 109.02, 87.04, 0.000311436
PHY_57, 109.02, 87.04, 0.000311436
output8, 109.02, 87.04, 0.000311436
_0574_, 13.637, 87.04, 0.000302392
_1060_, 13.637, 87.04, 0.000302392
FILLER_0_28_15, 13.637, 87.04, 0.000302392
_0870_, 34.692, 87.04, 0.000293495
_0873_, 34.692, 87.04, 0.000293495
_0874_, 34.692, 87.04, 0.000293495
_0875_, 34.692, 87.04, 0.000293495
_0887_, 34.692, 87.04, 0.000293495
FILLER_0_27_51, 34.692, 87.04, 0.000293495
FILLER_0_27_57, 34.692, 87.04, 0.000293495
FILLER_0_28_66, 34.692, 87.04, 0.000293495
_0927_, 60.567, 87.04, 0.000299157
_0928_, 60.567, 87.04, 0.000299157
_0929_, 60.567, 87.04, 0.000299157
_0931_, 60.567, 87.04, 0.000299157
_0956_, 60.567, 87.04, 0.000299157
_0982_, 60.567, 87.04, 0.000299157
_0983_, 60.567, 87.04, 0.000299157
_0984_, 60.567, 87.04, 0.000299157
_0986_, 60.567, 87.04, 0.000299157
FILLER_0_27_113, 60.567, 87.04, 0.000299157
FILLER_0_28_109, 60.567, 87.04, 0.000299157
_0949_, 86.442, 87.04, 0.000302195
_1021_, 86.442, 87.04, 0.000302195
_1022_, 86.442, 87.04, 0.000302195
_1025_, 86.442, 87.04, 0.000302195
FILLER_0_27_169, 86.442, 87.04, 0.000302195
FILLER_0_28_165, 86.442, 87.04, 0.000302195
FILLER_0_28_183, 86.442, 87.04, 0.000302195
FILLER_0_29_182, 86.442, 87.04, 0.000302195
PHY_50, 5.52, 81.6, 0.000284184
PHY_52, 5.52, 81.6, 0.000284184
PHY_51, 109.02, 81.6, 0.000322345
PHY_53, 109.02, 81.6, 0.000322345
output7, 109.02, 81.6, 0.000322345
_1044_, 13.637, 81.6, 0.000284184
_0867_, 34.692, 81.6, 0.000281675
_0926_, 34.692, 81.6, 0.000281675
_0950_, 60.567, 81.6, 0.000293125
_0951_, 60.567, 81.6, 0.000293125
_0952_, 60.567, 81.6, 0.000293125
_0953_, 60.567, 81.6, 0.000293125
_0954_, 60.567, 81.6, 0.000293125
FILLER_0_25_109, 60.567, 81.6, 0.000293125
FILLER_0_26_114, 60.567, 81.6, 0.000293125
FILLER_0_26_132, 60.567, 81.6, 0.000293125
_0583_, 86.442, 81.6, 0.000319419
_0584_, 86.442, 81.6, 0.000319419
_1018_, 86.442, 81.6, 0.000319419
_1023_, 86.442, 81.6, 0.000319419
_1065_, 86.442, 81.6, 0.000319419
FILLER_0_26_189, 86.442, 81.6, 0.000319419
PHY_46, 5.52, 76.16, 0.00026694
PHY_48, 5.52, 76.16, 0.00026694
PHY_47, 109.02, 76.16, 0.000300397
PHY_49, 109.02, 76.16, 0.000300397
_0540_, 13.637, 76.16, 0.00026694
FILLER_0_23_15, 13.637, 76.16, 0.00026694
FILLER_0_24_15, 13.637, 76.16, 0.00026694
FILLER_0_24_24, 13.637, 76.16, 0.00026694
_0838_, 34.692, 76.16, 0.000303158
_0842_, 34.692, 76.16, 0.000303158
_0843_, 34.692, 76.16, 0.000303158
_0863_, 34.692, 76.16, 0.000303158
_0958_, 60.567, 76.16, 0.000384064
_0959_, 60.567, 76.16, 0.000384064
_0960_, 60.567, 76.16, 0.000384064
_0961_, 60.567, 76.16, 0.000384064
clkbuf_2_3__f_clk, 60.567, 76.16, 0.000384064
FILLER_0_23_109, 60.567, 76.16, 0.000384064
_0517_, 86.442, 76.16, 0.000312778
_0550_, 86.442, 76.16, 0.000312778
_1019_, 86.442, 76.16, 0.000312778
_1020_, 86.442, 76.16, 0.000312778
FILLER_0_24_182, 86.442, 76.16, 0.000312778
PHY_42, 5.52, 70.72, 0.000260347
PHY_44, 5.52, 70.72, 0.000260347
PHY_43, 109.02, 70.72, 0.000307009
PHY_45, 109.02, 70.72, 0.000307009
output21, 109.02, 70.72, 0.000307009
_0571_, 13.637, 70.72, 0.000260347
_1059_, 13.637, 70.72, 0.000260347
FILLER_0_22_15, 13.637, 70.72, 0.000260347
_0839_, 34.692, 70.72, 0.000254372
_0840_, 34.692, 70.72, 0.000254372
_0841_, 34.692, 70.72, 0.000254372
_0845_, 34.692, 70.72, 0.000254372
_0848_, 34.692, 70.72, 0.000254372
_0851_, 34.692, 70.72, 0.000254372
_0856_, 34.692, 70.72, 0.000254372
_0864_, 34.692, 70.72, 0.000254372
_0587_, 60.567, 70.72, 0.000261439
_0601_, 60.567, 70.72, 0.000261439
_0957_, 60.567, 70.72, 0.000261439
FILLER_0_21_108, 60.567, 70.72, 0.000261439
FILLER_0_21_113, 60.567, 70.72, 0.000261439
FILLER_0_22_131, 60.567, 70.72, 0.000261439
FILLER_0_23_125, 60.567, 70.72, 0.000261439
_0551_, 86.442, 70.72, 0.000302572
_0552_, 86.442, 70.72, 0.000302572
_0553_, 86.442, 70.72, 0.000302572
_0645_, 86.442, 70.72, 0.000302572
_0648_, 86.442, 70.72, 0.000302572
_1050_, 86.442, 70.72, 0.000302572
FILLER_0_22_187, 86.442, 70.72, 0.000302572
FILLER_0_23_181, 86.442, 70.72, 0.000302572
PHY_38, 5.52, 65.28, 0.000218148
PHY_40, 5.52, 65.28, 0.000218148
PHY_39, 109.02, 65.28, 0.000292647
PHY_41, 109.02, 65.28, 0.000292647
output20, 109.02, 65.28, 0.000292647
FILLER_0_19_15, 13.637, 65.28, 0.000218148
_0809_, 34.692, 65.28, 0.000233084
FILLER_0_19_57, 34.692, 65.28, 0.000233084
FILLER_0_20_73, 34.692, 65.28, 0.000233084
_0588_, 60.567, 65.28, 0.000317666
_0591_, 60.567, 65.28, 0.000317666
_0602_, 60.567, 65.28, 0.000317666
_0608_, 60.567, 65.28, 0.000317666
_0616_, 60.567, 65.28, 0.000317666
clkbuf_0_clk, 60.567, 65.28, 0.000317666
FILLER_0_19_108, 60.567, 65.28, 0.000317666
FILLER_0_20_115, 60.567, 65.28, 0.000317666
FILLER_0_20_123, 60.567, 65.28, 0.000317666
FILLER_0_20_129, 60.567, 65.28, 0.000317666
FILLER_0_21_132, 60.567, 65.28, 0.000317666
_0598_, 86.442, 65.28, 0.000283635
_0599_, 86.442, 65.28, 0.000283635
_0633_, 86.442, 65.28, 0.000283635
FILLER_0_19_165, 86.442, 65.28, 0.000283635
FILLER_0_20_168, 86.442, 65.28, 0.000283635
PHY_34, 5.52, 59.84, 0.000225648
PHY_36, 5.52, 59.84, 0.000225648
PHY_35, 109.02, 59.84, 0.000285473
PHY_37, 109.02, 59.84, 0.000285473
output19, 109.02, 59.84, 0.000285473
_0538_, 13.637, 59.84, 0.000225648
_1043_, 13.637, 59.84, 0.000225648
FILLER_0_18_15, 13.637, 59.84, 0.000225648
FILLER_0_18_25, 13.637, 59.84, 0.000225648
_0594_, 34.692, 59.84, 0.000216266
_0619_, 34.692, 59.84, 0.000216266
_0810_, 34.692, 59.84, 0.000216266
_0821_, 34.692, 59.84, 0.000216266
_0822_, 34.692, 59.84, 0.000216266
_0834_, 34.692, 59.84, 0.000216266
_0835_, 34.692, 59.84, 0.000216266
_0592_, 60.567, 59.84, 0.000218673
_0613_, 60.567, 59.84, 0.000218673
_0626_, 60.567, 59.84, 0.000218673
FILLER_0_18_121, 60.567, 59.84, 0.000218673
FILLER_0_18_132, 60.567, 59.84, 0.000218673
_0520_, 86.442, 59.84, 0.000258845
_0607_, 86.442, 59.84, 0.000258845
_0610_, 86.442, 59.84, 0.000258845
_0611_, 86.442, 59.84, 0.000258845
_0612_, 86.442, 59.84, 0.000258845
_0677_, 86.442, 59.84, 0.000258845
FILLER_0_17_165, 86.442, 59.84, 0.000258845
FILLER_0_18_180, 86.442, 59.84, 0.000258845
PHY_30, 5.52, 54.4, 0.000182251
PHY_32, 5.52, 54.4, 0.000182251
PHY_31, 109.02, 54.4, 0.000245785
PHY_33, 109.02, 54.4, 0.000245785
_0585_, 34.692, 54.4, 0.000176417
FILLER_0_15_53, 34.692, 54.4, 0.000176417
FILLER_0_15_57, 34.692, 54.4, 0.000176417
_0614_, 60.567, 54.4, 0.000196893
_0627_, 60.567, 54.4, 0.000196893
_0712_, 60.567, 54.4, 0.000196893
_0759_, 60.567, 54.4, 0.000196893
_0760_, 60.567, 54.4, 0.000196893
_0805_, 60.567, 54.4, 0.000196893
_0806_, 60.567, 54.4, 0.000196893
FILLER_0_16_117, 60.567, 54.4, 0.000196893
_0554_, 86.442, 54.4, 0.000235886
_0603_, 86.442, 54.4, 0.000235886
_0604_, 86.442, 54.4, 0.000235886
_0605_, 86.442, 54.4, 0.000235886
_0606_, 86.442, 54.4, 0.000235886
_0617_, 86.442, 54.4, 0.000235886
_0618_, 86.442, 54.4, 0.000235886
_0630_, 86.442, 54.4, 0.000235886
PHY_26, 5.52, 48.96, 0.000194886
PHY_28, 5.52, 48.96, 0.000194886
PHY_27, 109.02, 48.96, 0.000287251
PHY_29, 109.02, 48.96, 0.000287251
output17, 109.02, 48.96, 0.000287251
output18, 109.02, 48.96, 0.000287251
_0536_, 13.637, 48.96, 0.000194886
FILLER_0_14_15, 13.637, 48.96, 0.000194886
_0778_, 34.692, 48.96, 0.000200576
_0791_, 34.692, 48.96, 0.000200576
_0792_, 34.692, 48.96, 0.000200576
_0793_, 34.692, 48.96, 0.000200576
_0794_, 34.692, 48.96, 0.000200576
_0797_, 34.692, 48.96, 0.000200576
_0798_, 34.692, 48.96, 0.000200576
_0799_, 34.692, 48.96, 0.000200576
FILLER_0_13_53, 34.692, 48.96, 0.000200576
FILLER_0_13_60, 34.692, 48.96, 0.000200576
_0711_, 60.567, 48.96, 0.000218106
_0713_, 60.567, 48.96, 0.000218106
_0714_, 60.567, 48.96, 0.000218106
_0725_, 60.567, 48.96, 0.000218106
_0726_, 60.567, 48.96, 0.000218106
_0727_, 60.567, 48.96, 0.000218106
_0758_, 60.567, 48.96, 0.000218106
FILLER_0_14_112, 60.567, 48.96, 0.000218106
FILLER_0_14_131, 60.567, 48.96, 0.000218106
_0555_, 86.442, 48.96, 0.000266237
_0600_, 86.442, 48.96, 0.000266237
_0650_, 86.442, 48.96, 0.000266237
_1051_, 86.442, 48.96, 0.000266237
FILLER_0_13_165, 86.442, 48.96, 0.000266237
FILLER_0_14_165, 86.442, 48.96, 0.000266237
FILLER_0_14_175, 86.442, 48.96, 0.000266237
PHY_22, 5.52, 43.52, 0.000198557
PHY_24, 5.52, 43.52, 0.000198557
PHY_23, 109.02, 43.52, 0.000246571
PHY_25, 109.02, 43.52, 0.000246571
FILLER_0_12_218, 109.02, 43.52, 0.000246571
_0780_, 34.692, 43.52, 0.000199545
_0787_, 34.692, 43.52, 0.000199545
_0790_, 34.692, 43.52, 0.000199545
_0795_, 34.692, 43.52, 0.000199545
FILLER_0_13_71, 34.692, 43.52, 0.000199545
_0706_, 60.567, 43.52, 0.000215921
_0728_, 60.567, 43.52, 0.000215921
_0730_, 60.567, 43.52, 0.000215921
_0741_, 60.567, 43.52, 0.000215921
FILLER_0_12_112, 60.567, 43.52, 0.000215921
FILLER_0_12_129, 60.567, 43.52, 0.000215921
FILLER_0_13_131, 60.567, 43.52, 0.000215921
_0556_, 86.442, 43.52, 0.000242748
_0557_, 86.442, 43.52, 0.000242748
_0639_, 86.442, 43.52, 0.000242748
_0640_, 86.442, 43.52, 0.000242748
_0644_, 86.442, 43.52, 0.000242748
_0666_, 86.442, 43.52, 0.000242748
_0668_, 86.442, 43.52, 0.000242748
FILLER_0_12_172, 86.442, 43.52, 0.000242748
PHY_18, 5.52, 38.08, 0.000213698
PHY_20, 5.52, 38.08, 0.000213698
PHY_19, 109.02, 38.08, 0.000275271
PHY_21, 109.02, 38.08, 0.000275271
_0763_, 34.692, 38.08, 0.000238359
_0764_, 34.692, 38.08, 0.000238359
_0783_, 34.692, 38.08, 0.000238359
_0785_, 34.692, 38.08, 0.000238359
_0786_, 34.692, 38.08, 0.000238359
_0788_, 34.692, 38.08, 0.000238359
_0827_, 34.692, 38.08, 0.000238359
_0828_, 34.692, 38.08, 0.000238359
FILLER_0_10_64, 34.692, 38.08, 0.000238359
_0702_, 60.567, 38.08, 0.000254638
_0703_, 60.567, 38.08, 0.000254638
_0705_, 60.567, 38.08, 0.000254638
_0729_, 60.567, 38.08, 0.000254638
FILLER_0_9_113, 60.567, 38.08, 0.000254638
FILLER_0_10_127, 60.567, 38.08, 0.000254638
_0638_, 86.442, 38.08, 0.000276924
_0643_, 86.442, 38.08, 0.000276924
_0667_, 86.442, 38.08, 0.000276924
_0681_, 86.442, 38.08, 0.000276924
_1052_, 86.442, 38.08, 0.000276924
FILLER_0_9_164, 86.442, 38.08, 0.000276924
FILLER_0_10_164, 86.442, 38.08, 0.000276924
FILLER_0_10_189, 86.442, 38.08, 0.000276924
PHY_14, 5.52, 32.64, 0.000214705
PHY_16, 5.52, 32.64, 0.000214705
PHY_15, 109.02, 32.64, 0.000286477
PHY_17, 109.02, 32.64, 0.000286477
FILLER_0_7_15, 13.637, 32.64, 0.000214705
_0746_, 34.692, 32.64, 0.000236662
_0747_, 34.692, 32.64, 0.000236662
_0749_, 34.692, 32.64, 0.000236662
_0777_, 34.692, 32.64, 0.000236662
_0784_, 34.692, 32.64, 0.000236662
FILLER_0_7_51, 34.692, 32.64, 0.000236662
FILLER_0_7_57, 34.692, 32.64, 0.000236662
FILLER_0_8_77, 34.692, 32.64, 0.000236662
FILLER_0_9_71, 34.692, 32.64, 0.000236662
_0684_, 60.567, 32.64, 0.000321267
_0686_, 60.567, 32.64, 0.000321267
_0698_, 60.567, 32.64, 0.000321267
_0700_, 60.567, 32.64, 0.000321267
_0715_, 60.567, 32.64, 0.000321267
_0732_, 60.567, 32.64, 0.000321267
clkbuf_2_1__f_clk, 60.567, 32.64, 0.000321267
FILLER_0_7_109, 60.567, 32.64, 0.000321267
FILLER_0_7_113, 60.567, 32.64, 0.000321267
FILLER_0_8_109, 60.567, 32.64, 0.000321267
_0649_, 86.442, 32.64, 0.000281801
_0655_, 86.442, 32.64, 0.000281801
FILLER_0_8_189, 86.442, 32.64, 0.000281801
PHY_10, 5.52, 27.2, 0.000250209
PHY_12, 5.52, 27.2, 0.000250209
PHY_11, 109.02, 27.2, 0.000261688
PHY_13, 109.02, 27.2, 0.000261688
FILLER_0_6_215, 109.02, 27.2, 0.000261688
_1041_, 13.637, 27.2, 0.000250209
FILLER_0_7_23, 13.637, 27.2, 0.000250209
_0748_, 34.692, 27.2, 0.000246392
_0753_, 34.692, 27.2, 0.000246392
_0754_, 34.692, 27.2, 0.000246392
_0755_, 34.692, 27.2, 0.000246392
_0756_, 34.692, 27.2, 0.000246392
_0757_, 34.692, 27.2, 0.000246392
_0823_, 34.692, 27.2, 0.000246392
_0824_, 34.692, 27.2, 0.000246392
_0829_, 34.692, 27.2, 0.000246392
FILLER_0_5_51, 34.692, 27.2, 0.000246392
FILLER_0_6_73, 34.692, 27.2, 0.000246392
_0688_, 60.567, 27.2, 0.000249308
_0695_, 60.567, 27.2, 0.000249308
_0696_, 60.567, 27.2, 0.000249308
_0697_, 60.567, 27.2, 0.000249308
_0699_, 60.567, 27.2, 0.000249308
_0737_, 60.567, 27.2, 0.000249308
FILLER_0_6_116, 60.567, 27.2, 0.000249308
_0634_, 86.442, 27.2, 0.000263434
_0637_, 86.442, 27.2, 0.000263434
_0646_, 86.442, 27.2, 0.000263434
_0647_, 86.442, 27.2, 0.000263434
_0651_, 86.442, 27.2, 0.000263434
_0652_, 86.442, 27.2, 0.000263434
_0653_, 86.442, 27.2, 0.000263434
_0654_, 86.442, 27.2, 0.000263434
_0673_, 86.442, 27.2, 0.000263434
_0683_, 86.442, 27.2, 0.000263434
FILLER_0_5_162, 86.442, 27.2, 0.000263434
PHY_6, 5.52, 21.76, 0.000218158
PHY_8, 5.52, 21.76, 0.000218158
PHY_7, 109.02, 21.76, 0.000300577
PHY_9, 109.02, 21.76, 0.000300577
output13, 109.02, 21.76, 0.000300577
output14, 109.02, 21.76, 0.000300577
_0752_, 34.692, 21.76, 0.000233365
_0825_, 34.692, 21.76, 0.000233365
_0830_, 34.692, 21.76, 0.000233365
FILLER_0_3_51, 34.692, 21.76, 0.000233365
FILLER_0_4_53, 34.692, 21.76, 0.000233365
FILLER_0_4_75, 34.692, 21.76, 0.000233365
_0528_, 60.567, 21.76, 0.000244397
_0685_, 60.567, 21.76, 0.000244397
_0687_, 60.567, 21.76, 0.000244397
FILLER_0_3_109, 60.567, 21.76, 0.000244397
_0522_, 86.442, 21.76, 0.0002723
_0690_, 86.442, 21.76, 0.0002723
FILLER_0_3_169, 86.442, 21.76, 0.0002723
FILLER_0_5_189, 86.442, 21.76, 0.0002723
PHY_2, 5.52, 16.32, 0.000223732
PHY_4, 5.52, 16.32, 0.000223732
PHY_3, 109.02, 16.32, 0.00026741
PHY_5, 109.02, 16.32, 0.00026741
_1056_, 34.692, 16.32, 0.000245267
FILLER_0_1_51, 34.692, 16.32, 0.000245267
_0526_, 60.567, 16.32, 0.000266071
_0527_, 60.567, 16.32, 0.000266071
_0529_, 60.567, 16.32, 0.000266071
_1054_, 60.567, 16.32, 0.000266071
FILLER_0_1_109, 60.567, 16.32, 0.000266071
FILLER_0_1_116, 60.567, 16.32, 0.000266071
_0558_, 86.442, 16.32, 0.000285338
_0559_, 86.442, 16.32, 0.000285338
_1036_, 86.442, 16.32, 0.000285338
_1053_, 86.442, 16.32, 0.000285338
FILLER_0_1_164, 86.442, 16.32, 0.000285338
FILLER_0_2_162, 86.442, 16.32, 0.000285338
PHY_0, 5.52, 10.88, 0.000216128
PHY_1, 109.02, 10.88, 0.000266365
output6, 109.02, 10.88, 0.000266365
_0565_, 34.692, 10.88, 0.000227152
FILLER_0_0_53, 34.692, 10.88, 0.000227152
FILLER_0_1_69, 34.692, 10.88, 0.000227152
_1038_, 60.567, 10.88, 0.000255158
FILLER_0_0_109, 60.567, 10.88, 0.000255158
_0523_, 86.442, 10.88, 0.000258258
FILLER_0_0_164, 86.442, 10.88, 0.000258258
FILLER_0_0_169, 86.442, 10.88, 0.000258258
FILLER_0_0_187, 86.442, 10.88, 0.000258258

