OpenROAD 41a51eaf4ca2171c92ff38afb91eb37bbd3f36da 
This program is licensed under the BSD-3 license. See the LICENSE file for details.
Components of this program may be licensed under more restrictive licenses which must be honored.
[INFO]: Reading ODB at '/ula2_test/ula/runs/RUN_2023.09.22_01.54.40/tmp/placement/9-resizer.odb'…
define_corners Typical
read_liberty -corner Typical /home/bignixon/unic-cass/pdks/sky130A/libs.ref/sky130_fd_sc_hd/lib/sky130_fd_sc_hd__tt_025C_1v80.lib
Using 1e-12 for capacitance...
Using 1e+03 for resistance...
Using 1e-09 for time...
Using 1e+00 for voltage...
Using 1e-03 for current...
Using 1e-09 for power...
Using 1e-06 for distance...
Reading design constraints file at '/ula2_test/ula/runs/RUN_2023.09.22_01.54.40/tmp/placement/9-resizer.sdc'…
Placement Analysis
---------------------------------
total displacement          0.0 u
average displacement        0.0 u
max displacement            0.0 u
original HPWL            8700.2 u
legalized HPWL           8960.7 u
delta HPWL                    3 %

[INFO DPL-0020] Mirrored 226 instances
[INFO DPL-0021] HPWL before            8960.7 u
[INFO DPL-0022] HPWL after             8700.2 u
[INFO DPL-0023] HPWL delta               -2.9 %
Setting global connections for newly added cells…
Writing OpenROAD database to '/ula2_test/ula/runs/RUN_2023.09.22_01.54.40/results/placement/ula.odb'…
Writing netlist to '/ula2_test/ula/runs/RUN_2023.09.22_01.54.40/results/placement/ula.nl.v'…
Writing powered netlist to '/ula2_test/ula/runs/RUN_2023.09.22_01.54.40/results/placement/ula.pnl.v'…
Writing layout to '/ula2_test/ula/runs/RUN_2023.09.22_01.54.40/results/placement/ula.def'…
