OpenROAD 41a51eaf4ca2171c92ff38afb91eb37bbd3f36da 
This program is licensed under the BSD-3 license. See the LICENSE file for details.
Components of this program may be licensed under more restrictive licenses which must be honored.
Top-level design name: ula
Block boundaries: 0 0 114760 125480
Horizontal Tracks Origin: 340, Count: 184, Step: 680
Vertical Tracks Origin: 230, Count: 249, Step: 460
Placement details for the #N side
Virtual pin count:  0
Actual pin count:  6
Total pin count:  6
Tracks count:  249
Tracks per pin:  41
Used tracks count:  206
Unused track count:  43
Starting track index:  21
Placement Map:
[230, 690, 1150, 1610, 2070, 2530, 2990, 3450, 3910, 4370, 4830, 5290, 5750, 6210, 6670, 7130, 7590, 8050, 8510, 8970, 9430, [91m9890[0m, 10350, 10810, 11270, 11730, 12190, 12650, 13110, 13570, 14030, 14490, 14950, 15410, 15870, 16330, 16790, 17250, 17710, 18170, 18630, 19090, 19550, 20010, 20470, 20930, 21390, 21850, 22310, 22770, 23230, 23690, 24150, 24610, 25070, 25530, 25990, 26450, 26910, 27370, 27830, 28290, [91m28750[0m, 29210, 29670, 30130, 30590, 31050, 31510, 31970, 32430, 32890, 33350, 33810, 34270, 34730, 35190, 35650, 36110, 36570, 37030, 37490, 37950, 38410, 38870, 39330, 39790, 40250, 40710, 41170, 41630, 42090, 42550, 43010, 43470, 43930, 44390, 44850, 45310, 45770, 46230, 46690, 47150, [91m47610[0m, 48070, 48530, 48990, 49450, 49910, 50370, 50830, 51290, 51750, 52210, 52670, 53130, 53590, 54050, 54510, 54970, 55430, 55890, 56350, 56810, 57270, 57730, 58190, 58650, 59110, 59570, 60030, 60490, 60950, 61410, 61870, 62330, 62790, 63250, 63710, 64170, 64630, 65090, 65550, 66010, [91m66470[0m, 66930, 67390, 67850, 68310, 68770, 69230, 69690, 70150, 70610, 71070, 71530, 71990, 72450, 72910, 73370, 73830, 74290, 74750, 75210, 75670, 76130, 76590, 77050, 77510, 77970, 78430, 78890, 79350, 79810, 80270, 80730, 81190, 81650, 82110, 82570, 83030, 83490, 83950, 84410, 84870, [91m85330[0m, 85790, 86250, 86710, 87170, 87630, 88090, 88550, 89010, 89470, 89930, 90390, 90850, 91310, 91770, 92230, 92690, 93150, 93610, 94070, 94530, 94990, 95450, 95910, 96370, 96830, 97290, 97750, 98210, 98670, 99130, 99590, 100050, 100510, 100970, 101430, 101890, 102350, 102810, 103270, 103730, [91m104190[0m, 104650, 105110, 105570, 106030, 106490, 106950, 107410, 107870, 108330, 108790, 109250, 109710, 110170, 110630, 111090, 111550, 112010, 112470, 112930, 113390, 113850, 114310, ]
Indices of used tracks: [21, 62, 103, 144, 185, 226]
---
Placement details for the #E side
Virtual pin count:  0
Actual pin count:  16
Total pin count:  16
Tracks count:  92
Tracks per pin:  5
Used tracks count:  76
Unused track count:  16
Starting track index:  8
Placement Map:
[340, 1700, 3060, 4420, 5780, 7140, 8500, 9860, [91m11220[0m, 12580, 13940, 15300, 16660, [91m18020[0m, 19380, 20740, 22100, 23460, [91m24820[0m, 26180, 27540, 28900, 30260, [91m31620[0m, 32980, 34340, 35700, 37060, [91m38420[0m, 39780, 41140, 42500, 43860, [91m45220[0m, 46580, 47940, 49300, 50660, [91m52020[0m, 53380, 54740, 56100, 57460, [91m58820[0m, 60180, 61540, 62900, 64260, [91m65620[0m, 66980, 68340, 69700, 71060, [91m72420[0m, 73780, 75140, 76500, 77860, [91m79220[0m, 80580, 81940, 83300, 84660, [91m86020[0m, 87380, 88740, 90100, 91460, [91m92820[0m, 94180, 95540, 96900, 98260, [91m99620[0m, 100980, 102340, 103700, 105060, [91m106420[0m, 107780, 109140, 110500, 111860, [91m113220[0m, 114580, 115940, 117300, 118660, 120020, 121380, 122740, 124100, ]
Indices of used tracks: [8, 13, 18, 23, 28, 33, 38, 43, 48, 53, 58, 63, 68, 73, 78, 83]
---
