
===========================================================================
 report_power
============================================================================
======================= Fastest Corner ===================================

Group                  Internal  Switching    Leakage      Total
                          Power      Power      Power      Power (Watts)
----------------------------------------------------------------
Sequential             2.67e-04   4.90e-05   7.40e-10   3.16e-04  33.1%
Combinational          2.75e-04   3.62e-04   4.21e-09   6.38e-04  66.9%
Macro                  0.00e+00   0.00e+00   0.00e+00   0.00e+00   0.0%
Pad                    0.00e+00   0.00e+00   0.00e+00   0.00e+00   0.0%
----------------------------------------------------------------
Total                  5.42e-04   4.11e-04   4.95e-09   9.53e-04 100.0%
                          56.8%      43.2%       0.0%

======================= Slowest Corner ===================================

Group                  Internal  Switching    Leakage      Total
                          Power      Power      Power      Power (Watts)
----------------------------------------------------------------
Sequential             1.80e-04   3.22e-05   7.14e-07   2.13e-04  32.5%
Combinational          2.01e-04   2.39e-04   2.04e-06   4.42e-04  67.5%
Macro                  0.00e+00   0.00e+00   0.00e+00   0.00e+00   0.0%
Pad                    0.00e+00   0.00e+00   0.00e+00   0.00e+00   0.0%
----------------------------------------------------------------
Total                  3.81e-04   2.71e-04   2.75e-06   6.55e-04 100.0%
                          58.2%      41.4%       0.4%

======================= Typical Corner ===================================

Group                  Internal  Switching    Leakage      Total
                          Power      Power      Power      Power (Watts)
----------------------------------------------------------------
Sequential             2.31e-04   4.12e-05   4.05e-10   2.72e-04  33.0%
Combinational          2.46e-04   3.06e-04   2.65e-09   5.52e-04  67.0%
Macro                  0.00e+00   0.00e+00   0.00e+00   0.00e+00   0.0%
Pad                    0.00e+00   0.00e+00   0.00e+00   0.00e+00   0.0%
----------------------------------------------------------------
Total                  4.77e-04   3.47e-04   3.05e-09   8.24e-04 100.0%
                          57.9%      42.1%       0.0%

