
===========================================================================
 report_power
============================================================================
======================= Fastest Corner ===================================

Group                  Internal  Switching    Leakage      Total
                          Power      Power      Power      Power (Watts)
----------------------------------------------------------------
Sequential             2.67e-04   4.61e-05   7.40e-10   3.13e-04  33.7%
Combinational          2.75e-04   3.42e-04   4.21e-09   6.16e-04  66.3%
Macro                  0.00e+00   0.00e+00   0.00e+00   0.00e+00   0.0%
Pad                    0.00e+00   0.00e+00   0.00e+00   0.00e+00   0.0%
----------------------------------------------------------------
Total                  5.42e-04   3.88e-04   4.95e-09   9.29e-04 100.0%
                          58.3%      41.7%       0.0%

======================= Slowest Corner ===================================

Group                  Internal  Switching    Leakage      Total
                          Power      Power      Power      Power (Watts)
----------------------------------------------------------------
Sequential             1.80e-04   3.02e-05   7.14e-07   2.11e-04  33.1%
Combinational          2.01e-04   2.25e-04   2.04e-06   4.28e-04  66.9%
Macro                  0.00e+00   0.00e+00   0.00e+00   0.00e+00   0.0%
Pad                    0.00e+00   0.00e+00   0.00e+00   0.00e+00   0.0%
----------------------------------------------------------------
Total                  3.81e-04   2.55e-04   2.75e-06   6.39e-04 100.0%
                          59.7%      39.9%       0.4%

======================= Typical Corner ===================================

Group                  Internal  Switching    Leakage      Total
                          Power      Power      Power      Power (Watts)
----------------------------------------------------------------
Sequential             2.31e-04   3.87e-05   4.05e-10   2.69e-04  33.5%
Combinational          2.46e-04   2.88e-04   2.65e-09   5.34e-04  66.5%
Macro                  0.00e+00   0.00e+00   0.00e+00   0.00e+00   0.0%
Pad                    0.00e+00   0.00e+00   0.00e+00   0.00e+00   0.0%
----------------------------------------------------------------
Total                  4.76e-04   3.27e-04   3.05e-09   8.03e-04 100.0%
                          59.3%      40.7%       0.0%

