
===========================================================================
report_checks -unconstrained
===========================================================================
======================= Fastest Corner ===================================

Startpoint: op[0] (input port clocked by clk)
Endpoint: _1079_ (rising edge-triggered flip-flop clocked by clk)
Path Group: clk
Path Type: max
Corner: Fastest

Fanout     Cap    Slew   Delay    Time   Description
-----------------------------------------------------------------------------
                          0.00    0.00   clock clk (rise edge)
                          0.00    0.00   clock network delay (propagated)
                          2.00    2.00 ^ input external delay
                  0.02    0.01    2.01 ^ op[0] (in)
     1    0.00                           op[0] (net)
                  0.02    0.00    2.01 ^ input3/A (sky130_fd_sc_hd__buf_4)
                  0.12    0.14    2.14 ^ input3/X (sky130_fd_sc_hd__buf_4)
     8    0.06                           net3 (net)
                  0.12    0.00    2.15 ^ _0587_/A (sky130_fd_sc_hd__inv_4)
                  0.03    0.03    2.18 v _0587_/Y (sky130_fd_sc_hd__inv_4)
     3    0.01                           _0086_ (net)
                  0.03    0.00    2.18 v _0588_/B (sky130_fd_sc_hd__nor2_4)
                  0.20    0.17    2.35 ^ _0588_/Y (sky130_fd_sc_hd__nor2_4)
     8    0.04                           _0087_ (net)
                  0.20    0.00    2.35 ^ _0619_/A (sky130_fd_sc_hd__nand2_4)
                  0.09    0.08    2.43 v _0619_/Y (sky130_fd_sc_hd__nand2_4)
     9    0.04                           _0117_ (net)
                  0.09    0.00    2.43 v _0620_/A2 (sky130_fd_sc_hd__o21ai_1)
                  0.14    0.16    2.59 ^ _0620_/Y (sky130_fd_sc_hd__o21ai_1)
     3    0.01                           _0118_ (net)
                  0.14    0.00    2.59 ^ _0641_/A1 (sky130_fd_sc_hd__o21ai_1)
                  0.06    0.08    2.67 v _0641_/Y (sky130_fd_sc_hd__o21ai_1)
     2    0.01                           _0138_ (net)
                  0.06    0.00    2.67 v _0708_/A (sky130_fd_sc_hd__nand2_1)
                  0.04    0.05    2.72 ^ _0708_/Y (sky130_fd_sc_hd__nand2_1)
     1    0.00                           _0203_ (net)
                  0.04    0.00    2.72 ^ _0710_/A (sky130_fd_sc_hd__nand2_1)
                  0.06    0.06    2.78 v _0710_/Y (sky130_fd_sc_hd__nand2_1)
     4    0.01                           _0205_ (net)
                  0.06    0.00    2.78 v _0806_/A (sky130_fd_sc_hd__nand2_1)
                  0.06    0.07    2.85 ^ _0806_/Y (sky130_fd_sc_hd__nand2_1)
     2    0.01                           _0297_ (net)
                  0.06    0.00    2.85 ^ _0814_/A (sky130_fd_sc_hd__nand2_1)
                  0.06    0.06    2.91 v _0814_/Y (sky130_fd_sc_hd__nand2_1)
     3    0.01                           _0305_ (net)
                  0.06    0.00    2.91 v _0940_/A (sky130_fd_sc_hd__nand2_1)
                  0.03    0.05    2.96 ^ _0940_/Y (sky130_fd_sc_hd__nand2_1)
     1    0.00                           _0427_ (net)
                  0.03    0.00    2.96 ^ _0943_/A (sky130_fd_sc_hd__nand2_1)
                  0.06    0.06    3.01 v _0943_/Y (sky130_fd_sc_hd__nand2_1)
     3    0.01                           _0430_ (net)
                  0.06    0.00    3.01 v _0945_/A (sky130_fd_sc_hd__nand2_1)
                  0.05    0.07    3.08 ^ _0945_/Y (sky130_fd_sc_hd__nand2_1)
     2    0.01                           _0432_ (net)
                  0.05    0.00    3.08 ^ _0968_/A (sky130_fd_sc_hd__nand2_1)
                  0.03    0.04    3.12 v _0968_/Y (sky130_fd_sc_hd__nand2_1)
     2    0.01                           _0454_ (net)
                  0.03    0.00    3.12 v _0969_/B (sky130_fd_sc_hd__or2_1)
                  0.03    0.12    3.25 v _0969_/X (sky130_fd_sc_hd__or2_1)
     1    0.00                           _0455_ (net)
                  0.03    0.00    3.25 v _0971_/A (sky130_fd_sc_hd__nand3_1)
                  0.05    0.05    3.29 ^ _0971_/Y (sky130_fd_sc_hd__nand3_1)
     1    0.00                           _0457_ (net)
                  0.05    0.00    3.29 ^ _0973_/B (sky130_fd_sc_hd__nand3_1)
                  0.05    0.06    3.35 v _0973_/Y (sky130_fd_sc_hd__nand3_1)
     1    0.01                           _0459_ (net)
                  0.05    0.00    3.35 v _0974_/A (sky130_fd_sc_hd__nand2_1)
                  0.04    0.04    3.39 ^ _0974_/Y (sky130_fd_sc_hd__nand2_1)
     1    0.00                           _0460_ (net)
                  0.04    0.00    3.39 ^ _0976_/A (sky130_fd_sc_hd__nand2_1)
                  0.02    0.03    3.42 v _0976_/Y (sky130_fd_sc_hd__nand2_1)
     1    0.00                           _0045_ (net)
                  0.02    0.00    3.42 v _1079_/D (sky130_fd_sc_hd__dfxtp_1)
                                  3.42   data arrival time

                         10.00   10.00   clock clk (rise edge)
                          0.00   10.00   clock source latency
                  0.05    0.03   10.03 ^ clk (in)
     1    0.01                           clk (net)
                  0.05    0.00   10.03 ^ clkbuf_0_clk/A (sky130_fd_sc_hd__clkbuf_16)
                  0.04    0.10   10.13 ^ clkbuf_0_clk/X (sky130_fd_sc_hd__clkbuf_16)
     4    0.04                           clknet_0_clk (net)
                  0.04    0.00   10.13 ^ clkbuf_2_3__f_clk/A (sky130_fd_sc_hd__clkbuf_16)
                  0.05    0.10   10.23 ^ clkbuf_2_3__f_clk/X (sky130_fd_sc_hd__clkbuf_16)
    15    0.05                           clknet_2_3__leaf_clk (net)
                  0.05    0.00   10.23 ^ _1079_/CLK (sky130_fd_sc_hd__dfxtp_1)
                         -0.25    9.98   clock uncertainty
                          0.00    9.98   clock reconvergence pessimism
                         -0.06    9.92   library setup time
                                  9.92   data required time
-----------------------------------------------------------------------------
                                  9.92   data required time
                                 -3.42   data arrival time
-----------------------------------------------------------------------------
                                  6.50   slack (MET)



======================= Slowest Corner ===================================

Startpoint: op[0] (input port clocked by clk)
Endpoint: _1079_ (rising edge-triggered flip-flop clocked by clk)
Path Group: clk
Path Type: max
Corner: Slowest

Fanout     Cap    Slew   Delay    Time   Description
-----------------------------------------------------------------------------
                          0.00    0.00   clock clk (rise edge)
                          0.00    0.00   clock network delay (propagated)
                          2.00    2.00 ^ input external delay
                  0.04    0.02    2.02 ^ op[0] (in)
     1    0.00                           op[0] (net)
                  0.04    0.00    2.02 ^ input3/A (sky130_fd_sc_hd__buf_4)
                  0.25    0.34    2.36 ^ input3/X (sky130_fd_sc_hd__buf_4)
     8    0.05                           net3 (net)
                  0.25    0.00    2.36 ^ _0587_/A (sky130_fd_sc_hd__inv_4)
                  0.07    0.14    2.50 v _0587_/Y (sky130_fd_sc_hd__inv_4)
     3    0.01                           _0086_ (net)
                  0.07    0.00    2.50 v _0588_/B (sky130_fd_sc_hd__nor2_4)
                  0.45    0.41    2.91 ^ _0588_/Y (sky130_fd_sc_hd__nor2_4)
     8    0.04                           _0087_ (net)
                  0.45    0.00    2.91 ^ _0619_/A (sky130_fd_sc_hd__nand2_4)
                  0.22    0.33    3.24 v _0619_/Y (sky130_fd_sc_hd__nand2_4)
     9    0.04                           _0117_ (net)
                  0.22    0.00    3.24 v _0620_/A2 (sky130_fd_sc_hd__o21ai_1)
                  0.33    0.39    3.63 ^ _0620_/Y (sky130_fd_sc_hd__o21ai_1)
     3    0.01                           _0118_ (net)
                  0.33    0.00    3.63 ^ _0641_/A1 (sky130_fd_sc_hd__o21ai_1)
                  0.18    0.32    3.95 v _0641_/Y (sky130_fd_sc_hd__o21ai_1)
     2    0.01                           _0138_ (net)
                  0.18    0.00    3.95 v _0708_/A (sky130_fd_sc_hd__nand2_1)
                  0.09    0.15    4.10 ^ _0708_/Y (sky130_fd_sc_hd__nand2_1)
     1    0.00                           _0203_ (net)
                  0.09    0.00    4.10 ^ _0710_/A (sky130_fd_sc_hd__nand2_1)
                  0.20    0.21    4.31 v _0710_/Y (sky130_fd_sc_hd__nand2_1)
     4    0.01                           _0205_ (net)
                  0.20    0.00    4.31 v _0806_/A (sky130_fd_sc_hd__nand2_1)
                  0.12    0.20    4.50 ^ _0806_/Y (sky130_fd_sc_hd__nand2_1)
     2    0.01                           _0297_ (net)
                  0.12    0.00    4.50 ^ _0814_/A (sky130_fd_sc_hd__nand2_1)
                  0.20    0.22    4.73 v _0814_/Y (sky130_fd_sc_hd__nand2_1)
     3    0.01                           _0305_ (net)
                  0.20    0.00    4.73 v _0940_/A (sky130_fd_sc_hd__nand2_1)
                  0.08    0.15    4.88 ^ _0940_/Y (sky130_fd_sc_hd__nand2_1)
     1    0.00                           _0427_ (net)
                  0.08    0.00    4.88 ^ _0943_/A (sky130_fd_sc_hd__nand2_1)
                  0.20    0.21    5.09 v _0943_/Y (sky130_fd_sc_hd__nand2_1)
     3    0.01                           _0430_ (net)
                  0.20    0.00    5.09 v _0945_/A (sky130_fd_sc_hd__nand2_1)
                  0.12    0.19    5.28 ^ _0945_/Y (sky130_fd_sc_hd__nand2_1)
     2    0.01                           _0432_ (net)
                  0.12    0.00    5.28 ^ _0968_/A (sky130_fd_sc_hd__nand2_1)
                  0.11    0.15    5.44 v _0968_/Y (sky130_fd_sc_hd__nand2_1)
     2    0.01                           _0454_ (net)
                  0.11    0.00    5.44 v _0969_/B (sky130_fd_sc_hd__or2_1)
                  0.10    0.49    5.93 v _0969_/X (sky130_fd_sc_hd__or2_1)
     1    0.00                           _0455_ (net)
                  0.10    0.00    5.93 v _0971_/A (sky130_fd_sc_hd__nand3_1)
                  0.10    0.12    6.05 ^ _0971_/Y (sky130_fd_sc_hd__nand3_1)
     1    0.00                           _0457_ (net)
                  0.10    0.00    6.05 ^ _0973_/B (sky130_fd_sc_hd__nand3_1)
                  0.19    0.24    6.29 v _0973_/Y (sky130_fd_sc_hd__nand3_1)
     1    0.01                           _0459_ (net)
                  0.19    0.00    6.29 v _0974_/A (sky130_fd_sc_hd__nand2_1)
                  0.08    0.15    6.44 ^ _0974_/Y (sky130_fd_sc_hd__nand2_1)
     1    0.00                           _0460_ (net)
                  0.08    0.00    6.44 ^ _0976_/A (sky130_fd_sc_hd__nand2_1)
                  0.06    0.10    6.53 v _0976_/Y (sky130_fd_sc_hd__nand2_1)
     1    0.00                           _0045_ (net)
                  0.06    0.00    6.53 v _1079_/D (sky130_fd_sc_hd__dfxtp_1)
                                  6.53   data arrival time

                         10.00   10.00   clock clk (rise edge)
                          0.00   10.00   clock source latency
                  0.11    0.07   10.07 ^ clk (in)
     1    0.01                           clk (net)
                  0.11    0.00   10.07 ^ clkbuf_0_clk/A (sky130_fd_sc_hd__clkbuf_16)
                  0.09    0.25   10.33 ^ clkbuf_0_clk/X (sky130_fd_sc_hd__clkbuf_16)
     4    0.04                           clknet_0_clk (net)
                  0.09    0.00   10.33 ^ clkbuf_2_3__f_clk/A (sky130_fd_sc_hd__clkbuf_16)
                  0.10    0.25   10.58 ^ clkbuf_2_3__f_clk/X (sky130_fd_sc_hd__clkbuf_16)
    15    0.04                           clknet_2_3__leaf_clk (net)
                  0.10    0.00   10.58 ^ _1079_/CLK (sky130_fd_sc_hd__dfxtp_1)
                         -0.25   10.33   clock uncertainty
                          0.00   10.33   clock reconvergence pessimism
                         -0.26   10.07   library setup time
                                 10.07   data required time
-----------------------------------------------------------------------------
                                 10.07   data required time
                                 -6.53   data arrival time
-----------------------------------------------------------------------------
                                  3.54   slack (MET)



======================= Typical Corner ===================================

Startpoint: op[0] (input port clocked by clk)
Endpoint: _1079_ (rising edge-triggered flip-flop clocked by clk)
Path Group: clk
Path Type: max
Corner: Typical

Fanout     Cap    Slew   Delay    Time   Description
-----------------------------------------------------------------------------
                          0.00    0.00   clock clk (rise edge)
                          0.00    0.00   clock network delay (propagated)
                          2.00    2.00 ^ input external delay
                  0.02    0.01    2.01 ^ op[0] (in)
     1    0.00                           op[0] (net)
                  0.02    0.00    2.01 ^ input3/A (sky130_fd_sc_hd__buf_4)
                  0.16    0.19    2.21 ^ input3/X (sky130_fd_sc_hd__buf_4)
     8    0.05                           net3 (net)
                  0.16    0.00    2.21 ^ _0587_/A (sky130_fd_sc_hd__inv_4)
                  0.04    0.06    2.27 v _0587_/Y (sky130_fd_sc_hd__inv_4)
     3    0.01                           _0086_ (net)
                  0.04    0.00    2.27 v _0588_/B (sky130_fd_sc_hd__nor2_4)
                  0.27    0.24    2.51 ^ _0588_/Y (sky130_fd_sc_hd__nor2_4)
     8    0.04                           _0087_ (net)
                  0.27    0.00    2.51 ^ _0619_/A (sky130_fd_sc_hd__nand2_4)
                  0.12    0.16    2.67 v _0619_/Y (sky130_fd_sc_hd__nand2_4)
     9    0.04                           _0117_ (net)
                  0.12    0.00    2.67 v _0620_/A2 (sky130_fd_sc_hd__o21ai_1)
                  0.19    0.23    2.89 ^ _0620_/Y (sky130_fd_sc_hd__o21ai_1)
     3    0.01                           _0118_ (net)
                  0.19    0.00    2.89 ^ _0641_/A1 (sky130_fd_sc_hd__o21ai_1)
                  0.09    0.14    3.03 v _0641_/Y (sky130_fd_sc_hd__o21ai_1)
     2    0.01                           _0138_ (net)
                  0.09    0.00    3.03 v _0708_/A (sky130_fd_sc_hd__nand2_1)
                  0.05    0.08    3.11 ^ _0708_/Y (sky130_fd_sc_hd__nand2_1)
     1    0.00                           _0203_ (net)
                  0.05    0.00    3.11 ^ _0710_/A (sky130_fd_sc_hd__nand2_1)
                  0.09    0.09    3.21 v _0710_/Y (sky130_fd_sc_hd__nand2_1)
     4    0.01                           _0205_ (net)
                  0.09    0.00    3.21 v _0806_/A (sky130_fd_sc_hd__nand2_1)
                  0.08    0.10    3.31 ^ _0806_/Y (sky130_fd_sc_hd__nand2_1)
     2    0.01                           _0297_ (net)
                  0.08    0.00    3.31 ^ _0814_/A (sky130_fd_sc_hd__nand2_1)
                  0.09    0.10    3.41 v _0814_/Y (sky130_fd_sc_hd__nand2_1)
     3    0.01                           _0305_ (net)
                  0.09    0.00    3.41 v _0940_/A (sky130_fd_sc_hd__nand2_1)
                  0.04    0.08    3.48 ^ _0940_/Y (sky130_fd_sc_hd__nand2_1)
     1    0.00                           _0427_ (net)
                  0.04    0.00    3.48 ^ _0943_/A (sky130_fd_sc_hd__nand2_1)
                  0.09    0.09    3.58 v _0943_/Y (sky130_fd_sc_hd__nand2_1)
     3    0.01                           _0430_ (net)
                  0.09    0.00    3.58 v _0945_/A (sky130_fd_sc_hd__nand2_1)
                  0.07    0.10    3.68 ^ _0945_/Y (sky130_fd_sc_hd__nand2_1)
     2    0.01                           _0432_ (net)
                  0.07    0.00    3.68 ^ _0968_/A (sky130_fd_sc_hd__nand2_1)
                  0.05    0.07    3.75 v _0968_/Y (sky130_fd_sc_hd__nand2_1)
     2    0.01                           _0454_ (net)
                  0.05    0.00    3.75 v _0969_/B (sky130_fd_sc_hd__or2_1)
                  0.05    0.21    3.96 v _0969_/X (sky130_fd_sc_hd__or2_1)
     1    0.00                           _0455_ (net)
                  0.05    0.00    3.96 v _0971_/A (sky130_fd_sc_hd__nand3_1)
                  0.06    0.07    4.02 ^ _0971_/Y (sky130_fd_sc_hd__nand3_1)
     1    0.00                           _0457_ (net)
                  0.06    0.00    4.02 ^ _0973_/B (sky130_fd_sc_hd__nand3_1)
                  0.08    0.10    4.12 v _0973_/Y (sky130_fd_sc_hd__nand3_1)
     1    0.01                           _0459_ (net)
                  0.08    0.00    4.12 v _0974_/A (sky130_fd_sc_hd__nand2_1)
                  0.05    0.07    4.20 ^ _0974_/Y (sky130_fd_sc_hd__nand2_1)
     1    0.00                           _0460_ (net)
                  0.05    0.00    4.20 ^ _0976_/A (sky130_fd_sc_hd__nand2_1)
                  0.03    0.04    4.24 v _0976_/Y (sky130_fd_sc_hd__nand2_1)
     1    0.00                           _0045_ (net)
                  0.03    0.00    4.24 v _1079_/D (sky130_fd_sc_hd__dfxtp_1)
                                  4.24   data arrival time

                         10.00   10.00   clock clk (rise edge)
                          0.00   10.00   clock source latency
                  0.07    0.05   10.05 ^ clk (in)
     1    0.01                           clk (net)
                  0.07    0.00   10.05 ^ clkbuf_0_clk/A (sky130_fd_sc_hd__clkbuf_16)
                  0.06    0.14   10.19 ^ clkbuf_0_clk/X (sky130_fd_sc_hd__clkbuf_16)
     4    0.04                           clknet_0_clk (net)
                  0.06    0.00   10.19 ^ clkbuf_2_3__f_clk/A (sky130_fd_sc_hd__clkbuf_16)
                  0.06    0.14   10.33 ^ clkbuf_2_3__f_clk/X (sky130_fd_sc_hd__clkbuf_16)
    15    0.04                           clknet_2_3__leaf_clk (net)
                  0.06    0.00   10.33 ^ _1079_/CLK (sky130_fd_sc_hd__dfxtp_1)
                         -0.25   10.08   clock uncertainty
                          0.00   10.08   clock reconvergence pessimism
                         -0.10    9.99   library setup time
                                  9.99   data required time
-----------------------------------------------------------------------------
                                  9.99   data required time
                                 -4.24   data arrival time
-----------------------------------------------------------------------------
                                  5.75   slack (MET)




===========================================================================
report_checks --slack_max -0.01
============================================================================
======================= Fastest Corner ===================================

No paths found.

======================= Slowest Corner ===================================

No paths found.

======================= Typical Corner ===================================

No paths found.


===========================================================================
 report_check_types -max_slew -max_cap -max_fanout -violators
============================================================================
======================= Fastest Corner ===================================

max fanout

Pin                                   Limit Fanout  Slack
---------------------------------------------------------
clkbuf_2_3__f_clk/X                      10     15     -5 (VIOLATED)
clkbuf_2_1__f_clk/X                      10     13     -3 (VIOLATED)


======================= Slowest Corner ===================================

max fanout

Pin                                   Limit Fanout  Slack
---------------------------------------------------------
clkbuf_2_3__f_clk/X                      10     15     -5 (VIOLATED)
clkbuf_2_1__f_clk/X                      10     13     -3 (VIOLATED)


======================= Typical Corner ===================================

max fanout

Pin                                   Limit Fanout  Slack
---------------------------------------------------------
clkbuf_2_3__f_clk/X                      10     15     -5 (VIOLATED)
clkbuf_2_1__f_clk/X                      10     13     -3 (VIOLATED)



===========================================================================
report_parasitic_annotation -report_unannotated
============================================================================
Found 0 unannotated drivers.
Found 0 partially unannotated drivers.

===========================================================================
max slew violation count 0
max fanout violation count 2
max cap violation count 0
============================================================================

===========================================================================
check_setup -verbose -unconstrained_endpoints -multiple_clock -no_clock -no_input_delay -loops -generated_clocks
===========================================================================
